[0.040s] Invoking command in '/home/irg/irg/SemanticPolicies/ros2/build/policy_translation': CMAKE_PREFIX_PATH=${CMAKE_PREFIX_PATH}:/home/irg/ros2_eloquent/install/ros2bag:/home/irg/ros2_eloquent/install/tracetools_launch:/home/irg/ros2_eloquent/install/topic_monitor:/home/irg/ros2_eloquent/install/examples_tf2_py:/home/irg/ros2_eloquent/install/sros2:/home/irg/ros2_eloquent/install/rqt_topic:/home/irg/ros2_eloquent/install/rqt_reconfigure:/home/irg/ros2_eloquent/install/rqt_action:/home/irg/ros2_eloquent/install/rqt_console:/home/irg/ros2_eloquent/install/rqt:/home/irg/ros2_eloquent/install/rqt_graph:/home/irg/ros2_eloquent/install/rqt_gui_py:/home/irg/ros2_eloquent/install/rqt_gui:/home/irg/ros2_eloquent/install/ros2trace:/home/irg/ros2_eloquent/install/ros2topic:/home/irg/ros2_eloquent/install/ros2test:/home/irg/ros2_eloquent/install/ros2srv:/home/irg/ros2_eloquent/install/ros2component:/home/irg/ros2_eloquent/install/ros2param:/home/irg/ros2_eloquent/install/ros2lifecycle:/home/irg/ros2_eloquent/install/ros2service:/home/irg/ros2_eloquent/install/ros2run:/home/irg/ros2_eloquent/install/ros2launch:/home/irg/ros2_eloquent/install/ros2pkg:/home/irg/ros2_eloquent/install/ros2node:/home/irg/ros2_eloquent/install/ros2multicast:/home/irg/ros2_eloquent/install/ros2msg:/home/irg/ros2_eloquent/install/ros2interface:/home/irg/ros2_eloquent/install/ros2doctor:/home/irg/ros2_eloquent/install/ros2action:/home/irg/ros2_eloquent/install/ros2cli:/home/irg/ros2_eloquent/install/quality_of_service_demo_py:/home/irg/ros2_eloquent/install/launch_testing_ros:/home/irg/ros2_eloquent/install/launch_ros:/home/irg/ros2_eloquent/install/examples_rclpy_minimal_subscriber:/home/irg/ros2_eloquent/install/examples_rclpy_minimal_service:/home/irg/ros2_eloquent/install/examples_rclpy_minimal_publisher:/home/irg/ros2_eloquent/install/examples_rclpy_minimal_client:/home/irg/ros2_eloquent/install/examples_rclpy_minimal_action_server:/home/irg/ros2_eloquent/install/examples_rclpy_minimal_action_client:/home/irg/ros2_eloquent/install/examples_rclpy_executors:/home/irg/ros2_eloquent/install/demo_nodes_py:/home/irg/ros2_eloquent/install/action_tutorials_py:/home/irg/ros2_eloquent/install/ament_uncrustify:/home/irg/ros2_eloquent/install/tracetools_trace:/home/irg/ros2_eloquent/install/tracetools_read:/home/irg/ros2_eloquent/install/test_launch_ros:/home/irg/ros2_eloquent/install/rosidl_runtime_py:/home/irg/ros2_eloquent/install/launch_yaml:/home/irg/ros2_eloquent/install/launch_xml:/home/irg/ros2_eloquent/install/launch_testing:/home/irg/ros2_eloquent/install/launch:/home/irg/ros2_eloquent/install/osrf_pycommon:/home/irg/ros2_eloquent/install/domain_coordinator:/home/irg/ros2_eloquent/install/ament_xmllint:/home/irg/ros2_eloquent/install/ament_pyflakes:/home/irg/ros2_eloquent/install/ament_pep8:/home/irg/ros2_eloquent/install/ament_pep257:/home/irg/ros2_eloquent/install/ament_pclint:/home/irg/ros2_eloquent/install/ament_package:/home/irg/ros2_eloquent/install/ament_mypy:/home/irg/ros2_eloquent/install/ament_lint_cmake:/home/irg/ros2_eloquent/install/ament_flake8:/home/irg/ros2_eloquent/install/ament_copyright:/home/irg/ros2_eloquent/install/ament_lint:/home/irg/ros2_eloquent/install/ament_index_python:/home/irg/ros2_eloquent/install/ament_cpplint:/home/irg/ros2_eloquent/install/ament_cppcheck:/home/irg/ros2_eloquent/install/ament_clang_tidy:/home/irg/ros2_eloquent/install/ament_clang_format:/opt/ros/eloquent CONDA_PROMPT_MODIFIER=(lang_pol) /usr/bin/cmake /home/irg/irg/SemanticPolicies/ros2/src/policy_translation -DCMAKE_INSTALL_PREFIX=/home/irg/irg/SemanticPolicies/ros2/install/policy_translation
[0.141s] -- The C compiler identification is GNU 7.5.0
[0.227s] -- The CXX compiler identification is GNU 7.5.0
[0.238s] -- Check for working C compiler: /usr/bin/cc
[0.356s] -- Check for working C compiler: /usr/bin/cc -- works
[0.356s] -- Detecting C compiler ABI info
[0.478s] -- Detecting C compiler ABI info - done
[0.482s] -- Detecting C compile features
[0.839s] -- Detecting C compile features - done
[0.841s] -- Check for working CXX compiler: /usr/bin/c++
[0.966s] -- Check for working CXX compiler: /usr/bin/c++ -- works
[0.967s] -- Detecting CXX compiler ABI info
[1.095s] -- Detecting CXX compiler ABI info - done
[1.100s] -- Detecting CXX compile features
[1.636s] -- Detecting CXX compile features - done
[1.651s] -- Found ament_cmake: 0.8.3 (/home/irg/ros2_eloquent/install/ament_cmake/share/ament_cmake/cmake)
[1.746s] -- Found PythonInterp: /usr/bin/python3 (found suitable version "3.6.9", minimum required is "3") 
[1.746s] -- Using PYTHON_EXECUTABLE: /usr/bin/python3
[2.277s] -- Found rosidl_default_generators: 0.8.0 (/home/irg/ros2_eloquent/install/rosidl_default_generators/share/rosidl_default_generators/cmake)
[2.421s] -- Found rosidl_adapter: 0.8.3 (/home/irg/ros2_eloquent/install/rosidl_adapter/share/rosidl_adapter/cmake)
[2.676s] -- Found OpenSSL: /usr/lib/x86_64-linux-gnu/libcrypto.so (found version "1.1.1") 
[2.730s] -- Found FastRTPS: /home/irg/ros2_eloquent/install/fastrtps/include  
[2.902s] -- Found sensor_msgs: 0.8.1 (/home/irg/ros2_eloquent/install/sensor_msgs/share/sensor_msgs/cmake)
[3.049s] -- Found PythonInterp: /usr/bin/python3 (found version "3.6.9") 
[3.457s] -- Using all available rosidl_typesupport_c: rosidl_typesupport_introspection_c;rosidl_typesupport_fastrtps_c
[4.069s] -- Using all available rosidl_typesupport_cpp: rosidl_typesupport_introspection_cpp;rosidl_typesupport_fastrtps_cpp
[7.787s] -- Found rmw_implementation_cmake: 0.8.1 (/home/irg/ros2_eloquent/install/rmw_implementation_cmake/share/rmw_implementation_cmake/cmake)
[7.852s] -- Found PythonInterp: /usr/bin/python3 (found suitable version "3.6.9", minimum required is "3.5") 
[7.865s] -- Found python_cmake_module: 0.8.0 (/home/irg/ros2_eloquent/install/python_cmake_module/share/python_cmake_module/cmake)
[8.118s] -- Found PythonLibs: /usr/lib/x86_64-linux-gnu/libpython3.6m.so (found suitable version "3.6.9", minimum required is "3.5") 
[8.118s] -- Using PYTHON_EXECUTABLE: /usr/bin/python3
[8.118s] -- Using PYTHON_INCLUDE_DIRS: /usr/include/python3.6m
[8.118s] -- Using PYTHON_LIBRARIES: /usr/lib/x86_64-linux-gnu/libpython3.6m.so
[8.180s] -- Found PythonExtra: .so  
[10.368s] -- Found ament_lint_auto: 0.8.2 (/home/irg/ros2_eloquent/install/ament_lint_auto/share/ament_lint_auto/cmake)
[10.487s] -- Added test 'lint_cmake' to check CMake code style
[10.491s] -- Added test 'xmllint' to check XML markup files
[10.502s] -- Configuring done
[10.729s] -- Generating done
[10.732s] -- Build files have been written to: /home/irg/irg/SemanticPolicies/ros2/build/policy_translation
[10.740s] Invoked command in '/home/irg/irg/SemanticPolicies/ros2/build/policy_translation' returned '0': CMAKE_PREFIX_PATH=${CMAKE_PREFIX_PATH}:/home/irg/ros2_eloquent/install/ros2bag:/home/irg/ros2_eloquent/install/tracetools_launch:/home/irg/ros2_eloquent/install/topic_monitor:/home/irg/ros2_eloquent/install/examples_tf2_py:/home/irg/ros2_eloquent/install/sros2:/home/irg/ros2_eloquent/install/rqt_topic:/home/irg/ros2_eloquent/install/rqt_reconfigure:/home/irg/ros2_eloquent/install/rqt_action:/home/irg/ros2_eloquent/install/rqt_console:/home/irg/ros2_eloquent/install/rqt:/home/irg/ros2_eloquent/install/rqt_graph:/home/irg/ros2_eloquent/install/rqt_gui_py:/home/irg/ros2_eloquent/install/rqt_gui:/home/irg/ros2_eloquent/install/ros2trace:/home/irg/ros2_eloquent/install/ros2topic:/home/irg/ros2_eloquent/install/ros2test:/home/irg/ros2_eloquent/install/ros2srv:/home/irg/ros2_eloquent/install/ros2component:/home/irg/ros2_eloquent/install/ros2param:/home/irg/ros2_eloquent/install/ros2lifecycle:/home/irg/ros2_eloquent/install/ros2service:/home/irg/ros2_eloquent/install/ros2run:/home/irg/ros2_eloquent/install/ros2launch:/home/irg/ros2_eloquent/install/ros2pkg:/home/irg/ros2_eloquent/install/ros2node:/home/irg/ros2_eloquent/install/ros2multicast:/home/irg/ros2_eloquent/install/ros2msg:/home/irg/ros2_eloquent/install/ros2interface:/home/irg/ros2_eloquent/install/ros2doctor:/home/irg/ros2_eloquent/install/ros2action:/home/irg/ros2_eloquent/install/ros2cli:/home/irg/ros2_eloquent/install/quality_of_service_demo_py:/home/irg/ros2_eloquent/install/launch_testing_ros:/home/irg/ros2_eloquent/install/launch_ros:/home/irg/ros2_eloquent/install/examples_rclpy_minimal_subscriber:/home/irg/ros2_eloquent/install/examples_rclpy_minimal_service:/home/irg/ros2_eloquent/install/examples_rclpy_minimal_publisher:/home/irg/ros2_eloquent/install/examples_rclpy_minimal_client:/home/irg/ros2_eloquent/install/examples_rclpy_minimal_action_server:/home/irg/ros2_eloquent/install/examples_rclpy_minimal_action_client:/home/irg/ros2_eloquent/install/examples_rclpy_executors:/home/irg/ros2_eloquent/install/demo_nodes_py:/home/irg/ros2_eloquent/install/action_tutorials_py:/home/irg/ros2_eloquent/install/ament_uncrustify:/home/irg/ros2_eloquent/install/tracetools_trace:/home/irg/ros2_eloquent/install/tracetools_read:/home/irg/ros2_eloquent/install/test_launch_ros:/home/irg/ros2_eloquent/install/rosidl_runtime_py:/home/irg/ros2_eloquent/install/launch_yaml:/home/irg/ros2_eloquent/install/launch_xml:/home/irg/ros2_eloquent/install/launch_testing:/home/irg/ros2_eloquent/install/launch:/home/irg/ros2_eloquent/install/osrf_pycommon:/home/irg/ros2_eloquent/install/domain_coordinator:/home/irg/ros2_eloquent/install/ament_xmllint:/home/irg/ros2_eloquent/install/ament_pyflakes:/home/irg/ros2_eloquent/install/ament_pep8:/home/irg/ros2_eloquent/install/ament_pep257:/home/irg/ros2_eloquent/install/ament_pclint:/home/irg/ros2_eloquent/install/ament_package:/home/irg/ros2_eloquent/install/ament_mypy:/home/irg/ros2_eloquent/install/ament_lint_cmake:/home/irg/ros2_eloquent/install/ament_flake8:/home/irg/ros2_eloquent/install/ament_copyright:/home/irg/ros2_eloquent/install/ament_lint:/home/irg/ros2_eloquent/install/ament_index_python:/home/irg/ros2_eloquent/install/ament_cpplint:/home/irg/ros2_eloquent/install/ament_cppcheck:/home/irg/ros2_eloquent/install/ament_clang_tidy:/home/irg/ros2_eloquent/install/ament_clang_format:/opt/ros/eloquent CONDA_PROMPT_MODIFIER=(lang_pol) /usr/bin/cmake /home/irg/irg/SemanticPolicies/ros2/src/policy_translation -DCMAKE_INSTALL_PREFIX=/home/irg/irg/SemanticPolicies/ros2/install/policy_translation
[10.744s] Invoking command in '/home/irg/irg/SemanticPolicies/ros2/build/policy_translation': CMAKE_PREFIX_PATH=${CMAKE_PREFIX_PATH}:/home/irg/ros2_eloquent/install/ros2bag:/home/irg/ros2_eloquent/install/tracetools_launch:/home/irg/ros2_eloquent/install/topic_monitor:/home/irg/ros2_eloquent/install/examples_tf2_py:/home/irg/ros2_eloquent/install/sros2:/home/irg/ros2_eloquent/install/rqt_topic:/home/irg/ros2_eloquent/install/rqt_reconfigure:/home/irg/ros2_eloquent/install/rqt_action:/home/irg/ros2_eloquent/install/rqt_console:/home/irg/ros2_eloquent/install/rqt:/home/irg/ros2_eloquent/install/rqt_graph:/home/irg/ros2_eloquent/install/rqt_gui_py:/home/irg/ros2_eloquent/install/rqt_gui:/home/irg/ros2_eloquent/install/ros2trace:/home/irg/ros2_eloquent/install/ros2topic:/home/irg/ros2_eloquent/install/ros2test:/home/irg/ros2_eloquent/install/ros2srv:/home/irg/ros2_eloquent/install/ros2component:/home/irg/ros2_eloquent/install/ros2param:/home/irg/ros2_eloquent/install/ros2lifecycle:/home/irg/ros2_eloquent/install/ros2service:/home/irg/ros2_eloquent/install/ros2run:/home/irg/ros2_eloquent/install/ros2launch:/home/irg/ros2_eloquent/install/ros2pkg:/home/irg/ros2_eloquent/install/ros2node:/home/irg/ros2_eloquent/install/ros2multicast:/home/irg/ros2_eloquent/install/ros2msg:/home/irg/ros2_eloquent/install/ros2interface:/home/irg/ros2_eloquent/install/ros2doctor:/home/irg/ros2_eloquent/install/ros2action:/home/irg/ros2_eloquent/install/ros2cli:/home/irg/ros2_eloquent/install/quality_of_service_demo_py:/home/irg/ros2_eloquent/install/launch_testing_ros:/home/irg/ros2_eloquent/install/launch_ros:/home/irg/ros2_eloquent/install/examples_rclpy_minimal_subscriber:/home/irg/ros2_eloquent/install/examples_rclpy_minimal_service:/home/irg/ros2_eloquent/install/examples_rclpy_minimal_publisher:/home/irg/ros2_eloquent/install/examples_rclpy_minimal_client:/home/irg/ros2_eloquent/install/examples_rclpy_minimal_action_server:/home/irg/ros2_eloquent/install/examples_rclpy_minimal_action_client:/home/irg/ros2_eloquent/install/examples_rclpy_executors:/home/irg/ros2_eloquent/install/demo_nodes_py:/home/irg/ros2_eloquent/install/action_tutorials_py:/home/irg/ros2_eloquent/install/ament_uncrustify:/home/irg/ros2_eloquent/install/tracetools_trace:/home/irg/ros2_eloquent/install/tracetools_read:/home/irg/ros2_eloquent/install/test_launch_ros:/home/irg/ros2_eloquent/install/rosidl_runtime_py:/home/irg/ros2_eloquent/install/launch_yaml:/home/irg/ros2_eloquent/install/launch_xml:/home/irg/ros2_eloquent/install/launch_testing:/home/irg/ros2_eloquent/install/launch:/home/irg/ros2_eloquent/install/osrf_pycommon:/home/irg/ros2_eloquent/install/domain_coordinator:/home/irg/ros2_eloquent/install/ament_xmllint:/home/irg/ros2_eloquent/install/ament_pyflakes:/home/irg/ros2_eloquent/install/ament_pep8:/home/irg/ros2_eloquent/install/ament_pep257:/home/irg/ros2_eloquent/install/ament_pclint:/home/irg/ros2_eloquent/install/ament_package:/home/irg/ros2_eloquent/install/ament_mypy:/home/irg/ros2_eloquent/install/ament_lint_cmake:/home/irg/ros2_eloquent/install/ament_flake8:/home/irg/ros2_eloquent/install/ament_copyright:/home/irg/ros2_eloquent/install/ament_lint:/home/irg/ros2_eloquent/install/ament_index_python:/home/irg/ros2_eloquent/install/ament_cpplint:/home/irg/ros2_eloquent/install/ament_cppcheck:/home/irg/ros2_eloquent/install/ament_clang_tidy:/home/irg/ros2_eloquent/install/ament_clang_format:/opt/ros/eloquent CONDA_PROMPT_MODIFIER=(lang_pol) /usr/bin/cmake --build /home/irg/irg/SemanticPolicies/ros2/build/policy_translation -- -j8 -l8
[10.836s] [35m[1mScanning dependencies of target policy_translation__cpp[0m
[10.837s] [  2%] [34m[1mGenerating C code for ROS interfaces[0m
[10.863s] [  4%] [34m[1mGenerating C++ code for ROS interfaces[0m
[11.377s] [  4%] Built target policy_translation__cpp
[11.412s] [  6%] [34m[1mGenerating C++ type support dispatch for ROS interfaces[0m
[11.422s] [  8%] [34m[1mGenerating C++ introspection for ROS interfaces[0m
[11.422s] [35m[1mScanning dependencies of target policy_translation__rosidl_generator_c[0m
[11.434s] [ 10%] [34m[1mGenerating C++ type support for eProsima Fast-RTPS[0m
[11.453s] [ 12%] [32mBuilding C object CMakeFiles/policy_translation__rosidl_generator_c.dir/rosidl_generator_c/policy_translation/srv/network_pt__functions.c.o[0m
[11.453s] [ 14%] [32mBuilding C object CMakeFiles/policy_translation__rosidl_generator_c.dir/rosidl_generator_c/policy_translation/srv/tune_network__functions.c.o[0m
[11.461s] [ 17%] [32mBuilding C object CMakeFiles/policy_translation__rosidl_generator_c.dir/rosidl_generator_c/policy_translation/msg/dummy__functions.c.o[0m
[11.534s] [ 19%] [32m[1mLinking C shared library libpolicy_translation__rosidl_generator_c.so[0m
[11.612s] [ 19%] Built target policy_translation__rosidl_generator_c
[11.650s] [ 23%] [34m[1mGenerating C introspection for ROS interfaces[0m
[11.650s] [ 23%] [34m[1mGenerating C type support dispatch for ROS interfaces[0m
[12.013s] [35m[1mScanning dependencies of target policy_translation__rosidl_typesupport_introspection_cpp[0m
[12.057s] [ 25%] [32mBuilding CXX object CMakeFiles/policy_translation__rosidl_typesupport_introspection_cpp.dir/rosidl_typesupport_introspection_cpp/policy_translation/srv/tune_network__type_support.cpp.o[0m
[12.060s] [ 27%] [32mBuilding CXX object CMakeFiles/policy_translation__rosidl_typesupport_introspection_cpp.dir/rosidl_typesupport_introspection_cpp/policy_translation/msg/dummy__type_support.cpp.o[0m
[12.060s] [ 29%] [32mBuilding CXX object CMakeFiles/policy_translation__rosidl_typesupport_introspection_cpp.dir/rosidl_typesupport_introspection_cpp/policy_translation/srv/network_pt__type_support.cpp.o[0m
[12.155s] [35m[1mScanning dependencies of target policy_translation__rosidl_typesupport_cpp[0m
[12.155s] [35m[1mScanning dependencies of target policy_translation__rosidl_typesupport_fastrtps_cpp[0m
[12.198s] [35m[1mScanning dependencies of target policy_translation__rosidl_typesupport_c[0m
[12.208s] [ 31%] [32mBuilding CXX object CMakeFiles/policy_translation__rosidl_typesupport_cpp.dir/rosidl_typesupport_cpp/policy_translation/srv/tune_network__type_support.cpp.o[0m
[12.218s] [ 34%] [32mBuilding CXX object CMakeFiles/policy_translation__rosidl_typesupport_fastrtps_cpp.dir/rosidl_typesupport_fastrtps_cpp/policy_translation/srv/dds_fastrtps/network_pt__type_support.cpp.o[0m
[12.228s] [ 36%] [32mBuilding CXX object CMakeFiles/policy_translation__rosidl_typesupport_cpp.dir/rosidl_typesupport_cpp/policy_translation/srv/network_pt__type_support.cpp.o[0m
[12.246s] [ 38%] [32mBuilding CXX object CMakeFiles/policy_translation__rosidl_typesupport_c.dir/rosidl_typesupport_c/policy_translation/srv/network_pt__type_support.cpp.o[0m
[12.330s] [ 40%] [32mBuilding CXX object CMakeFiles/policy_translation__rosidl_typesupport_c.dir/rosidl_typesupport_c/policy_translation/srv/tune_network__type_support.cpp.o[0m
[12.414s] [ 42%] [32mBuilding CXX object CMakeFiles/policy_translation__rosidl_typesupport_c.dir/rosidl_typesupport_c/policy_translation/msg/dummy__type_support.cpp.o[0m
[12.481s] [ 44%] [32mBuilding CXX object CMakeFiles/policy_translation__rosidl_typesupport_cpp.dir/rosidl_typesupport_cpp/policy_translation/msg/dummy__type_support.cpp.o[0m
[12.496s] [ 46%] [32m[1mLinking CXX shared library libpolicy_translation__rosidl_typesupport_c.so[0m
[12.517s] [ 48%] [32mBuilding CXX object CMakeFiles/policy_translation__rosidl_typesupport_fastrtps_cpp.dir/rosidl_typesupport_fastrtps_cpp/policy_translation/srv/dds_fastrtps/tune_network__type_support.cpp.o[0m
[12.635s] [ 51%] [32m[1mLinking CXX shared library libpolicy_translation__rosidl_typesupport_introspection_cpp.so[0m
[12.635s] [ 51%] Built target policy_translation__rosidl_typesupport_c
[12.675s] [ 53%] [32mBuilding CXX object CMakeFiles/policy_translation__rosidl_typesupport_fastrtps_cpp.dir/rosidl_typesupport_fastrtps_cpp/policy_translation/msg/dds_fastrtps/dummy__type_support.cpp.o[0m
[12.693s] [35m[1mScanning dependencies of target policy_translation__rosidl_typesupport_introspection_c[0m
[12.742s] [ 57%] [32mBuilding C object CMakeFiles/policy_translation__rosidl_typesupport_introspection_c.dir/rosidl_typesupport_introspection_c/policy_translation/srv/tune_network__type_support.c.o[0m
[12.742s] [ 57%] [32mBuilding C object CMakeFiles/policy_translation__rosidl_typesupport_introspection_c.dir/rosidl_typesupport_introspection_c/policy_translation/srv/network_pt__type_support.c.o[0m
[12.747s] [ 59%] [32mBuilding C object CMakeFiles/policy_translation__rosidl_typesupport_introspection_c.dir/rosidl_typesupport_introspection_c/policy_translation/msg/dummy__type_support.c.o[0m
[12.825s] [ 61%] [32m[1mLinking C shared library libpolicy_translation__rosidl_typesupport_introspection_c.so[0m
[12.830s] [ 61%] Built target policy_translation__rosidl_typesupport_introspection_cpp
[12.861s] [ 63%] [32m[1mLinking CXX shared library libpolicy_translation__rosidl_typesupport_cpp.so[0m
[12.909s] [ 63%] Built target policy_translation__rosidl_typesupport_introspection_c
[12.951s] [ 63%] Built target policy_translation__rosidl_typesupport_cpp
[13.116s] [ 65%] [32m[1mLinking CXX shared library libpolicy_translation__rosidl_typesupport_fastrtps_cpp.so[0m
[13.246s] [ 65%] Built target policy_translation__rosidl_typesupport_fastrtps_cpp
[13.273s] [ 68%] [34m[1mGenerating C type support for eProsima Fast-RTPS[0m
[13.766s] [35m[1mScanning dependencies of target policy_translation__rosidl_typesupport_fastrtps_c[0m
[13.811s] [ 72%] [32mBuilding CXX object CMakeFiles/policy_translation__rosidl_typesupport_fastrtps_c.dir/rosidl_typesupport_fastrtps_c/policy_translation/srv/network_pt__type_support_c.cpp.o[0m
[13.811s] [ 72%] [32mBuilding CXX object CMakeFiles/policy_translation__rosidl_typesupport_fastrtps_c.dir/rosidl_typesupport_fastrtps_c/policy_translation/srv/tune_network__type_support_c.cpp.o[0m
[13.811s] [ 74%] [32mBuilding CXX object CMakeFiles/policy_translation__rosidl_typesupport_fastrtps_c.dir/rosidl_typesupport_fastrtps_c/policy_translation/msg/dummy__type_support_c.cpp.o[0m
[14.147s] [ 76%] [32m[1mLinking CXX shared library libpolicy_translation__rosidl_typesupport_fastrtps_c.so[0m
[14.288s] [ 76%] Built target policy_translation__rosidl_typesupport_fastrtps_c
[14.314s] [35m[1mScanning dependencies of target policy_translation[0m
[14.337s] [ 76%] Built target policy_translation
[14.365s] [35m[1mScanning dependencies of target policy_translation__py[0m
[14.392s] [ 78%] [34m[1mGenerating Python code for ROS interfaces[0m
[15.368s] [ 78%] Built target policy_translation__py
[15.392s] [35m[1mScanning dependencies of target policy_translation__python[0m
[15.434s] [ 85%] [32mBuilding C object CMakeFiles/policy_translation__python.dir/rosidl_generator_py/policy_translation/msg/_dummy_s.c.o[0m
[15.435s] [ 85%] [32mBuilding C object CMakeFiles/policy_translation__python.dir/rosidl_generator_py/policy_translation/srv/_network_pt_s.c.o[0m
[15.435s] [ 85%] [32mBuilding C object CMakeFiles/policy_translation__python.dir/rosidl_generator_py/policy_translation/srv/_tune_network_s.c.o[0m
[15.570s] [ 87%] [32m[1mLinking C shared library rosidl_generator_py/policy_translation/libpolicy_translation__python.so[0m
[15.658s] [ 87%] Built target policy_translation__python
[15.682s] [35m[1mScanning dependencies of target policy_translation__rosidl_typesupport_introspection_c__pyext[0m
[15.682s] [35m[1mScanning dependencies of target policy_translation__rosidl_typesupport_c__pyext[0m
[15.682s] [35m[1mScanning dependencies of target policy_translation__rosidl_typesupport_fastrtps_c__pyext[0m
[15.717s] [ 89%] [32mBuilding C object CMakeFiles/policy_translation__rosidl_typesupport_introspection_c__pyext.dir/rosidl_generator_py/policy_translation/_policy_translation_s.ep.rosidl_typesupport_introspection_c.c.o[0m
[15.718s] [ 91%] [32mBuilding C object CMakeFiles/policy_translation__rosidl_typesupport_fastrtps_c__pyext.dir/rosidl_generator_py/policy_translation/_policy_translation_s.ep.rosidl_typesupport_fastrtps_c.c.o[0m
[15.726s] [ 93%] [32mBuilding C object CMakeFiles/policy_translation__rosidl_typesupport_c__pyext.dir/rosidl_generator_py/policy_translation/_policy_translation_s.ep.rosidl_typesupport_c.c.o[0m
[15.831s] [ 95%] [32m[1mLinking C shared library rosidl_generator_py/policy_translation/policy_translation_s__rosidl_typesupport_introspection_c.cpython-36m-x86_64-linux-gnu.so[0m
[15.831s] [ 97%] [32m[1mLinking CXX shared library rosidl_generator_py/policy_translation/policy_translation_s__rosidl_typesupport_fastrtps_c.cpython-36m-x86_64-linux-gnu.so[0m
[15.840s] [100%] [32m[1mLinking C shared library rosidl_generator_py/policy_translation/policy_translation_s__rosidl_typesupport_c.cpython-36m-x86_64-linux-gnu.so[0m
[15.953s] [100%] Built target policy_translation__rosidl_typesupport_c__pyext
[15.956s] [100%] Built target policy_translation__rosidl_typesupport_introspection_c__pyext
[15.976s] [100%] Built target policy_translation__rosidl_typesupport_fastrtps_c__pyext
[15.997s] Invoked command in '/home/irg/irg/SemanticPolicies/ros2/build/policy_translation' returned '0': CMAKE_PREFIX_PATH=${CMAKE_PREFIX_PATH}:/home/irg/ros2_eloquent/install/ros2bag:/home/irg/ros2_eloquent/install/tracetools_launch:/home/irg/ros2_eloquent/install/topic_monitor:/home/irg/ros2_eloquent/install/examples_tf2_py:/home/irg/ros2_eloquent/install/sros2:/home/irg/ros2_eloquent/install/rqt_topic:/home/irg/ros2_eloquent/install/rqt_reconfigure:/home/irg/ros2_eloquent/install/rqt_action:/home/irg/ros2_eloquent/install/rqt_console:/home/irg/ros2_eloquent/install/rqt:/home/irg/ros2_eloquent/install/rqt_graph:/home/irg/ros2_eloquent/install/rqt_gui_py:/home/irg/ros2_eloquent/install/rqt_gui:/home/irg/ros2_eloquent/install/ros2trace:/home/irg/ros2_eloquent/install/ros2topic:/home/irg/ros2_eloquent/install/ros2test:/home/irg/ros2_eloquent/install/ros2srv:/home/irg/ros2_eloquent/install/ros2component:/home/irg/ros2_eloquent/install/ros2param:/home/irg/ros2_eloquent/install/ros2lifecycle:/home/irg/ros2_eloquent/install/ros2service:/home/irg/ros2_eloquent/install/ros2run:/home/irg/ros2_eloquent/install/ros2launch:/home/irg/ros2_eloquent/install/ros2pkg:/home/irg/ros2_eloquent/install/ros2node:/home/irg/ros2_eloquent/install/ros2multicast:/home/irg/ros2_eloquent/install/ros2msg:/home/irg/ros2_eloquent/install/ros2interface:/home/irg/ros2_eloquent/install/ros2doctor:/home/irg/ros2_eloquent/install/ros2action:/home/irg/ros2_eloquent/install/ros2cli:/home/irg/ros2_eloquent/install/quality_of_service_demo_py:/home/irg/ros2_eloquent/install/launch_testing_ros:/home/irg/ros2_eloquent/install/launch_ros:/home/irg/ros2_eloquent/install/examples_rclpy_minimal_subscriber:/home/irg/ros2_eloquent/install/examples_rclpy_minimal_service:/home/irg/ros2_eloquent/install/examples_rclpy_minimal_publisher:/home/irg/ros2_eloquent/install/examples_rclpy_minimal_client:/home/irg/ros2_eloquent/install/examples_rclpy_minimal_action_server:/home/irg/ros2_eloquent/install/examples_rclpy_minimal_action_client:/home/irg/ros2_eloquent/install/examples_rclpy_executors:/home/irg/ros2_eloquent/install/demo_nodes_py:/home/irg/ros2_eloquent/install/action_tutorials_py:/home/irg/ros2_eloquent/install/ament_uncrustify:/home/irg/ros2_eloquent/install/tracetools_trace:/home/irg/ros2_eloquent/install/tracetools_read:/home/irg/ros2_eloquent/install/test_launch_ros:/home/irg/ros2_eloquent/install/rosidl_runtime_py:/home/irg/ros2_eloquent/install/launch_yaml:/home/irg/ros2_eloquent/install/launch_xml:/home/irg/ros2_eloquent/install/launch_testing:/home/irg/ros2_eloquent/install/launch:/home/irg/ros2_eloquent/install/osrf_pycommon:/home/irg/ros2_eloquent/install/domain_coordinator:/home/irg/ros2_eloquent/install/ament_xmllint:/home/irg/ros2_eloquent/install/ament_pyflakes:/home/irg/ros2_eloquent/install/ament_pep8:/home/irg/ros2_eloquent/install/ament_pep257:/home/irg/ros2_eloquent/install/ament_pclint:/home/irg/ros2_eloquent/install/ament_package:/home/irg/ros2_eloquent/install/ament_mypy:/home/irg/ros2_eloquent/install/ament_lint_cmake:/home/irg/ros2_eloquent/install/ament_flake8:/home/irg/ros2_eloquent/install/ament_copyright:/home/irg/ros2_eloquent/install/ament_lint:/home/irg/ros2_eloquent/install/ament_index_python:/home/irg/ros2_eloquent/install/ament_cpplint:/home/irg/ros2_eloquent/install/ament_cppcheck:/home/irg/ros2_eloquent/install/ament_clang_tidy:/home/irg/ros2_eloquent/install/ament_clang_format:/opt/ros/eloquent CONDA_PROMPT_MODIFIER=(lang_pol) /usr/bin/cmake --build /home/irg/irg/SemanticPolicies/ros2/build/policy_translation -- -j8 -l8
[16.399s] Invoking command in '/home/irg/irg/SemanticPolicies/ros2/build/policy_translation': CMAKE_PREFIX_PATH=${CMAKE_PREFIX_PATH}:/home/irg/ros2_eloquent/install/ros2bag:/home/irg/ros2_eloquent/install/tracetools_launch:/home/irg/ros2_eloquent/install/topic_monitor:/home/irg/ros2_eloquent/install/examples_tf2_py:/home/irg/ros2_eloquent/install/sros2:/home/irg/ros2_eloquent/install/rqt_topic:/home/irg/ros2_eloquent/install/rqt_reconfigure:/home/irg/ros2_eloquent/install/rqt_action:/home/irg/ros2_eloquent/install/rqt_console:/home/irg/ros2_eloquent/install/rqt:/home/irg/ros2_eloquent/install/rqt_graph:/home/irg/ros2_eloquent/install/rqt_gui_py:/home/irg/ros2_eloquent/install/rqt_gui:/home/irg/ros2_eloquent/install/ros2trace:/home/irg/ros2_eloquent/install/ros2topic:/home/irg/ros2_eloquent/install/ros2test:/home/irg/ros2_eloquent/install/ros2srv:/home/irg/ros2_eloquent/install/ros2component:/home/irg/ros2_eloquent/install/ros2param:/home/irg/ros2_eloquent/install/ros2lifecycle:/home/irg/ros2_eloquent/install/ros2service:/home/irg/ros2_eloquent/install/ros2run:/home/irg/ros2_eloquent/install/ros2launch:/home/irg/ros2_eloquent/install/ros2pkg:/home/irg/ros2_eloquent/install/ros2node:/home/irg/ros2_eloquent/install/ros2multicast:/home/irg/ros2_eloquent/install/ros2msg:/home/irg/ros2_eloquent/install/ros2interface:/home/irg/ros2_eloquent/install/ros2doctor:/home/irg/ros2_eloquent/install/ros2action:/home/irg/ros2_eloquent/install/ros2cli:/home/irg/ros2_eloquent/install/quality_of_service_demo_py:/home/irg/ros2_eloquent/install/launch_testing_ros:/home/irg/ros2_eloquent/install/launch_ros:/home/irg/ros2_eloquent/install/examples_rclpy_minimal_subscriber:/home/irg/ros2_eloquent/install/examples_rclpy_minimal_service:/home/irg/ros2_eloquent/install/examples_rclpy_minimal_publisher:/home/irg/ros2_eloquent/install/examples_rclpy_minimal_client:/home/irg/ros2_eloquent/install/examples_rclpy_minimal_action_server:/home/irg/ros2_eloquent/install/examples_rclpy_minimal_action_client:/home/irg/ros2_eloquent/install/examples_rclpy_executors:/home/irg/ros2_eloquent/install/demo_nodes_py:/home/irg/ros2_eloquent/install/action_tutorials_py:/home/irg/ros2_eloquent/install/ament_uncrustify:/home/irg/ros2_eloquent/install/tracetools_trace:/home/irg/ros2_eloquent/install/tracetools_read:/home/irg/ros2_eloquent/install/test_launch_ros:/home/irg/ros2_eloquent/install/rosidl_runtime_py:/home/irg/ros2_eloquent/install/launch_yaml:/home/irg/ros2_eloquent/install/launch_xml:/home/irg/ros2_eloquent/install/launch_testing:/home/irg/ros2_eloquent/install/launch:/home/irg/ros2_eloquent/install/osrf_pycommon:/home/irg/ros2_eloquent/install/domain_coordinator:/home/irg/ros2_eloquent/install/ament_xmllint:/home/irg/ros2_eloquent/install/ament_pyflakes:/home/irg/ros2_eloquent/install/ament_pep8:/home/irg/ros2_eloquent/install/ament_pep257:/home/irg/ros2_eloquent/install/ament_pclint:/home/irg/ros2_eloquent/install/ament_package:/home/irg/ros2_eloquent/install/ament_mypy:/home/irg/ros2_eloquent/install/ament_lint_cmake:/home/irg/ros2_eloquent/install/ament_flake8:/home/irg/ros2_eloquent/install/ament_copyright:/home/irg/ros2_eloquent/install/ament_lint:/home/irg/ros2_eloquent/install/ament_index_python:/home/irg/ros2_eloquent/install/ament_cpplint:/home/irg/ros2_eloquent/install/ament_cppcheck:/home/irg/ros2_eloquent/install/ament_clang_tidy:/home/irg/ros2_eloquent/install/ament_clang_format:/opt/ros/eloquent CONDA_PROMPT_MODIFIER=(lang_pol) /usr/bin/cmake --build /home/irg/irg/SemanticPolicies/ros2/build/policy_translation --target install -- -j8 -l8
[16.516s] [  2%] Built target policy_translation__cpp
[16.519s] [ 12%] Built target policy_translation__rosidl_generator_c
[16.578s] [ 23%] Built target policy_translation__rosidl_typesupport_introspection_c
[16.578s] [ 34%] Built target policy_translation__rosidl_typesupport_c
[16.587s] [ 44%] Built target policy_translation__rosidl_typesupport_cpp
[16.589s] [ 55%] Built target policy_translation__rosidl_typesupport_fastrtps_cpp
[16.590s] [ 65%] Built target policy_translation__rosidl_typesupport_introspection_cpp
[16.649s] [ 76%] Built target policy_translation__rosidl_typesupport_fastrtps_c
[16.700s] [ 76%] Built target policy_translation
[16.752s] [ 78%] Built target policy_translation__py
[16.809s] [ 87%] Built target policy_translation__python
[16.866s] [ 91%] Built target policy_translation__rosidl_typesupport_fastrtps_c__pyext
[16.875s] [ 95%] Built target policy_translation__rosidl_typesupport_introspection_c__pyext
[16.876s] [100%] Built target policy_translation__rosidl_typesupport_c__pyext
[16.918s] [36mInstall the project...[0m
[16.938s] -- Install configuration: ""
[16.938s] -- Installing: /home/irg/irg/SemanticPolicies/ros2/install/policy_translation/share/ament_index/resource_index/rosidl_interfaces/policy_translation
[16.938s] -- Installing: /home/irg/irg/SemanticPolicies/ros2/install/policy_translation/lib/libpolicy_translation__rosidl_typesupport_c.so
[16.939s] -- Set runtime path of "/home/irg/irg/SemanticPolicies/ros2/install/policy_translation/lib/libpolicy_translation__rosidl_typesupport_c.so" to ""
[16.939s] -- Installing: /home/irg/irg/SemanticPolicies/ros2/install/policy_translation/share/policy_translation/environment/library_path.sh
[16.939s] -- Installing: /home/irg/irg/SemanticPolicies/ros2/install/policy_translation/share/policy_translation/environment/library_path.dsv
[16.939s] -- Installing: /home/irg/irg/SemanticPolicies/ros2/install/policy_translation/lib/libpolicy_translation__rosidl_typesupport_cpp.so
[16.939s] -- Set runtime path of "/home/irg/irg/SemanticPolicies/ros2/install/policy_translation/lib/libpolicy_translation__rosidl_typesupport_cpp.so" to ""
[16.939s] -- Installing: /home/irg/irg/SemanticPolicies/ros2/install/policy_translation/include/policy_translation
[16.940s] -- Installing: /home/irg/irg/SemanticPolicies/ros2/install/policy_translation/include/policy_translation/msg
[16.940s] -- Installing: /home/irg/irg/SemanticPolicies/ros2/install/policy_translation/include/policy_translation/msg/rosidl_typesupport_introspection_c__visibility_control.h
[16.940s] -- Installing: /home/irg/irg/SemanticPolicies/ros2/install/policy_translation/include/policy_translation/msg/dummy__type_support.c
[16.940s] -- Installing: /home/irg/irg/SemanticPolicies/ros2/install/policy_translation/include/policy_translation/msg/dummy__rosidl_typesupport_introspection_c.h
[16.940s] -- Installing: /home/irg/irg/SemanticPolicies/ros2/install/policy_translation/include/policy_translation/srv
[16.940s] -- Installing: /home/irg/irg/SemanticPolicies/ros2/install/policy_translation/include/policy_translation/srv/tune_network__type_support.c
[16.940s] -- Installing: /home/irg/irg/SemanticPolicies/ros2/install/policy_translation/include/policy_translation/srv/tune_network__rosidl_typesupport_introspection_c.h
[16.940s] -- Installing: /home/irg/irg/SemanticPolicies/ros2/install/policy_translation/include/policy_translation/srv/network_pt__type_support.c
[16.940s] -- Installing: /home/irg/irg/SemanticPolicies/ros2/install/policy_translation/include/policy_translation/srv/network_pt__rosidl_typesupport_introspection_c.h
[16.940s] -- Installing: /home/irg/irg/SemanticPolicies/ros2/install/policy_translation/lib/libpolicy_translation__rosidl_typesupport_introspection_c.so
[16.941s] -- Set runtime path of "/home/irg/irg/SemanticPolicies/ros2/install/policy_translation/lib/libpolicy_translation__rosidl_typesupport_introspection_c.so" to ""
[16.941s] -- Up-to-date: /home/irg/irg/SemanticPolicies/ros2/install/policy_translation/include/policy_translation
[16.941s] -- Up-to-date: /home/irg/irg/SemanticPolicies/ros2/install/policy_translation/include/policy_translation/msg
[16.941s] -- Installing: /home/irg/irg/SemanticPolicies/ros2/install/policy_translation/include/policy_translation/msg/dummy__functions.h
[16.941s] -- Installing: /home/irg/irg/SemanticPolicies/ros2/install/policy_translation/include/policy_translation/msg/rosidl_generator_c__visibility_control.h
[16.941s] -- Installing: /home/irg/irg/SemanticPolicies/ros2/install/policy_translation/include/policy_translation/msg/dummy.h
[16.941s] -- Installing: /home/irg/irg/SemanticPolicies/ros2/install/policy_translation/include/policy_translation/msg/dummy__type_support.h
[16.941s] -- Installing: /home/irg/irg/SemanticPolicies/ros2/install/policy_translation/include/policy_translation/msg/dummy__struct.h
[16.941s] -- Installing: /home/irg/irg/SemanticPolicies/ros2/install/policy_translation/include/policy_translation/msg/dummy__functions.c
[16.942s] -- Up-to-date: /home/irg/irg/SemanticPolicies/ros2/install/policy_translation/include/policy_translation/srv
[16.942s] -- Installing: /home/irg/irg/SemanticPolicies/ros2/install/policy_translation/include/policy_translation/srv/tune_network.h
[16.942s] -- Installing: /home/irg/irg/SemanticPolicies/ros2/install/policy_translation/include/policy_translation/srv/tune_network__struct.h
[16.942s] -- Installing: /home/irg/irg/SemanticPolicies/ros2/install/policy_translation/include/policy_translation/srv/network_pt__functions.h
[16.942s] -- Installing: /home/irg/irg/SemanticPolicies/ros2/install/policy_translation/include/policy_translation/srv/network_pt.h
[16.942s] -- Installing: /home/irg/irg/SemanticPolicies/ros2/install/policy_translation/include/policy_translation/srv/tune_network__functions.c
[16.942s] -- Installing: /home/irg/irg/SemanticPolicies/ros2/install/policy_translation/include/policy_translation/srv/tune_network__type_support.h
[16.942s] -- Installing: /home/irg/irg/SemanticPolicies/ros2/install/policy_translation/include/policy_translation/srv/network_pt__type_support.h
[16.942s] -- Installing: /home/irg/irg/SemanticPolicies/ros2/install/policy_translation/include/policy_translation/srv/network_pt__struct.h
[16.942s] -- Installing: /home/irg/irg/SemanticPolicies/ros2/install/policy_translation/include/policy_translation/srv/network_pt__functions.c
[16.942s] -- Installing: /home/irg/irg/SemanticPolicies/ros2/install/policy_translation/include/policy_translation/srv/tune_network__functions.h
[16.943s] -- Installing: /home/irg/irg/SemanticPolicies/ros2/install/policy_translation/lib/libpolicy_translation__rosidl_generator_c.so
[16.943s] -- Set runtime path of "/home/irg/irg/SemanticPolicies/ros2/install/policy_translation/lib/libpolicy_translation__rosidl_generator_c.so" to ""
[16.943s] -- Up-to-date: /home/irg/irg/SemanticPolicies/ros2/install/policy_translation/include/policy_translation
[16.943s] -- Up-to-date: /home/irg/irg/SemanticPolicies/ros2/install/policy_translation/include/policy_translation/msg
[16.943s] -- Installing: /home/irg/irg/SemanticPolicies/ros2/install/policy_translation/include/policy_translation/msg/rosidl_typesupport_fastrtps_c__visibility_control.h
[16.943s] -- Installing: /home/irg/irg/SemanticPolicies/ros2/install/policy_translation/include/policy_translation/msg/dummy__rosidl_typesupport_fastrtps_c.h
[16.943s] -- Up-to-date: /home/irg/irg/SemanticPolicies/ros2/install/policy_translation/include/policy_translation/srv
[16.943s] -- Installing: /home/irg/irg/SemanticPolicies/ros2/install/policy_translation/include/policy_translation/srv/network_pt__rosidl_typesupport_fastrtps_c.h
[16.943s] -- Installing: /home/irg/irg/SemanticPolicies/ros2/install/policy_translation/include/policy_translation/srv/tune_network__rosidl_typesupport_fastrtps_c.h
[16.943s] -- Installing: /home/irg/irg/SemanticPolicies/ros2/install/policy_translation/lib/libpolicy_translation__rosidl_typesupport_fastrtps_c.so
[16.943s] -- Set runtime path of "/home/irg/irg/SemanticPolicies/ros2/install/policy_translation/lib/libpolicy_translation__rosidl_typesupport_fastrtps_c.so" to ""
[16.944s] -- Up-to-date: /home/irg/irg/SemanticPolicies/ros2/install/policy_translation/include/policy_translation
[16.944s] -- Up-to-date: /home/irg/irg/SemanticPolicies/ros2/install/policy_translation/include/policy_translation/msg
[16.944s] -- Installing: /home/irg/irg/SemanticPolicies/ros2/install/policy_translation/include/policy_translation/msg/dummy__rosidl_typesupport_fastrtps_cpp.hpp
[16.944s] -- Installing: /home/irg/irg/SemanticPolicies/ros2/install/policy_translation/include/policy_translation/msg/dds_fastrtps
[16.944s] -- Installing: /home/irg/irg/SemanticPolicies/ros2/install/policy_translation/include/policy_translation/msg/rosidl_typesupport_fastrtps_cpp__visibility_control.h
[16.944s] -- Up-to-date: /home/irg/irg/SemanticPolicies/ros2/install/policy_translation/include/policy_translation/srv
[16.944s] -- Installing: /home/irg/irg/SemanticPolicies/ros2/install/policy_translation/include/policy_translation/srv/network_pt__rosidl_typesupport_fastrtps_cpp.hpp
[16.944s] -- Installing: /home/irg/irg/SemanticPolicies/ros2/install/policy_translation/include/policy_translation/srv/tune_network__rosidl_typesupport_fastrtps_cpp.hpp
[16.944s] -- Installing: /home/irg/irg/SemanticPolicies/ros2/install/policy_translation/include/policy_translation/srv/dds_fastrtps
[16.944s] -- Installing: /home/irg/irg/SemanticPolicies/ros2/install/policy_translation/lib/libpolicy_translation__rosidl_typesupport_fastrtps_cpp.so
[16.944s] -- Set runtime path of "/home/irg/irg/SemanticPolicies/ros2/install/policy_translation/lib/libpolicy_translation__rosidl_typesupport_fastrtps_cpp.so" to ""
[16.945s] -- Up-to-date: /home/irg/irg/SemanticPolicies/ros2/install/policy_translation/include/policy_translation
[16.945s] -- Up-to-date: /home/irg/irg/SemanticPolicies/ros2/install/policy_translation/include/policy_translation/msg
[16.945s] -- Installing: /home/irg/irg/SemanticPolicies/ros2/install/policy_translation/include/policy_translation/msg/dummy__struct.hpp
[16.945s] -- Installing: /home/irg/irg/SemanticPolicies/ros2/install/policy_translation/include/policy_translation/msg/dummy__traits.hpp
[16.945s] -- Installing: /home/irg/irg/SemanticPolicies/ros2/install/policy_translation/include/policy_translation/msg/dummy.hpp
[16.945s] -- Up-to-date: /home/irg/irg/SemanticPolicies/ros2/install/policy_translation/include/policy_translation/srv
[16.945s] -- Installing: /home/irg/irg/SemanticPolicies/ros2/install/policy_translation/include/policy_translation/srv/tune_network.hpp
[16.945s] -- Installing: /home/irg/irg/SemanticPolicies/ros2/install/policy_translation/include/policy_translation/srv/network_pt.hpp
[16.945s] -- Installing: /home/irg/irg/SemanticPolicies/ros2/install/policy_translation/include/policy_translation/srv/network_pt__traits.hpp
[16.945s] -- Installing: /home/irg/irg/SemanticPolicies/ros2/install/policy_translation/include/policy_translation/srv/network_pt__struct.hpp
[16.945s] -- Installing: /home/irg/irg/SemanticPolicies/ros2/install/policy_translation/include/policy_translation/srv/tune_network__traits.hpp
[16.946s] -- Installing: /home/irg/irg/SemanticPolicies/ros2/install/policy_translation/include/policy_translation/srv/tune_network__struct.hpp
[16.946s] -- Up-to-date: /home/irg/irg/SemanticPolicies/ros2/install/policy_translation/include/policy_translation
[16.946s] -- Up-to-date: /home/irg/irg/SemanticPolicies/ros2/install/policy_translation/include/policy_translation/msg
[16.946s] -- Installing: /home/irg/irg/SemanticPolicies/ros2/install/policy_translation/include/policy_translation/msg/dummy__type_support.cpp
[16.946s] -- Installing: /home/irg/irg/SemanticPolicies/ros2/install/policy_translation/include/policy_translation/msg/dummy__rosidl_typesupport_introspection_cpp.hpp
[16.946s] -- Up-to-date: /home/irg/irg/SemanticPolicies/ros2/install/policy_translation/include/policy_translation/srv
[16.946s] -- Installing: /home/irg/irg/SemanticPolicies/ros2/install/policy_translation/include/policy_translation/srv/tune_network__type_support.cpp
[16.946s] -- Installing: /home/irg/irg/SemanticPolicies/ros2/install/policy_translation/include/policy_translation/srv/network_pt__rosidl_typesupport_introspection_cpp.hpp
[16.946s] -- Installing: /home/irg/irg/SemanticPolicies/ros2/install/policy_translation/include/policy_translation/srv/tune_network__rosidl_typesupport_introspection_cpp.hpp
[16.946s] -- Installing: /home/irg/irg/SemanticPolicies/ros2/install/policy_translation/include/policy_translation/srv/network_pt__type_support.cpp
[16.946s] -- Installing: /home/irg/irg/SemanticPolicies/ros2/install/policy_translation/lib/libpolicy_translation__rosidl_typesupport_introspection_cpp.so
[16.946s] -- Set runtime path of "/home/irg/irg/SemanticPolicies/ros2/install/policy_translation/lib/libpolicy_translation__rosidl_typesupport_introspection_cpp.so" to ""
[16.946s] -- Installing: /home/irg/irg/SemanticPolicies/ros2/install/policy_translation/share/policy_translation/environment/pythonpath.sh
[16.947s] -- Installing: /home/irg/irg/SemanticPolicies/ros2/install/policy_translation/share/policy_translation/environment/pythonpath.dsv
[16.947s] -- Installing: /home/irg/irg/SemanticPolicies/ros2/install/policy_translation/lib/python3.6/site-packages/policy_translation/__init__.py
[17.043s] Compiling '/home/irg/irg/SemanticPolicies/ros2/install/policy_translation/lib/python3.6/site-packages/policy_translation/__init__.py'...
[17.048s] -- Installing: /home/irg/irg/SemanticPolicies/ros2/install/policy_translation/lib/python3.6/site-packages/policy_translation/srv
[17.048s] -- Installing: /home/irg/irg/SemanticPolicies/ros2/install/policy_translation/lib/python3.6/site-packages/policy_translation/srv/_network_pt.py
[17.048s] -- Installing: /home/irg/irg/SemanticPolicies/ros2/install/policy_translation/lib/python3.6/site-packages/policy_translation/srv/_network_pt_s.c
[17.048s] -- Installing: /home/irg/irg/SemanticPolicies/ros2/install/policy_translation/lib/python3.6/site-packages/policy_translation/srv/_tune_network.py
[17.048s] -- Installing: /home/irg/irg/SemanticPolicies/ros2/install/policy_translation/lib/python3.6/site-packages/policy_translation/srv/__init__.py
[17.048s] -- Installing: /home/irg/irg/SemanticPolicies/ros2/install/policy_translation/lib/python3.6/site-packages/policy_translation/srv/_tune_network_s.c
[17.048s] -- Installing: /home/irg/irg/SemanticPolicies/ros2/install/policy_translation/lib/python3.6/site-packages/policy_translation/msg
[17.049s] -- Installing: /home/irg/irg/SemanticPolicies/ros2/install/policy_translation/lib/python3.6/site-packages/policy_translation/msg/_dummy_s.c
[17.049s] -- Installing: /home/irg/irg/SemanticPolicies/ros2/install/policy_translation/lib/python3.6/site-packages/policy_translation/msg/__init__.py
[17.049s] -- Installing: /home/irg/irg/SemanticPolicies/ros2/install/policy_translation/lib/python3.6/site-packages/policy_translation/msg/_dummy.py
[17.049s] -- Installing: /home/irg/irg/SemanticPolicies/ros2/install/policy_translation/lib/python3.6/site-packages/policy_translation/policy_translation_s__rosidl_typesupport_c.cpython-36m-x86_64-linux-gnu.so
[17.049s] -- Set runtime path of "/home/irg/irg/SemanticPolicies/ros2/install/policy_translation/lib/python3.6/site-packages/policy_translation/policy_translation_s__rosidl_typesupport_c.cpython-36m-x86_64-linux-gnu.so" to ""
[17.049s] -- Installing: /home/irg/irg/SemanticPolicies/ros2/install/policy_translation/lib/python3.6/site-packages/policy_translation/policy_translation_s__rosidl_typesupport_introspection_c.cpython-36m-x86_64-linux-gnu.so
[17.050s] -- Set runtime path of "/home/irg/irg/SemanticPolicies/ros2/install/policy_translation/lib/python3.6/site-packages/policy_translation/policy_translation_s__rosidl_typesupport_introspection_c.cpython-36m-x86_64-linux-gnu.so" to ""
[17.050s] -- Installing: /home/irg/irg/SemanticPolicies/ros2/install/policy_translation/lib/python3.6/site-packages/policy_translation/policy_translation_s__rosidl_typesupport_fastrtps_c.cpython-36m-x86_64-linux-gnu.so
[17.051s] -- Set runtime path of "/home/irg/irg/SemanticPolicies/ros2/install/policy_translation/lib/python3.6/site-packages/policy_translation/policy_translation_s__rosidl_typesupport_fastrtps_c.cpython-36m-x86_64-linux-gnu.so" to ""
[17.051s] -- Installing: /home/irg/irg/SemanticPolicies/ros2/install/policy_translation/lib/libpolicy_translation__python.so
[17.051s] -- Set runtime path of "/home/irg/irg/SemanticPolicies/ros2/install/policy_translation/lib/libpolicy_translation__python.so" to ""
[17.051s] -- Installing: /home/irg/irg/SemanticPolicies/ros2/install/policy_translation/share/policy_translation/srv/NetworkPT.idl
[17.052s] -- Installing: /home/irg/irg/SemanticPolicies/ros2/install/policy_translation/share/policy_translation/srv/TuneNetwork.idl
[17.052s] -- Installing: /home/irg/irg/SemanticPolicies/ros2/install/policy_translation/share/policy_translation/msg/Dummy.idl
[17.052s] -- Installing: /home/irg/irg/SemanticPolicies/ros2/install/policy_translation/share/policy_translation/srv/NetworkPT.srv
[17.052s] -- Installing: /home/irg/irg/SemanticPolicies/ros2/install/policy_translation/share/policy_translation/srv/NetworkPT_Request.msg
[17.052s] -- Installing: /home/irg/irg/SemanticPolicies/ros2/install/policy_translation/share/policy_translation/srv/NetworkPT_Response.msg
[17.052s] -- Installing: /home/irg/irg/SemanticPolicies/ros2/install/policy_translation/share/policy_translation/srv/TuneNetwork.srv
[17.052s] -- Installing: /home/irg/irg/SemanticPolicies/ros2/install/policy_translation/share/policy_translation/srv/TuneNetwork_Request.msg
[17.052s] -- Installing: /home/irg/irg/SemanticPolicies/ros2/install/policy_translation/share/policy_translation/srv/TuneNetwork_Response.msg
[17.052s] -- Installing: /home/irg/irg/SemanticPolicies/ros2/install/policy_translation/share/policy_translation/msg/Dummy.msg
[17.052s] -- Installing: /home/irg/irg/SemanticPolicies/ros2/install/policy_translation/share/ament_index/resource_index/package_run_dependencies/policy_translation
[17.053s] -- Installing: /home/irg/irg/SemanticPolicies/ros2/install/policy_translation/share/ament_index/resource_index/parent_prefix_path/policy_translation
[17.053s] -- Installing: /home/irg/irg/SemanticPolicies/ros2/install/policy_translation/share/policy_translation/environment/ament_prefix_path.sh
[17.053s] -- Installing: /home/irg/irg/SemanticPolicies/ros2/install/policy_translation/share/policy_translation/environment/ament_prefix_path.dsv
[17.053s] -- Installing: /home/irg/irg/SemanticPolicies/ros2/install/policy_translation/share/policy_translation/environment/path.sh
[17.053s] -- Installing: /home/irg/irg/SemanticPolicies/ros2/install/policy_translation/share/policy_translation/environment/path.dsv
[17.053s] -- Installing: /home/irg/irg/SemanticPolicies/ros2/install/policy_translation/share/policy_translation/local_setup.bash
[17.053s] -- Installing: /home/irg/irg/SemanticPolicies/ros2/install/policy_translation/share/policy_translation/local_setup.sh
[17.053s] -- Installing: /home/irg/irg/SemanticPolicies/ros2/install/policy_translation/share/policy_translation/local_setup.zsh
[17.053s] -- Installing: /home/irg/irg/SemanticPolicies/ros2/install/policy_translation/share/policy_translation/local_setup.dsv
[17.053s] -- Installing: /home/irg/irg/SemanticPolicies/ros2/install/policy_translation/share/policy_translation/package.dsv
[17.054s] -- Installing: /home/irg/irg/SemanticPolicies/ros2/install/policy_translation/share/ament_index/resource_index/packages/policy_translation
[17.054s] -- Installing: /home/irg/irg/SemanticPolicies/ros2/install/policy_translation/share/policy_translation/cmake/rosidl_cmake-extras.cmake
[17.054s] -- Installing: /home/irg/irg/SemanticPolicies/ros2/install/policy_translation/share/policy_translation/cmake/ament_cmake_export_dependencies-extras.cmake
[17.054s] -- Installing: /home/irg/irg/SemanticPolicies/ros2/install/policy_translation/share/policy_translation/cmake/ament_cmake_export_libraries-extras.cmake
[17.054s] -- Installing: /home/irg/irg/SemanticPolicies/ros2/install/policy_translation/share/policy_translation/cmake/ament_cmake_export_include_directories-extras.cmake
[17.054s] -- Installing: /home/irg/irg/SemanticPolicies/ros2/install/policy_translation/share/policy_translation/cmake/policy_translationConfig.cmake
[17.054s] -- Installing: /home/irg/irg/SemanticPolicies/ros2/install/policy_translation/share/policy_translation/cmake/policy_translationConfig-version.cmake
[17.054s] -- Installing: /home/irg/irg/SemanticPolicies/ros2/install/policy_translation/share/policy_translation/package.xml
[17.058s] Invoked command in '/home/irg/irg/SemanticPolicies/ros2/build/policy_translation' returned '0': CMAKE_PREFIX_PATH=${CMAKE_PREFIX_PATH}:/home/irg/ros2_eloquent/install/ros2bag:/home/irg/ros2_eloquent/install/tracetools_launch:/home/irg/ros2_eloquent/install/topic_monitor:/home/irg/ros2_eloquent/install/examples_tf2_py:/home/irg/ros2_eloquent/install/sros2:/home/irg/ros2_eloquent/install/rqt_topic:/home/irg/ros2_eloquent/install/rqt_reconfigure:/home/irg/ros2_eloquent/install/rqt_action:/home/irg/ros2_eloquent/install/rqt_console:/home/irg/ros2_eloquent/install/rqt:/home/irg/ros2_eloquent/install/rqt_graph:/home/irg/ros2_eloquent/install/rqt_gui_py:/home/irg/ros2_eloquent/install/rqt_gui:/home/irg/ros2_eloquent/install/ros2trace:/home/irg/ros2_eloquent/install/ros2topic:/home/irg/ros2_eloquent/install/ros2test:/home/irg/ros2_eloquent/install/ros2srv:/home/irg/ros2_eloquent/install/ros2component:/home/irg/ros2_eloquent/install/ros2param:/home/irg/ros2_eloquent/install/ros2lifecycle:/home/irg/ros2_eloquent/install/ros2service:/home/irg/ros2_eloquent/install/ros2run:/home/irg/ros2_eloquent/install/ros2launch:/home/irg/ros2_eloquent/install/ros2pkg:/home/irg/ros2_eloquent/install/ros2node:/home/irg/ros2_eloquent/install/ros2multicast:/home/irg/ros2_eloquent/install/ros2msg:/home/irg/ros2_eloquent/install/ros2interface:/home/irg/ros2_eloquent/install/ros2doctor:/home/irg/ros2_eloquent/install/ros2action:/home/irg/ros2_eloquent/install/ros2cli:/home/irg/ros2_eloquent/install/quality_of_service_demo_py:/home/irg/ros2_eloquent/install/launch_testing_ros:/home/irg/ros2_eloquent/install/launch_ros:/home/irg/ros2_eloquent/install/examples_rclpy_minimal_subscriber:/home/irg/ros2_eloquent/install/examples_rclpy_minimal_service:/home/irg/ros2_eloquent/install/examples_rclpy_minimal_publisher:/home/irg/ros2_eloquent/install/examples_rclpy_minimal_client:/home/irg/ros2_eloquent/install/examples_rclpy_minimal_action_server:/home/irg/ros2_eloquent/install/examples_rclpy_minimal_action_client:/home/irg/ros2_eloquent/install/examples_rclpy_executors:/home/irg/ros2_eloquent/install/demo_nodes_py:/home/irg/ros2_eloquent/install/action_tutorials_py:/home/irg/ros2_eloquent/install/ament_uncrustify:/home/irg/ros2_eloquent/install/tracetools_trace:/home/irg/ros2_eloquent/install/tracetools_read:/home/irg/ros2_eloquent/install/test_launch_ros:/home/irg/ros2_eloquent/install/rosidl_runtime_py:/home/irg/ros2_eloquent/install/launch_yaml:/home/irg/ros2_eloquent/install/launch_xml:/home/irg/ros2_eloquent/install/launch_testing:/home/irg/ros2_eloquent/install/launch:/home/irg/ros2_eloquent/install/osrf_pycommon:/home/irg/ros2_eloquent/install/domain_coordinator:/home/irg/ros2_eloquent/install/ament_xmllint:/home/irg/ros2_eloquent/install/ament_pyflakes:/home/irg/ros2_eloquent/install/ament_pep8:/home/irg/ros2_eloquent/install/ament_pep257:/home/irg/ros2_eloquent/install/ament_pclint:/home/irg/ros2_eloquent/install/ament_package:/home/irg/ros2_eloquent/install/ament_mypy:/home/irg/ros2_eloquent/install/ament_lint_cmake:/home/irg/ros2_eloquent/install/ament_flake8:/home/irg/ros2_eloquent/install/ament_copyright:/home/irg/ros2_eloquent/install/ament_lint:/home/irg/ros2_eloquent/install/ament_index_python:/home/irg/ros2_eloquent/install/ament_cpplint:/home/irg/ros2_eloquent/install/ament_cppcheck:/home/irg/ros2_eloquent/install/ament_clang_tidy:/home/irg/ros2_eloquent/install/ament_clang_format:/opt/ros/eloquent CONDA_PROMPT_MODIFIER=(lang_pol) /usr/bin/cmake --build /home/irg/irg/SemanticPolicies/ros2/build/policy_translation --target install -- -j8 -l8
