[0.253s] DEBUG:colcon:Command line arguments: ['/usr/bin/colcon', 'build']
[0.253s] DEBUG:colcon:Parsed command line arguments: Namespace(ament_cmake_args=None, base_paths=['.'], build_base='build', catkin_cmake_args=None, catkin_skip_building_tests=False, cmake_args=None, cmake_clean_cache=False, cmake_clean_first=False, cmake_force_configure=False, cmake_target=None, cmake_target_skip_unavailable=False, continue_on_error=False, event_handlers=None, executor='parallel', ignore_user_meta=False, install_base='install', log_base=None, log_level=None, main=<bound method BuildVerb.main of <colcon_core.verb.build.BuildVerb object at 0x7f4a390e3f98>>, merge_install=False, metas=['./colcon.meta'], packages_above=None, packages_above_and_dependencies=None, packages_above_depth=None, packages_end=None, packages_ignore=None, packages_ignore_regex=None, packages_select=None, packages_select_build_failed=False, packages_select_by_dep=None, packages_select_regex=None, packages_select_test_failures=False, packages_skip=None, packages_skip_build_finished=False, packages_skip_by_dep=None, packages_skip_regex=None, packages_skip_test_passed=False, packages_skip_up_to=None, packages_start=None, packages_up_to=None, packages_up_to_regex=None, parallel_workers=8, paths=None, symlink_install=False, test_result_base=None, verb_extension=<colcon_core.verb.build.BuildVerb object at 0x7f4a390e3f98>, verb_name='build', verb_parser=<colcon_defaults.argument_parser.defaults.DefaultArgumentsDecorator object at 0x7f4a390ee320>)
[0.264s] Level 1:colcon.colcon_core.package_discovery:discover_packages(colcon_meta) check parameters
[0.264s] Level 1:colcon.colcon_core.package_discovery:discover_packages(recursive) check parameters
[0.264s] Level 1:colcon.colcon_core.package_discovery:discover_packages(ignore) check parameters
[0.264s] Level 1:colcon.colcon_core.package_discovery:discover_packages(path) check parameters
[0.264s] Level 1:colcon.colcon_core.package_discovery:discover_packages(colcon_meta) discover
[0.264s] Level 1:colcon.colcon_core.package_discovery:discover_packages(recursive) discover
[0.264s] INFO:colcon.colcon_core.package_discovery:Crawling recursively for packages in '/home/irg/irg/SemanticPolicies/ros2'
[0.264s] Level 1:colcon.colcon_core.package_identification:_identify(.) by extensions ['ignore', 'ignore_ament_install']
[0.265s] Level 1:colcon.colcon_core.package_identification:_identify(.) by extension 'ignore'
[0.265s] Level 1:colcon.colcon_core.package_identification:_identify(.) by extension 'ignore_ament_install'
[0.265s] Level 1:colcon.colcon_core.package_identification:_identify(.) by extensions ['colcon_pkg']
[0.265s] Level 1:colcon.colcon_core.package_identification:_identify(.) by extension 'colcon_pkg'
[0.265s] Level 1:colcon.colcon_core.package_identification:_identify(.) by extensions ['colcon_meta']
[0.265s] Level 1:colcon.colcon_core.package_identification:_identify(.) by extension 'colcon_meta'
[0.265s] Level 1:colcon.colcon_core.package_identification:_identify(.) by extensions ['ros']
[0.265s] Level 1:colcon.colcon_core.package_identification:_identify(.) by extension 'ros'
[0.277s] Level 1:colcon.colcon_core.package_identification:_identify(.) by extensions ['cmake', 'python']
[0.277s] Level 1:colcon.colcon_core.package_identification:_identify(.) by extension 'cmake'
[0.277s] Level 1:colcon.colcon_core.package_identification:_identify(.) by extension 'python'
[0.277s] Level 1:colcon.colcon_core.package_identification:_identify(.) by extensions ['python_setup_py']
[0.277s] Level 1:colcon.colcon_core.package_identification:_identify(.) by extension 'python_setup_py'
[0.277s] Level 1:colcon.colcon_core.package_identification:_identify(build) by extensions ['ignore', 'ignore_ament_install']
[0.278s] Level 1:colcon.colcon_core.package_identification:_identify(build) by extension 'ignore'
[0.278s] Level 1:colcon.colcon_core.package_identification:_identify(build) ignored
[0.278s] Level 1:colcon.colcon_core.package_identification:_identify(install) by extensions ['ignore', 'ignore_ament_install']
[0.278s] Level 1:colcon.colcon_core.package_identification:_identify(install) by extension 'ignore'
[0.278s] Level 1:colcon.colcon_core.package_identification:_identify(install) ignored
[0.278s] Level 1:colcon.colcon_core.package_identification:_identify(log) by extensions ['ignore', 'ignore_ament_install']
[0.278s] Level 1:colcon.colcon_core.package_identification:_identify(log) by extension 'ignore'
[0.278s] Level 1:colcon.colcon_core.package_identification:_identify(log) ignored
[0.279s] Level 1:colcon.colcon_core.package_identification:_identify(src) by extensions ['ignore', 'ignore_ament_install']
[0.279s] Level 1:colcon.colcon_core.package_identification:_identify(src) by extension 'ignore'
[0.279s] Level 1:colcon.colcon_core.package_identification:_identify(src) by extension 'ignore_ament_install'
[0.279s] Level 1:colcon.colcon_core.package_identification:_identify(src) by extensions ['colcon_pkg']
[0.279s] Level 1:colcon.colcon_core.package_identification:_identify(src) by extension 'colcon_pkg'
[0.279s] Level 1:colcon.colcon_core.package_identification:_identify(src) by extensions ['colcon_meta']
[0.279s] Level 1:colcon.colcon_core.package_identification:_identify(src) by extension 'colcon_meta'
[0.279s] Level 1:colcon.colcon_core.package_identification:_identify(src) by extensions ['ros']
[0.279s] Level 1:colcon.colcon_core.package_identification:_identify(src) by extension 'ros'
[0.279s] Level 1:colcon.colcon_core.package_identification:_identify(src) by extensions ['cmake', 'python']
[0.279s] Level 1:colcon.colcon_core.package_identification:_identify(src) by extension 'cmake'
[0.279s] Level 1:colcon.colcon_core.package_identification:_identify(src) by extension 'python'
[0.279s] Level 1:colcon.colcon_core.package_identification:_identify(src) by extensions ['python_setup_py']
[0.279s] Level 1:colcon.colcon_core.package_identification:_identify(src) by extension 'python_setup_py'
[0.279s] Level 1:colcon.colcon_core.package_identification:_identify(src/policy_translation) by extensions ['ignore', 'ignore_ament_install']
[0.280s] Level 1:colcon.colcon_core.package_identification:_identify(src/policy_translation) by extension 'ignore'
[0.280s] Level 1:colcon.colcon_core.package_identification:_identify(src/policy_translation) by extension 'ignore_ament_install'
[0.280s] Level 1:colcon.colcon_core.package_identification:_identify(src/policy_translation) by extensions ['colcon_pkg']
[0.280s] Level 1:colcon.colcon_core.package_identification:_identify(src/policy_translation) by extension 'colcon_pkg'
[0.280s] Level 1:colcon.colcon_core.package_identification:_identify(src/policy_translation) by extensions ['colcon_meta']
[0.280s] Level 1:colcon.colcon_core.package_identification:_identify(src/policy_translation) by extension 'colcon_meta'
[0.280s] Level 1:colcon.colcon_core.package_identification:_identify(src/policy_translation) by extensions ['ros']
[0.280s] Level 1:colcon.colcon_core.package_identification:_identify(src/policy_translation) by extension 'ros'
[0.282s] DEBUG:colcon.colcon_core.package_identification:Package 'src/policy_translation' with type 'ros.ament_cmake' and name 'policy_translation'
[0.282s] Level 1:colcon.colcon_core.package_discovery:discover_packages(recursive) using defaults
[0.283s] Level 1:colcon.colcon_core.package_discovery:discover_packages(ignore) discover
[0.283s] Level 1:colcon.colcon_core.package_discovery:discover_packages(ignore) using defaults
[0.283s] Level 1:colcon.colcon_core.package_discovery:discover_packages(path) discover
[0.283s] Level 1:colcon.colcon_core.package_discovery:discover_packages(path) using defaults
[0.319s] Level 5:colcon.colcon_core.verb:set package 'policy_translation' build argument 'cmake_args' from command line to 'None'
[0.319s] Level 5:colcon.colcon_core.verb:set package 'policy_translation' build argument 'cmake_target' from command line to 'None'
[0.319s] Level 5:colcon.colcon_core.verb:set package 'policy_translation' build argument 'cmake_target_skip_unavailable' from command line to 'False'
[0.319s] Level 5:colcon.colcon_core.verb:set package 'policy_translation' build argument 'cmake_clean_cache' from command line to 'False'
[0.319s] Level 5:colcon.colcon_core.verb:set package 'policy_translation' build argument 'cmake_clean_first' from command line to 'False'
[0.319s] Level 5:colcon.colcon_core.verb:set package 'policy_translation' build argument 'cmake_force_configure' from command line to 'False'
[0.319s] Level 5:colcon.colcon_core.verb:set package 'policy_translation' build argument 'ament_cmake_args' from command line to 'None'
[0.319s] Level 5:colcon.colcon_core.verb:set package 'policy_translation' build argument 'catkin_cmake_args' from command line to 'None'
[0.319s] Level 5:colcon.colcon_core.verb:set package 'policy_translation' build argument 'catkin_skip_building_tests' from command line to 'False'
[0.319s] DEBUG:colcon.colcon_core.verb:Building package 'policy_translation' with the following arguments: {'ament_cmake_args': None, 'build_base': '/home/irg/irg/SemanticPolicies/ros2/build/policy_translation', 'catkin_cmake_args': None, 'catkin_skip_building_tests': False, 'cmake_args': None, 'cmake_clean_cache': False, 'cmake_clean_first': False, 'cmake_force_configure': False, 'cmake_target': None, 'cmake_target_skip_unavailable': False, 'install_base': '/home/irg/irg/SemanticPolicies/ros2/install/policy_translation', 'merge_install': False, 'path': '/home/irg/irg/SemanticPolicies/ros2/src/policy_translation', 'symlink_install': False, 'test_result_base': None}
[0.320s] INFO:colcon.colcon_core.executor:Executing jobs using 'parallel' executor
[0.323s] DEBUG:colcon.colcon_parallel_executor.executor.parallel:run_until_complete
[0.323s] INFO:colcon.colcon_ros.task.ament_cmake.build:Building ROS package in '/home/irg/irg/SemanticPolicies/ros2/src/policy_translation' with build type 'ament_cmake'
[0.324s] INFO:colcon.colcon_cmake.task.cmake.build:Building CMake package in '/home/irg/irg/SemanticPolicies/ros2/src/policy_translation'
[0.342s] INFO:colcon.colcon_core.plugin_system:Skipping extension 'colcon_core.shell.bat': Not used on non-Windows systems
[0.342s] INFO:colcon.colcon_core.shell:Skip shell extension 'powershell' for command environment: Not usable outside of PowerShell
[0.342s] DEBUG:colcon.colcon_core.shell:Skip shell extension 'dsv' for command environment
[0.364s] DEBUG:colcon.colcon_core.shell:Ignoring prefix path '/opt/ros/eloquent'
[0.377s] DEBUG:colcon.colcon_core.event_handler.log_command:Invoking command in '/home/irg/irg/SemanticPolicies/ros2/build/policy_translation': CMAKE_PREFIX_PATH=${CMAKE_PREFIX_PATH}:/home/irg/ros2_eloquent/install/ros2bag:/home/irg/ros2_eloquent/install/tracetools_launch:/home/irg/ros2_eloquent/install/topic_monitor:/home/irg/ros2_eloquent/install/examples_tf2_py:/home/irg/ros2_eloquent/install/sros2:/home/irg/ros2_eloquent/install/rqt_topic:/home/irg/ros2_eloquent/install/rqt_reconfigure:/home/irg/ros2_eloquent/install/rqt_action:/home/irg/ros2_eloquent/install/rqt_console:/home/irg/ros2_eloquent/install/rqt:/home/irg/ros2_eloquent/install/rqt_graph:/home/irg/ros2_eloquent/install/rqt_gui_py:/home/irg/ros2_eloquent/install/rqt_gui:/home/irg/ros2_eloquent/install/ros2trace:/home/irg/ros2_eloquent/install/ros2topic:/home/irg/ros2_eloquent/install/ros2test:/home/irg/ros2_eloquent/install/ros2srv:/home/irg/ros2_eloquent/install/ros2component:/home/irg/ros2_eloquent/install/ros2param:/home/irg/ros2_eloquent/install/ros2lifecycle:/home/irg/ros2_eloquent/install/ros2service:/home/irg/ros2_eloquent/install/ros2run:/home/irg/ros2_eloquent/install/ros2launch:/home/irg/ros2_eloquent/install/ros2pkg:/home/irg/ros2_eloquent/install/ros2node:/home/irg/ros2_eloquent/install/ros2multicast:/home/irg/ros2_eloquent/install/ros2msg:/home/irg/ros2_eloquent/install/ros2interface:/home/irg/ros2_eloquent/install/ros2doctor:/home/irg/ros2_eloquent/install/ros2action:/home/irg/ros2_eloquent/install/ros2cli:/home/irg/ros2_eloquent/install/quality_of_service_demo_py:/home/irg/ros2_eloquent/install/launch_testing_ros:/home/irg/ros2_eloquent/install/launch_ros:/home/irg/ros2_eloquent/install/examples_rclpy_minimal_subscriber:/home/irg/ros2_eloquent/install/examples_rclpy_minimal_service:/home/irg/ros2_eloquent/install/examples_rclpy_minimal_publisher:/home/irg/ros2_eloquent/install/examples_rclpy_minimal_client:/home/irg/ros2_eloquent/install/examples_rclpy_minimal_action_server:/home/irg/ros2_eloquent/install/examples_rclpy_minimal_action_client:/home/irg/ros2_eloquent/install/examples_rclpy_executors:/home/irg/ros2_eloquent/install/demo_nodes_py:/home/irg/ros2_eloquent/install/action_tutorials_py:/home/irg/ros2_eloquent/install/ament_uncrustify:/home/irg/ros2_eloquent/install/tracetools_trace:/home/irg/ros2_eloquent/install/tracetools_read:/home/irg/ros2_eloquent/install/test_launch_ros:/home/irg/ros2_eloquent/install/rosidl_runtime_py:/home/irg/ros2_eloquent/install/launch_yaml:/home/irg/ros2_eloquent/install/launch_xml:/home/irg/ros2_eloquent/install/launch_testing:/home/irg/ros2_eloquent/install/launch:/home/irg/ros2_eloquent/install/osrf_pycommon:/home/irg/ros2_eloquent/install/domain_coordinator:/home/irg/ros2_eloquent/install/ament_xmllint:/home/irg/ros2_eloquent/install/ament_pyflakes:/home/irg/ros2_eloquent/install/ament_pep8:/home/irg/ros2_eloquent/install/ament_pep257:/home/irg/ros2_eloquent/install/ament_pclint:/home/irg/ros2_eloquent/install/ament_package:/home/irg/ros2_eloquent/install/ament_mypy:/home/irg/ros2_eloquent/install/ament_lint_cmake:/home/irg/ros2_eloquent/install/ament_flake8:/home/irg/ros2_eloquent/install/ament_copyright:/home/irg/ros2_eloquent/install/ament_lint:/home/irg/ros2_eloquent/install/ament_index_python:/home/irg/ros2_eloquent/install/ament_cpplint:/home/irg/ros2_eloquent/install/ament_cppcheck:/home/irg/ros2_eloquent/install/ament_clang_tidy:/home/irg/ros2_eloquent/install/ament_clang_format:/opt/ros/eloquent CONDA_PROMPT_MODIFIER=(lang_pol) /usr/bin/cmake /home/irg/irg/SemanticPolicies/ros2/src/policy_translation -DCMAKE_INSTALL_PREFIX=/home/irg/irg/SemanticPolicies/ros2/install/policy_translation
[11.200s] DEBUG:colcon.colcon_core.event_handler.log_command:Invoked command in '/home/irg/irg/SemanticPolicies/ros2/build/policy_translation' returned '0': CMAKE_PREFIX_PATH=${CMAKE_PREFIX_PATH}:/home/irg/ros2_eloquent/install/ros2bag:/home/irg/ros2_eloquent/install/tracetools_launch:/home/irg/ros2_eloquent/install/topic_monitor:/home/irg/ros2_eloquent/install/examples_tf2_py:/home/irg/ros2_eloquent/install/sros2:/home/irg/ros2_eloquent/install/rqt_topic:/home/irg/ros2_eloquent/install/rqt_reconfigure:/home/irg/ros2_eloquent/install/rqt_action:/home/irg/ros2_eloquent/install/rqt_console:/home/irg/ros2_eloquent/install/rqt:/home/irg/ros2_eloquent/install/rqt_graph:/home/irg/ros2_eloquent/install/rqt_gui_py:/home/irg/ros2_eloquent/install/rqt_gui:/home/irg/ros2_eloquent/install/ros2trace:/home/irg/ros2_eloquent/install/ros2topic:/home/irg/ros2_eloquent/install/ros2test:/home/irg/ros2_eloquent/install/ros2srv:/home/irg/ros2_eloquent/install/ros2component:/home/irg/ros2_eloquent/install/ros2param:/home/irg/ros2_eloquent/install/ros2lifecycle:/home/irg/ros2_eloquent/install/ros2service:/home/irg/ros2_eloquent/install/ros2run:/home/irg/ros2_eloquent/install/ros2launch:/home/irg/ros2_eloquent/install/ros2pkg:/home/irg/ros2_eloquent/install/ros2node:/home/irg/ros2_eloquent/install/ros2multicast:/home/irg/ros2_eloquent/install/ros2msg:/home/irg/ros2_eloquent/install/ros2interface:/home/irg/ros2_eloquent/install/ros2doctor:/home/irg/ros2_eloquent/install/ros2action:/home/irg/ros2_eloquent/install/ros2cli:/home/irg/ros2_eloquent/install/quality_of_service_demo_py:/home/irg/ros2_eloquent/install/launch_testing_ros:/home/irg/ros2_eloquent/install/launch_ros:/home/irg/ros2_eloquent/install/examples_rclpy_minimal_subscriber:/home/irg/ros2_eloquent/install/examples_rclpy_minimal_service:/home/irg/ros2_eloquent/install/examples_rclpy_minimal_publisher:/home/irg/ros2_eloquent/install/examples_rclpy_minimal_client:/home/irg/ros2_eloquent/install/examples_rclpy_minimal_action_server:/home/irg/ros2_eloquent/install/examples_rclpy_minimal_action_client:/home/irg/ros2_eloquent/install/examples_rclpy_executors:/home/irg/ros2_eloquent/install/demo_nodes_py:/home/irg/ros2_eloquent/install/action_tutorials_py:/home/irg/ros2_eloquent/install/ament_uncrustify:/home/irg/ros2_eloquent/install/tracetools_trace:/home/irg/ros2_eloquent/install/tracetools_read:/home/irg/ros2_eloquent/install/test_launch_ros:/home/irg/ros2_eloquent/install/rosidl_runtime_py:/home/irg/ros2_eloquent/install/launch_yaml:/home/irg/ros2_eloquent/install/launch_xml:/home/irg/ros2_eloquent/install/launch_testing:/home/irg/ros2_eloquent/install/launch:/home/irg/ros2_eloquent/install/osrf_pycommon:/home/irg/ros2_eloquent/install/domain_coordinator:/home/irg/ros2_eloquent/install/ament_xmllint:/home/irg/ros2_eloquent/install/ament_pyflakes:/home/irg/ros2_eloquent/install/ament_pep8:/home/irg/ros2_eloquent/install/ament_pep257:/home/irg/ros2_eloquent/install/ament_pclint:/home/irg/ros2_eloquent/install/ament_package:/home/irg/ros2_eloquent/install/ament_mypy:/home/irg/ros2_eloquent/install/ament_lint_cmake:/home/irg/ros2_eloquent/install/ament_flake8:/home/irg/ros2_eloquent/install/ament_copyright:/home/irg/ros2_eloquent/install/ament_lint:/home/irg/ros2_eloquent/install/ament_index_python:/home/irg/ros2_eloquent/install/ament_cpplint:/home/irg/ros2_eloquent/install/ament_cppcheck:/home/irg/ros2_eloquent/install/ament_clang_tidy:/home/irg/ros2_eloquent/install/ament_clang_format:/opt/ros/eloquent CONDA_PROMPT_MODIFIER=(lang_pol) /usr/bin/cmake /home/irg/irg/SemanticPolicies/ros2/src/policy_translation -DCMAKE_INSTALL_PREFIX=/home/irg/irg/SemanticPolicies/ros2/install/policy_translation
[11.204s] DEBUG:colcon.colcon_core.event_handler.log_command:Invoking command in '/home/irg/irg/SemanticPolicies/ros2/build/policy_translation': CMAKE_PREFIX_PATH=${CMAKE_PREFIX_PATH}:/home/irg/ros2_eloquent/install/ros2bag:/home/irg/ros2_eloquent/install/tracetools_launch:/home/irg/ros2_eloquent/install/topic_monitor:/home/irg/ros2_eloquent/install/examples_tf2_py:/home/irg/ros2_eloquent/install/sros2:/home/irg/ros2_eloquent/install/rqt_topic:/home/irg/ros2_eloquent/install/rqt_reconfigure:/home/irg/ros2_eloquent/install/rqt_action:/home/irg/ros2_eloquent/install/rqt_console:/home/irg/ros2_eloquent/install/rqt:/home/irg/ros2_eloquent/install/rqt_graph:/home/irg/ros2_eloquent/install/rqt_gui_py:/home/irg/ros2_eloquent/install/rqt_gui:/home/irg/ros2_eloquent/install/ros2trace:/home/irg/ros2_eloquent/install/ros2topic:/home/irg/ros2_eloquent/install/ros2test:/home/irg/ros2_eloquent/install/ros2srv:/home/irg/ros2_eloquent/install/ros2component:/home/irg/ros2_eloquent/install/ros2param:/home/irg/ros2_eloquent/install/ros2lifecycle:/home/irg/ros2_eloquent/install/ros2service:/home/irg/ros2_eloquent/install/ros2run:/home/irg/ros2_eloquent/install/ros2launch:/home/irg/ros2_eloquent/install/ros2pkg:/home/irg/ros2_eloquent/install/ros2node:/home/irg/ros2_eloquent/install/ros2multicast:/home/irg/ros2_eloquent/install/ros2msg:/home/irg/ros2_eloquent/install/ros2interface:/home/irg/ros2_eloquent/install/ros2doctor:/home/irg/ros2_eloquent/install/ros2action:/home/irg/ros2_eloquent/install/ros2cli:/home/irg/ros2_eloquent/install/quality_of_service_demo_py:/home/irg/ros2_eloquent/install/launch_testing_ros:/home/irg/ros2_eloquent/install/launch_ros:/home/irg/ros2_eloquent/install/examples_rclpy_minimal_subscriber:/home/irg/ros2_eloquent/install/examples_rclpy_minimal_service:/home/irg/ros2_eloquent/install/examples_rclpy_minimal_publisher:/home/irg/ros2_eloquent/install/examples_rclpy_minimal_client:/home/irg/ros2_eloquent/install/examples_rclpy_minimal_action_server:/home/irg/ros2_eloquent/install/examples_rclpy_minimal_action_client:/home/irg/ros2_eloquent/install/examples_rclpy_executors:/home/irg/ros2_eloquent/install/demo_nodes_py:/home/irg/ros2_eloquent/install/action_tutorials_py:/home/irg/ros2_eloquent/install/ament_uncrustify:/home/irg/ros2_eloquent/install/tracetools_trace:/home/irg/ros2_eloquent/install/tracetools_read:/home/irg/ros2_eloquent/install/test_launch_ros:/home/irg/ros2_eloquent/install/rosidl_runtime_py:/home/irg/ros2_eloquent/install/launch_yaml:/home/irg/ros2_eloquent/install/launch_xml:/home/irg/ros2_eloquent/install/launch_testing:/home/irg/ros2_eloquent/install/launch:/home/irg/ros2_eloquent/install/osrf_pycommon:/home/irg/ros2_eloquent/install/domain_coordinator:/home/irg/ros2_eloquent/install/ament_xmllint:/home/irg/ros2_eloquent/install/ament_pyflakes:/home/irg/ros2_eloquent/install/ament_pep8:/home/irg/ros2_eloquent/install/ament_pep257:/home/irg/ros2_eloquent/install/ament_pclint:/home/irg/ros2_eloquent/install/ament_package:/home/irg/ros2_eloquent/install/ament_mypy:/home/irg/ros2_eloquent/install/ament_lint_cmake:/home/irg/ros2_eloquent/install/ament_flake8:/home/irg/ros2_eloquent/install/ament_copyright:/home/irg/ros2_eloquent/install/ament_lint:/home/irg/ros2_eloquent/install/ament_index_python:/home/irg/ros2_eloquent/install/ament_cpplint:/home/irg/ros2_eloquent/install/ament_cppcheck:/home/irg/ros2_eloquent/install/ament_clang_tidy:/home/irg/ros2_eloquent/install/ament_clang_format:/opt/ros/eloquent CONDA_PROMPT_MODIFIER=(lang_pol) /usr/bin/cmake --build /home/irg/irg/SemanticPolicies/ros2/build/policy_translation -- -j8 -l8
[16.647s] DEBUG:colcon.colcon_core.event_handler.log_command:Invoked command in '/home/irg/irg/SemanticPolicies/ros2/build/policy_translation' returned '0': CMAKE_PREFIX_PATH=${CMAKE_PREFIX_PATH}:/home/irg/ros2_eloquent/install/ros2bag:/home/irg/ros2_eloquent/install/tracetools_launch:/home/irg/ros2_eloquent/install/topic_monitor:/home/irg/ros2_eloquent/install/examples_tf2_py:/home/irg/ros2_eloquent/install/sros2:/home/irg/ros2_eloquent/install/rqt_topic:/home/irg/ros2_eloquent/install/rqt_reconfigure:/home/irg/ros2_eloquent/install/rqt_action:/home/irg/ros2_eloquent/install/rqt_console:/home/irg/ros2_eloquent/install/rqt:/home/irg/ros2_eloquent/install/rqt_graph:/home/irg/ros2_eloquent/install/rqt_gui_py:/home/irg/ros2_eloquent/install/rqt_gui:/home/irg/ros2_eloquent/install/ros2trace:/home/irg/ros2_eloquent/install/ros2topic:/home/irg/ros2_eloquent/install/ros2test:/home/irg/ros2_eloquent/install/ros2srv:/home/irg/ros2_eloquent/install/ros2component:/home/irg/ros2_eloquent/install/ros2param:/home/irg/ros2_eloquent/install/ros2lifecycle:/home/irg/ros2_eloquent/install/ros2service:/home/irg/ros2_eloquent/install/ros2run:/home/irg/ros2_eloquent/install/ros2launch:/home/irg/ros2_eloquent/install/ros2pkg:/home/irg/ros2_eloquent/install/ros2node:/home/irg/ros2_eloquent/install/ros2multicast:/home/irg/ros2_eloquent/install/ros2msg:/home/irg/ros2_eloquent/install/ros2interface:/home/irg/ros2_eloquent/install/ros2doctor:/home/irg/ros2_eloquent/install/ros2action:/home/irg/ros2_eloquent/install/ros2cli:/home/irg/ros2_eloquent/install/quality_of_service_demo_py:/home/irg/ros2_eloquent/install/launch_testing_ros:/home/irg/ros2_eloquent/install/launch_ros:/home/irg/ros2_eloquent/install/examples_rclpy_minimal_subscriber:/home/irg/ros2_eloquent/install/examples_rclpy_minimal_service:/home/irg/ros2_eloquent/install/examples_rclpy_minimal_publisher:/home/irg/ros2_eloquent/install/examples_rclpy_minimal_client:/home/irg/ros2_eloquent/install/examples_rclpy_minimal_action_server:/home/irg/ros2_eloquent/install/examples_rclpy_minimal_action_client:/home/irg/ros2_eloquent/install/examples_rclpy_executors:/home/irg/ros2_eloquent/install/demo_nodes_py:/home/irg/ros2_eloquent/install/action_tutorials_py:/home/irg/ros2_eloquent/install/ament_uncrustify:/home/irg/ros2_eloquent/install/tracetools_trace:/home/irg/ros2_eloquent/install/tracetools_read:/home/irg/ros2_eloquent/install/test_launch_ros:/home/irg/ros2_eloquent/install/rosidl_runtime_py:/home/irg/ros2_eloquent/install/launch_yaml:/home/irg/ros2_eloquent/install/launch_xml:/home/irg/ros2_eloquent/install/launch_testing:/home/irg/ros2_eloquent/install/launch:/home/irg/ros2_eloquent/install/osrf_pycommon:/home/irg/ros2_eloquent/install/domain_coordinator:/home/irg/ros2_eloquent/install/ament_xmllint:/home/irg/ros2_eloquent/install/ament_pyflakes:/home/irg/ros2_eloquent/install/ament_pep8:/home/irg/ros2_eloquent/install/ament_pep257:/home/irg/ros2_eloquent/install/ament_pclint:/home/irg/ros2_eloquent/install/ament_package:/home/irg/ros2_eloquent/install/ament_mypy:/home/irg/ros2_eloquent/install/ament_lint_cmake:/home/irg/ros2_eloquent/install/ament_flake8:/home/irg/ros2_eloquent/install/ament_copyright:/home/irg/ros2_eloquent/install/ament_lint:/home/irg/ros2_eloquent/install/ament_index_python:/home/irg/ros2_eloquent/install/ament_cpplint:/home/irg/ros2_eloquent/install/ament_cppcheck:/home/irg/ros2_eloquent/install/ament_clang_tidy:/home/irg/ros2_eloquent/install/ament_clang_format:/opt/ros/eloquent CONDA_PROMPT_MODIFIER=(lang_pol) /usr/bin/cmake --build /home/irg/irg/SemanticPolicies/ros2/build/policy_translation -- -j8 -l8
[17.094s] DEBUG:colcon.colcon_core.event_handler.log_command:Invoking command in '/home/irg/irg/SemanticPolicies/ros2/build/policy_translation': CMAKE_PREFIX_PATH=${CMAKE_PREFIX_PATH}:/home/irg/ros2_eloquent/install/ros2bag:/home/irg/ros2_eloquent/install/tracetools_launch:/home/irg/ros2_eloquent/install/topic_monitor:/home/irg/ros2_eloquent/install/examples_tf2_py:/home/irg/ros2_eloquent/install/sros2:/home/irg/ros2_eloquent/install/rqt_topic:/home/irg/ros2_eloquent/install/rqt_reconfigure:/home/irg/ros2_eloquent/install/rqt_action:/home/irg/ros2_eloquent/install/rqt_console:/home/irg/ros2_eloquent/install/rqt:/home/irg/ros2_eloquent/install/rqt_graph:/home/irg/ros2_eloquent/install/rqt_gui_py:/home/irg/ros2_eloquent/install/rqt_gui:/home/irg/ros2_eloquent/install/ros2trace:/home/irg/ros2_eloquent/install/ros2topic:/home/irg/ros2_eloquent/install/ros2test:/home/irg/ros2_eloquent/install/ros2srv:/home/irg/ros2_eloquent/install/ros2component:/home/irg/ros2_eloquent/install/ros2param:/home/irg/ros2_eloquent/install/ros2lifecycle:/home/irg/ros2_eloquent/install/ros2service:/home/irg/ros2_eloquent/install/ros2run:/home/irg/ros2_eloquent/install/ros2launch:/home/irg/ros2_eloquent/install/ros2pkg:/home/irg/ros2_eloquent/install/ros2node:/home/irg/ros2_eloquent/install/ros2multicast:/home/irg/ros2_eloquent/install/ros2msg:/home/irg/ros2_eloquent/install/ros2interface:/home/irg/ros2_eloquent/install/ros2doctor:/home/irg/ros2_eloquent/install/ros2action:/home/irg/ros2_eloquent/install/ros2cli:/home/irg/ros2_eloquent/install/quality_of_service_demo_py:/home/irg/ros2_eloquent/install/launch_testing_ros:/home/irg/ros2_eloquent/install/launch_ros:/home/irg/ros2_eloquent/install/examples_rclpy_minimal_subscriber:/home/irg/ros2_eloquent/install/examples_rclpy_minimal_service:/home/irg/ros2_eloquent/install/examples_rclpy_minimal_publisher:/home/irg/ros2_eloquent/install/examples_rclpy_minimal_client:/home/irg/ros2_eloquent/install/examples_rclpy_minimal_action_server:/home/irg/ros2_eloquent/install/examples_rclpy_minimal_action_client:/home/irg/ros2_eloquent/install/examples_rclpy_executors:/home/irg/ros2_eloquent/install/demo_nodes_py:/home/irg/ros2_eloquent/install/action_tutorials_py:/home/irg/ros2_eloquent/install/ament_uncrustify:/home/irg/ros2_eloquent/install/tracetools_trace:/home/irg/ros2_eloquent/install/tracetools_read:/home/irg/ros2_eloquent/install/test_launch_ros:/home/irg/ros2_eloquent/install/rosidl_runtime_py:/home/irg/ros2_eloquent/install/launch_yaml:/home/irg/ros2_eloquent/install/launch_xml:/home/irg/ros2_eloquent/install/launch_testing:/home/irg/ros2_eloquent/install/launch:/home/irg/ros2_eloquent/install/osrf_pycommon:/home/irg/ros2_eloquent/install/domain_coordinator:/home/irg/ros2_eloquent/install/ament_xmllint:/home/irg/ros2_eloquent/install/ament_pyflakes:/home/irg/ros2_eloquent/install/ament_pep8:/home/irg/ros2_eloquent/install/ament_pep257:/home/irg/ros2_eloquent/install/ament_pclint:/home/irg/ros2_eloquent/install/ament_package:/home/irg/ros2_eloquent/install/ament_mypy:/home/irg/ros2_eloquent/install/ament_lint_cmake:/home/irg/ros2_eloquent/install/ament_flake8:/home/irg/ros2_eloquent/install/ament_copyright:/home/irg/ros2_eloquent/install/ament_lint:/home/irg/ros2_eloquent/install/ament_index_python:/home/irg/ros2_eloquent/install/ament_cpplint:/home/irg/ros2_eloquent/install/ament_cppcheck:/home/irg/ros2_eloquent/install/ament_clang_tidy:/home/irg/ros2_eloquent/install/ament_clang_format:/opt/ros/eloquent CONDA_PROMPT_MODIFIER=(lang_pol) /usr/bin/cmake --build /home/irg/irg/SemanticPolicies/ros2/build/policy_translation --target install -- -j8 -l8
[17.752s] Level 1:colcon.colcon_core.environment:create_environment_scripts_only(policy_translation)
[17.754s] DEBUG:colcon.colcon_core.event_handler.log_command:Invoked command in '/home/irg/irg/SemanticPolicies/ros2/build/policy_translation' returned '0': CMAKE_PREFIX_PATH=${CMAKE_PREFIX_PATH}:/home/irg/ros2_eloquent/install/ros2bag:/home/irg/ros2_eloquent/install/tracetools_launch:/home/irg/ros2_eloquent/install/topic_monitor:/home/irg/ros2_eloquent/install/examples_tf2_py:/home/irg/ros2_eloquent/install/sros2:/home/irg/ros2_eloquent/install/rqt_topic:/home/irg/ros2_eloquent/install/rqt_reconfigure:/home/irg/ros2_eloquent/install/rqt_action:/home/irg/ros2_eloquent/install/rqt_console:/home/irg/ros2_eloquent/install/rqt:/home/irg/ros2_eloquent/install/rqt_graph:/home/irg/ros2_eloquent/install/rqt_gui_py:/home/irg/ros2_eloquent/install/rqt_gui:/home/irg/ros2_eloquent/install/ros2trace:/home/irg/ros2_eloquent/install/ros2topic:/home/irg/ros2_eloquent/install/ros2test:/home/irg/ros2_eloquent/install/ros2srv:/home/irg/ros2_eloquent/install/ros2component:/home/irg/ros2_eloquent/install/ros2param:/home/irg/ros2_eloquent/install/ros2lifecycle:/home/irg/ros2_eloquent/install/ros2service:/home/irg/ros2_eloquent/install/ros2run:/home/irg/ros2_eloquent/install/ros2launch:/home/irg/ros2_eloquent/install/ros2pkg:/home/irg/ros2_eloquent/install/ros2node:/home/irg/ros2_eloquent/install/ros2multicast:/home/irg/ros2_eloquent/install/ros2msg:/home/irg/ros2_eloquent/install/ros2interface:/home/irg/ros2_eloquent/install/ros2doctor:/home/irg/ros2_eloquent/install/ros2action:/home/irg/ros2_eloquent/install/ros2cli:/home/irg/ros2_eloquent/install/quality_of_service_demo_py:/home/irg/ros2_eloquent/install/launch_testing_ros:/home/irg/ros2_eloquent/install/launch_ros:/home/irg/ros2_eloquent/install/examples_rclpy_minimal_subscriber:/home/irg/ros2_eloquent/install/examples_rclpy_minimal_service:/home/irg/ros2_eloquent/install/examples_rclpy_minimal_publisher:/home/irg/ros2_eloquent/install/examples_rclpy_minimal_client:/home/irg/ros2_eloquent/install/examples_rclpy_minimal_action_server:/home/irg/ros2_eloquent/install/examples_rclpy_minimal_action_client:/home/irg/ros2_eloquent/install/examples_rclpy_executors:/home/irg/ros2_eloquent/install/demo_nodes_py:/home/irg/ros2_eloquent/install/action_tutorials_py:/home/irg/ros2_eloquent/install/ament_uncrustify:/home/irg/ros2_eloquent/install/tracetools_trace:/home/irg/ros2_eloquent/install/tracetools_read:/home/irg/ros2_eloquent/install/test_launch_ros:/home/irg/ros2_eloquent/install/rosidl_runtime_py:/home/irg/ros2_eloquent/install/launch_yaml:/home/irg/ros2_eloquent/install/launch_xml:/home/irg/ros2_eloquent/install/launch_testing:/home/irg/ros2_eloquent/install/launch:/home/irg/ros2_eloquent/install/osrf_pycommon:/home/irg/ros2_eloquent/install/domain_coordinator:/home/irg/ros2_eloquent/install/ament_xmllint:/home/irg/ros2_eloquent/install/ament_pyflakes:/home/irg/ros2_eloquent/install/ament_pep8:/home/irg/ros2_eloquent/install/ament_pep257:/home/irg/ros2_eloquent/install/ament_pclint:/home/irg/ros2_eloquent/install/ament_package:/home/irg/ros2_eloquent/install/ament_mypy:/home/irg/ros2_eloquent/install/ament_lint_cmake:/home/irg/ros2_eloquent/install/ament_flake8:/home/irg/ros2_eloquent/install/ament_copyright:/home/irg/ros2_eloquent/install/ament_lint:/home/irg/ros2_eloquent/install/ament_index_python:/home/irg/ros2_eloquent/install/ament_cpplint:/home/irg/ros2_eloquent/install/ament_cppcheck:/home/irg/ros2_eloquent/install/ament_clang_tidy:/home/irg/ros2_eloquent/install/ament_clang_format:/opt/ros/eloquent CONDA_PROMPT_MODIFIER=(lang_pol) /usr/bin/cmake --build /home/irg/irg/SemanticPolicies/ros2/build/policy_translation --target install -- -j8 -l8
[17.760s] Level 1:colcon.colcon_core.environment:checking '/home/irg/irg/SemanticPolicies/ros2/install/policy_translation' for CMake module files
[17.761s] Level 1:colcon.colcon_core.environment:checking '/home/irg/irg/SemanticPolicies/ros2/install/policy_translation' for CMake config files
[17.762s] Level 1:colcon.colcon_core.shell:create_environment_hook('policy_translation', 'cmake_prefix_path')
[17.763s] INFO:colcon.colcon_core.shell:Creating environment hook '/home/irg/irg/SemanticPolicies/ros2/install/policy_translation/share/policy_translation/hook/cmake_prefix_path.ps1'
[17.763s] INFO:colcon.colcon_core.shell:Creating environment descriptor '/home/irg/irg/SemanticPolicies/ros2/install/policy_translation/share/policy_translation/hook/cmake_prefix_path.dsv'
[17.764s] INFO:colcon.colcon_core.shell:Creating environment hook '/home/irg/irg/SemanticPolicies/ros2/install/policy_translation/share/policy_translation/hook/cmake_prefix_path.sh'
[17.765s] Level 1:colcon.colcon_core.environment:checking '/home/irg/irg/SemanticPolicies/ros2/install/policy_translation/lib'
[17.765s] Level 1:colcon.colcon_core.shell:create_environment_hook('policy_translation', 'ld_library_path_lib')
[17.766s] INFO:colcon.colcon_core.shell:Creating environment hook '/home/irg/irg/SemanticPolicies/ros2/install/policy_translation/share/policy_translation/hook/ld_library_path_lib.ps1'
[17.766s] INFO:colcon.colcon_core.shell:Creating environment descriptor '/home/irg/irg/SemanticPolicies/ros2/install/policy_translation/share/policy_translation/hook/ld_library_path_lib.dsv'
[17.767s] INFO:colcon.colcon_core.shell:Creating environment hook '/home/irg/irg/SemanticPolicies/ros2/install/policy_translation/share/policy_translation/hook/ld_library_path_lib.sh'
[17.767s] Level 1:colcon.colcon_core.environment:checking '/home/irg/irg/SemanticPolicies/ros2/install/policy_translation/bin'
[17.767s] Level 1:colcon.colcon_core.environment:checking '/home/irg/irg/SemanticPolicies/ros2/install/policy_translation/lib/pkgconfig/policy_translation.pc'
[17.767s] Level 1:colcon.colcon_core.environment:checking '/home/irg/irg/SemanticPolicies/ros2/install/policy_translation/lib/python3.6/site-packages'
[17.767s] Level 1:colcon.colcon_core.shell:create_environment_hook('policy_translation', 'pythonpath')
[17.768s] INFO:colcon.colcon_core.shell:Creating environment hook '/home/irg/irg/SemanticPolicies/ros2/install/policy_translation/share/policy_translation/hook/pythonpath.ps1'
[17.769s] INFO:colcon.colcon_core.shell:Creating environment descriptor '/home/irg/irg/SemanticPolicies/ros2/install/policy_translation/share/policy_translation/hook/pythonpath.dsv'
[17.769s] INFO:colcon.colcon_core.shell:Creating environment hook '/home/irg/irg/SemanticPolicies/ros2/install/policy_translation/share/policy_translation/hook/pythonpath.sh'
[17.770s] INFO:colcon.colcon_core.shell:Creating package script '/home/irg/irg/SemanticPolicies/ros2/install/policy_translation/share/policy_translation/package.ps1'
[17.771s] INFO:colcon.colcon_core.shell:Creating package descriptor '/home/irg/irg/SemanticPolicies/ros2/install/policy_translation/share/policy_translation/package.dsv'
[17.772s] INFO:colcon.colcon_core.shell:Creating package script '/home/irg/irg/SemanticPolicies/ros2/install/policy_translation/share/policy_translation/package.sh'
[17.773s] INFO:colcon.colcon_core.shell:Creating package script '/home/irg/irg/SemanticPolicies/ros2/install/policy_translation/share/policy_translation/package.bash'
[17.774s] INFO:colcon.colcon_core.shell:Creating package script '/home/irg/irg/SemanticPolicies/ros2/install/policy_translation/share/policy_translation/package.zsh'
[17.774s] Level 1:colcon.colcon_core.environment:create_file_with_runtime_dependencies(/home/irg/irg/SemanticPolicies/ros2/install/policy_translation/share/colcon-core/packages/policy_translation)
[18.169s] Level 1:colcon.colcon_core.environment:create_environment_scripts_only(policy_translation)
[18.172s] Level 1:colcon.colcon_core.environment:checking '/home/irg/irg/SemanticPolicies/ros2/install/policy_translation' for CMake module files
[18.173s] Level 1:colcon.colcon_core.environment:checking '/home/irg/irg/SemanticPolicies/ros2/install/policy_translation' for CMake config files
[18.173s] Level 1:colcon.colcon_core.shell:create_environment_hook('policy_translation', 'cmake_prefix_path')
[18.175s] INFO:colcon.colcon_core.shell:Creating environment hook '/home/irg/irg/SemanticPolicies/ros2/install/policy_translation/share/policy_translation/hook/cmake_prefix_path.ps1'
[18.176s] INFO:colcon.colcon_core.shell:Creating environment descriptor '/home/irg/irg/SemanticPolicies/ros2/install/policy_translation/share/policy_translation/hook/cmake_prefix_path.dsv'
[18.176s] INFO:colcon.colcon_core.shell:Creating environment hook '/home/irg/irg/SemanticPolicies/ros2/install/policy_translation/share/policy_translation/hook/cmake_prefix_path.sh'
[18.178s] Level 1:colcon.colcon_core.environment:checking '/home/irg/irg/SemanticPolicies/ros2/install/policy_translation/lib'
[18.178s] Level 1:colcon.colcon_core.shell:create_environment_hook('policy_translation', 'ld_library_path_lib')
[18.180s] INFO:colcon.colcon_core.shell:Creating environment hook '/home/irg/irg/SemanticPolicies/ros2/install/policy_translation/share/policy_translation/hook/ld_library_path_lib.ps1'
[18.181s] INFO:colcon.colcon_core.shell:Creating environment descriptor '/home/irg/irg/SemanticPolicies/ros2/install/policy_translation/share/policy_translation/hook/ld_library_path_lib.dsv'
[18.181s] INFO:colcon.colcon_core.shell:Creating environment hook '/home/irg/irg/SemanticPolicies/ros2/install/policy_translation/share/policy_translation/hook/ld_library_path_lib.sh'
[18.182s] Level 1:colcon.colcon_core.environment:checking '/home/irg/irg/SemanticPolicies/ros2/install/policy_translation/bin'
[18.182s] Level 1:colcon.colcon_core.environment:checking '/home/irg/irg/SemanticPolicies/ros2/install/policy_translation/lib/pkgconfig/policy_translation.pc'
[18.182s] Level 1:colcon.colcon_core.environment:checking '/home/irg/irg/SemanticPolicies/ros2/install/policy_translation/lib/python3.6/site-packages'
[18.182s] Level 1:colcon.colcon_core.shell:create_environment_hook('policy_translation', 'pythonpath')
[18.184s] INFO:colcon.colcon_core.shell:Creating environment hook '/home/irg/irg/SemanticPolicies/ros2/install/policy_translation/share/policy_translation/hook/pythonpath.ps1'
[18.184s] INFO:colcon.colcon_core.shell:Creating environment descriptor '/home/irg/irg/SemanticPolicies/ros2/install/policy_translation/share/policy_translation/hook/pythonpath.dsv'
[18.184s] INFO:colcon.colcon_core.shell:Creating environment hook '/home/irg/irg/SemanticPolicies/ros2/install/policy_translation/share/policy_translation/hook/pythonpath.sh'
[18.186s] INFO:colcon.colcon_core.shell:Creating package script '/home/irg/irg/SemanticPolicies/ros2/install/policy_translation/share/policy_translation/package.ps1'
[18.187s] INFO:colcon.colcon_core.shell:Creating package descriptor '/home/irg/irg/SemanticPolicies/ros2/install/policy_translation/share/policy_translation/package.dsv'
[18.187s] INFO:colcon.colcon_core.shell:Creating package script '/home/irg/irg/SemanticPolicies/ros2/install/policy_translation/share/policy_translation/package.sh'
[18.188s] INFO:colcon.colcon_core.shell:Creating package script '/home/irg/irg/SemanticPolicies/ros2/install/policy_translation/share/policy_translation/package.bash'
[18.188s] INFO:colcon.colcon_core.shell:Creating package script '/home/irg/irg/SemanticPolicies/ros2/install/policy_translation/share/policy_translation/package.zsh'
[18.189s] Level 1:colcon.colcon_core.environment:create_file_with_runtime_dependencies(/home/irg/irg/SemanticPolicies/ros2/install/policy_translation/share/colcon-core/packages/policy_translation)
[18.189s] DEBUG:colcon.colcon_parallel_executor.executor.parallel:closing loop
[18.190s] DEBUG:colcon.colcon_parallel_executor.executor.parallel:loop closed
[18.190s] DEBUG:colcon.colcon_parallel_executor.executor.parallel:run_until_complete finished with '0'
[18.190s] DEBUG:colcon.colcon_core.event_reactor:joining thread
[18.203s] INFO:colcon.colcon_core.plugin_system:Skipping extension 'colcon_notification.desktop_notification.terminal_notifier': Not used on non-Darwin systems
[18.203s] INFO:colcon.colcon_core.plugin_system:Skipping extension 'colcon_notification.desktop_notification.win32': Not used on non-Windows systems
[18.203s] INFO:colcon.colcon_notification.desktop_notification:Sending desktop notification using 'notify2'
[18.206s] DEBUG:colcon.colcon_core.event_reactor:joined thread
[18.207s] INFO:colcon.colcon_core.shell:Creating prefix script '/home/irg/irg/SemanticPolicies/ros2/install/local_setup.ps1'
[18.208s] INFO:colcon.colcon_core.shell:Creating prefix util module '/home/irg/irg/SemanticPolicies/ros2/install/_local_setup_util_ps1.py'
[18.210s] INFO:colcon.colcon_core.shell:Creating prefix chain script '/home/irg/irg/SemanticPolicies/ros2/install/setup.ps1'
[18.224s] INFO:colcon.colcon_core.shell:Creating prefix script '/home/irg/irg/SemanticPolicies/ros2/install/local_setup.sh'
[18.225s] INFO:colcon.colcon_core.shell:Creating prefix util module '/home/irg/irg/SemanticPolicies/ros2/install/_local_setup_util_sh.py'
[18.226s] INFO:colcon.colcon_core.shell:Creating prefix chain script '/home/irg/irg/SemanticPolicies/ros2/install/setup.sh'
[18.240s] INFO:colcon.colcon_core.shell:Creating prefix script '/home/irg/irg/SemanticPolicies/ros2/install/local_setup.bash'
[18.241s] INFO:colcon.colcon_core.shell:Creating prefix chain script '/home/irg/irg/SemanticPolicies/ros2/install/setup.bash'
[18.255s] INFO:colcon.colcon_core.shell:Creating prefix script '/home/irg/irg/SemanticPolicies/ros2/install/local_setup.zsh'
[18.255s] INFO:colcon.colcon_core.shell:Creating prefix chain script '/home/irg/irg/SemanticPolicies/ros2/install/setup.zsh'
