[0.051s] Invoking command in '/home/irg/irg/SemanticPolicies/ros2/build/policy_translation': CMAKE_PREFIX_PATH=${CMAKE_PREFIX_PATH}:/home/irg/ros2_eloquent/install/ros2bag:/home/irg/ros2_eloquent/install/tracetools_launch:/home/irg/ros2_eloquent/install/topic_monitor:/home/irg/ros2_eloquent/install/examples_tf2_py:/home/irg/ros2_eloquent/install/sros2:/home/irg/ros2_eloquent/install/rqt_topic:/home/irg/ros2_eloquent/install/rqt_reconfigure:/home/irg/ros2_eloquent/install/rqt_action:/home/irg/ros2_eloquent/install/rqt_console:/home/irg/ros2_eloquent/install/rqt:/home/irg/ros2_eloquent/install/rqt_graph:/home/irg/ros2_eloquent/install/rqt_gui_py:/home/irg/ros2_eloquent/install/rqt_gui:/home/irg/ros2_eloquent/install/ros2trace:/home/irg/ros2_eloquent/install/ros2topic:/home/irg/ros2_eloquent/install/ros2test:/home/irg/ros2_eloquent/install/ros2srv:/home/irg/ros2_eloquent/install/ros2component:/home/irg/ros2_eloquent/install/ros2param:/home/irg/ros2_eloquent/install/ros2lifecycle:/home/irg/ros2_eloquent/install/ros2service:/home/irg/ros2_eloquent/install/ros2run:/home/irg/ros2_eloquent/install/ros2launch:/home/irg/ros2_eloquent/install/ros2pkg:/home/irg/ros2_eloquent/install/ros2node:/home/irg/ros2_eloquent/install/ros2multicast:/home/irg/ros2_eloquent/install/ros2msg:/home/irg/ros2_eloquent/install/ros2interface:/home/irg/ros2_eloquent/install/ros2doctor:/home/irg/ros2_eloquent/install/ros2action:/home/irg/ros2_eloquent/install/ros2cli:/home/irg/ros2_eloquent/install/quality_of_service_demo_py:/home/irg/ros2_eloquent/install/launch_testing_ros:/home/irg/ros2_eloquent/install/launch_ros:/home/irg/ros2_eloquent/install/examples_rclpy_minimal_subscriber:/home/irg/ros2_eloquent/install/examples_rclpy_minimal_service:/home/irg/ros2_eloquent/install/examples_rclpy_minimal_publisher:/home/irg/ros2_eloquent/install/examples_rclpy_minimal_client:/home/irg/ros2_eloquent/install/examples_rclpy_minimal_action_server:/home/irg/ros2_eloquent/install/examples_rclpy_minimal_action_client:/home/irg/ros2_eloquent/install/examples_rclpy_executors:/home/irg/ros2_eloquent/install/demo_nodes_py:/home/irg/ros2_eloquent/install/action_tutorials_py:/home/irg/ros2_eloquent/install/ament_uncrustify:/home/irg/ros2_eloquent/install/tracetools_trace:/home/irg/ros2_eloquent/install/tracetools_read:/home/irg/ros2_eloquent/install/test_launch_ros:/home/irg/ros2_eloquent/install/rosidl_runtime_py:/home/irg/ros2_eloquent/install/launch_yaml:/home/irg/ros2_eloquent/install/launch_xml:/home/irg/ros2_eloquent/install/launch_testing:/home/irg/ros2_eloquent/install/launch:/home/irg/ros2_eloquent/install/osrf_pycommon:/home/irg/ros2_eloquent/install/domain_coordinator:/home/irg/ros2_eloquent/install/ament_xmllint:/home/irg/ros2_eloquent/install/ament_pyflakes:/home/irg/ros2_eloquent/install/ament_pep8:/home/irg/ros2_eloquent/install/ament_pep257:/home/irg/ros2_eloquent/install/ament_pclint:/home/irg/ros2_eloquent/install/ament_package:/home/irg/ros2_eloquent/install/ament_mypy:/home/irg/ros2_eloquent/install/ament_lint_cmake:/home/irg/ros2_eloquent/install/ament_flake8:/home/irg/ros2_eloquent/install/ament_copyright:/home/irg/ros2_eloquent/install/ament_lint:/home/irg/ros2_eloquent/install/ament_index_python:/home/irg/ros2_eloquent/install/ament_cpplint:/home/irg/ros2_eloquent/install/ament_cppcheck:/home/irg/ros2_eloquent/install/ament_clang_tidy:/home/irg/ros2_eloquent/install/ament_clang_format:/opt/ros/eloquent CONDA_PROMPT_MODIFIER=(lang_pol) /usr/bin/cmake /home/irg/irg/SemanticPolicies/ros2/src/policy_translation -DCMAKE_INSTALL_PREFIX=/home/irg/irg/SemanticPolicies/ros2/install/policy_translation
[0.295s] -- The C compiler identification is GNU 7.5.0
[0.391s] -- The CXX compiler identification is GNU 7.5.0
[0.404s] -- Check for working C compiler: /usr/bin/cc
[0.520s] -- Check for working C compiler: /usr/bin/cc -- works
[0.521s] -- Detecting C compiler ABI info
[0.640s] -- Detecting C compiler ABI info - done
[0.645s] -- Detecting C compile features
[0.997s] -- Detecting C compile features - done
[0.999s] -- Check for working CXX compiler: /usr/bin/c++
[1.125s] -- Check for working CXX compiler: /usr/bin/c++ -- works
[1.125s] -- Detecting CXX compiler ABI info
[1.252s] -- Detecting CXX compiler ABI info - done
[1.256s] -- Detecting CXX compile features
[1.775s] -- Detecting CXX compile features - done
[1.791s] -- Found ament_cmake: 0.8.3 (/home/irg/ros2_eloquent/install/ament_cmake/share/ament_cmake/cmake)
[1.886s] -- Found PythonInterp: /usr/bin/python3 (found suitable version "3.6.9", minimum required is "3") 
[1.886s] -- Using PYTHON_EXECUTABLE: /usr/bin/python3
[2.424s] -- Found rosidl_default_generators: 0.8.0 (/home/irg/ros2_eloquent/install/rosidl_default_generators/share/rosidl_default_generators/cmake)
[2.572s] -- Found rosidl_adapter: 0.8.3 (/home/irg/ros2_eloquent/install/rosidl_adapter/share/rosidl_adapter/cmake)
[2.845s] -- Found OpenSSL: /usr/lib/x86_64-linux-gnu/libcrypto.so (found version "1.1.1") 
[2.900s] -- Found FastRTPS: /home/irg/ros2_eloquent/install/fastrtps/include  
[3.073s] -- Found sensor_msgs: 0.8.1 (/home/irg/ros2_eloquent/install/sensor_msgs/share/sensor_msgs/cmake)
[3.221s] -- Found PythonInterp: /usr/bin/python3 (found version "3.6.9") 
[3.628s] -- Using all available rosidl_typesupport_c: rosidl_typesupport_introspection_c;rosidl_typesupport_fastrtps_c
[4.254s] -- Using all available rosidl_typesupport_cpp: rosidl_typesupport_introspection_cpp;rosidl_typesupport_fastrtps_cpp
[8.134s] -- Found rmw_implementation_cmake: 0.8.1 (/home/irg/ros2_eloquent/install/rmw_implementation_cmake/share/rmw_implementation_cmake/cmake)
[8.200s] -- Found PythonInterp: /usr/bin/python3 (found suitable version "3.6.9", minimum required is "3.5") 
[8.213s] -- Found python_cmake_module: 0.8.0 (/home/irg/ros2_eloquent/install/python_cmake_module/share/python_cmake_module/cmake)
[8.293s] -- Found PythonLibs: /usr/lib/x86_64-linux-gnu/libpython3.6m.so (found suitable version "3.6.9", minimum required is "3.5") 
[8.293s] -- Using PYTHON_EXECUTABLE: /usr/bin/python3
[8.293s] -- Using PYTHON_INCLUDE_DIRS: /usr/include/python3.6m
[8.293s] -- Using PYTHON_LIBRARIES: /usr/lib/x86_64-linux-gnu/libpython3.6m.so
[8.354s] -- Found PythonExtra: .so  
[10.587s] -- Found ament_lint_auto: 0.8.2 (/home/irg/ros2_eloquent/install/ament_lint_auto/share/ament_lint_auto/cmake)
[10.703s] -- Added test 'lint_cmake' to check CMake code style
[10.707s] -- Added test 'xmllint' to check XML markup files
[10.718s] -- Configuring done
[10.949s] -- Generating done
[10.954s] -- Build files have been written to: /home/irg/irg/SemanticPolicies/ros2/build/policy_translation
[10.965s] Invoked command in '/home/irg/irg/SemanticPolicies/ros2/build/policy_translation' returned '0': CMAKE_PREFIX_PATH=${CMAKE_PREFIX_PATH}:/home/irg/ros2_eloquent/install/ros2bag:/home/irg/ros2_eloquent/install/tracetools_launch:/home/irg/ros2_eloquent/install/topic_monitor:/home/irg/ros2_eloquent/install/examples_tf2_py:/home/irg/ros2_eloquent/install/sros2:/home/irg/ros2_eloquent/install/rqt_topic:/home/irg/ros2_eloquent/install/rqt_reconfigure:/home/irg/ros2_eloquent/install/rqt_action:/home/irg/ros2_eloquent/install/rqt_console:/home/irg/ros2_eloquent/install/rqt:/home/irg/ros2_eloquent/install/rqt_graph:/home/irg/ros2_eloquent/install/rqt_gui_py:/home/irg/ros2_eloquent/install/rqt_gui:/home/irg/ros2_eloquent/install/ros2trace:/home/irg/ros2_eloquent/install/ros2topic:/home/irg/ros2_eloquent/install/ros2test:/home/irg/ros2_eloquent/install/ros2srv:/home/irg/ros2_eloquent/install/ros2component:/home/irg/ros2_eloquent/install/ros2param:/home/irg/ros2_eloquent/install/ros2lifecycle:/home/irg/ros2_eloquent/install/ros2service:/home/irg/ros2_eloquent/install/ros2run:/home/irg/ros2_eloquent/install/ros2launch:/home/irg/ros2_eloquent/install/ros2pkg:/home/irg/ros2_eloquent/install/ros2node:/home/irg/ros2_eloquent/install/ros2multicast:/home/irg/ros2_eloquent/install/ros2msg:/home/irg/ros2_eloquent/install/ros2interface:/home/irg/ros2_eloquent/install/ros2doctor:/home/irg/ros2_eloquent/install/ros2action:/home/irg/ros2_eloquent/install/ros2cli:/home/irg/ros2_eloquent/install/quality_of_service_demo_py:/home/irg/ros2_eloquent/install/launch_testing_ros:/home/irg/ros2_eloquent/install/launch_ros:/home/irg/ros2_eloquent/install/examples_rclpy_minimal_subscriber:/home/irg/ros2_eloquent/install/examples_rclpy_minimal_service:/home/irg/ros2_eloquent/install/examples_rclpy_minimal_publisher:/home/irg/ros2_eloquent/install/examples_rclpy_minimal_client:/home/irg/ros2_eloquent/install/examples_rclpy_minimal_action_server:/home/irg/ros2_eloquent/install/examples_rclpy_minimal_action_client:/home/irg/ros2_eloquent/install/examples_rclpy_executors:/home/irg/ros2_eloquent/install/demo_nodes_py:/home/irg/ros2_eloquent/install/action_tutorials_py:/home/irg/ros2_eloquent/install/ament_uncrustify:/home/irg/ros2_eloquent/install/tracetools_trace:/home/irg/ros2_eloquent/install/tracetools_read:/home/irg/ros2_eloquent/install/test_launch_ros:/home/irg/ros2_eloquent/install/rosidl_runtime_py:/home/irg/ros2_eloquent/install/launch_yaml:/home/irg/ros2_eloquent/install/launch_xml:/home/irg/ros2_eloquent/install/launch_testing:/home/irg/ros2_eloquent/install/launch:/home/irg/ros2_eloquent/install/osrf_pycommon:/home/irg/ros2_eloquent/install/domain_coordinator:/home/irg/ros2_eloquent/install/ament_xmllint:/home/irg/ros2_eloquent/install/ament_pyflakes:/home/irg/ros2_eloquent/install/ament_pep8:/home/irg/ros2_eloquent/install/ament_pep257:/home/irg/ros2_eloquent/install/ament_pclint:/home/irg/ros2_eloquent/install/ament_package:/home/irg/ros2_eloquent/install/ament_mypy:/home/irg/ros2_eloquent/install/ament_lint_cmake:/home/irg/ros2_eloquent/install/ament_flake8:/home/irg/ros2_eloquent/install/ament_copyright:/home/irg/ros2_eloquent/install/ament_lint:/home/irg/ros2_eloquent/install/ament_index_python:/home/irg/ros2_eloquent/install/ament_cpplint:/home/irg/ros2_eloquent/install/ament_cppcheck:/home/irg/ros2_eloquent/install/ament_clang_tidy:/home/irg/ros2_eloquent/install/ament_clang_format:/opt/ros/eloquent CONDA_PROMPT_MODIFIER=(lang_pol) /usr/bin/cmake /home/irg/irg/SemanticPolicies/ros2/src/policy_translation -DCMAKE_INSTALL_PREFIX=/home/irg/irg/SemanticPolicies/ros2/install/policy_translation
[10.969s] Invoking command in '/home/irg/irg/SemanticPolicies/ros2/build/policy_translation': CMAKE_PREFIX_PATH=${CMAKE_PREFIX_PATH}:/home/irg/ros2_eloquent/install/ros2bag:/home/irg/ros2_eloquent/install/tracetools_launch:/home/irg/ros2_eloquent/install/topic_monitor:/home/irg/ros2_eloquent/install/examples_tf2_py:/home/irg/ros2_eloquent/install/sros2:/home/irg/ros2_eloquent/install/rqt_topic:/home/irg/ros2_eloquent/install/rqt_reconfigure:/home/irg/ros2_eloquent/install/rqt_action:/home/irg/ros2_eloquent/install/rqt_console:/home/irg/ros2_eloquent/install/rqt:/home/irg/ros2_eloquent/install/rqt_graph:/home/irg/ros2_eloquent/install/rqt_gui_py:/home/irg/ros2_eloquent/install/rqt_gui:/home/irg/ros2_eloquent/install/ros2trace:/home/irg/ros2_eloquent/install/ros2topic:/home/irg/ros2_eloquent/install/ros2test:/home/irg/ros2_eloquent/install/ros2srv:/home/irg/ros2_eloquent/install/ros2component:/home/irg/ros2_eloquent/install/ros2param:/home/irg/ros2_eloquent/install/ros2lifecycle:/home/irg/ros2_eloquent/install/ros2service:/home/irg/ros2_eloquent/install/ros2run:/home/irg/ros2_eloquent/install/ros2launch:/home/irg/ros2_eloquent/install/ros2pkg:/home/irg/ros2_eloquent/install/ros2node:/home/irg/ros2_eloquent/install/ros2multicast:/home/irg/ros2_eloquent/install/ros2msg:/home/irg/ros2_eloquent/install/ros2interface:/home/irg/ros2_eloquent/install/ros2doctor:/home/irg/ros2_eloquent/install/ros2action:/home/irg/ros2_eloquent/install/ros2cli:/home/irg/ros2_eloquent/install/quality_of_service_demo_py:/home/irg/ros2_eloquent/install/launch_testing_ros:/home/irg/ros2_eloquent/install/launch_ros:/home/irg/ros2_eloquent/install/examples_rclpy_minimal_subscriber:/home/irg/ros2_eloquent/install/examples_rclpy_minimal_service:/home/irg/ros2_eloquent/install/examples_rclpy_minimal_publisher:/home/irg/ros2_eloquent/install/examples_rclpy_minimal_client:/home/irg/ros2_eloquent/install/examples_rclpy_minimal_action_server:/home/irg/ros2_eloquent/install/examples_rclpy_minimal_action_client:/home/irg/ros2_eloquent/install/examples_rclpy_executors:/home/irg/ros2_eloquent/install/demo_nodes_py:/home/irg/ros2_eloquent/install/action_tutorials_py:/home/irg/ros2_eloquent/install/ament_uncrustify:/home/irg/ros2_eloquent/install/tracetools_trace:/home/irg/ros2_eloquent/install/tracetools_read:/home/irg/ros2_eloquent/install/test_launch_ros:/home/irg/ros2_eloquent/install/rosidl_runtime_py:/home/irg/ros2_eloquent/install/launch_yaml:/home/irg/ros2_eloquent/install/launch_xml:/home/irg/ros2_eloquent/install/launch_testing:/home/irg/ros2_eloquent/install/launch:/home/irg/ros2_eloquent/install/osrf_pycommon:/home/irg/ros2_eloquent/install/domain_coordinator:/home/irg/ros2_eloquent/install/ament_xmllint:/home/irg/ros2_eloquent/install/ament_pyflakes:/home/irg/ros2_eloquent/install/ament_pep8:/home/irg/ros2_eloquent/install/ament_pep257:/home/irg/ros2_eloquent/install/ament_pclint:/home/irg/ros2_eloquent/install/ament_package:/home/irg/ros2_eloquent/install/ament_mypy:/home/irg/ros2_eloquent/install/ament_lint_cmake:/home/irg/ros2_eloquent/install/ament_flake8:/home/irg/ros2_eloquent/install/ament_copyright:/home/irg/ros2_eloquent/install/ament_lint:/home/irg/ros2_eloquent/install/ament_index_python:/home/irg/ros2_eloquent/install/ament_cpplint:/home/irg/ros2_eloquent/install/ament_cppcheck:/home/irg/ros2_eloquent/install/ament_clang_tidy:/home/irg/ros2_eloquent/install/ament_clang_format:/opt/ros/eloquent CONDA_PROMPT_MODIFIER=(lang_pol) /usr/bin/cmake --build /home/irg/irg/SemanticPolicies/ros2/build/policy_translation -- -j8 -l8
[11.065s] [35m[1mScanning dependencies of target policy_translation__cpp[0m
[11.065s] [  2%] [34m[1mGenerating C code for ROS interfaces[0m
[11.090s] [  4%] [34m[1mGenerating C++ code for ROS interfaces[0m
[11.626s] [  4%] Built target policy_translation__cpp
[11.656s] [  8%] [34m[1mGenerating C++ type support dispatch for ROS interfaces[0m
[11.656s] [  8%] [34m[1mGenerating C++ introspection for ROS interfaces[0m
[11.657s] [ 10%] [34m[1mGenerating C++ type support for eProsima Fast-RTPS[0m
[11.672s] [35m[1mScanning dependencies of target policy_translation__rosidl_generator_c[0m
[11.716s] [ 17%] [32mBuilding C object CMakeFiles/policy_translation__rosidl_generator_c.dir/rosidl_generator_c/policy_translation/srv/network_pt__functions.c.o[0m
[11.716s] [ 17%] [32mBuilding C object CMakeFiles/policy_translation__rosidl_generator_c.dir/rosidl_generator_c/policy_translation/msg/dummy__functions.c.o[0m
[11.716s] [ 17%] [32mBuilding C object CMakeFiles/policy_translation__rosidl_generator_c.dir/rosidl_generator_c/policy_translation/srv/tune_network__functions.c.o[0m
[11.813s] [ 19%] [32m[1mLinking C shared library libpolicy_translation__rosidl_generator_c.so[0m
[11.921s] [ 19%] Built target policy_translation__rosidl_generator_c
[11.949s] [ 21%] [34m[1mGenerating C type support dispatch for ROS interfaces[0m
[11.961s] [ 23%] [34m[1mGenerating C introspection for ROS interfaces[0m
[12.180s] [35m[1mScanning dependencies of target policy_translation__rosidl_typesupport_cpp[0m
[12.221s] [ 25%] [32mBuilding CXX object CMakeFiles/policy_translation__rosidl_typesupport_cpp.dir/rosidl_typesupport_cpp/policy_translation/srv/network_pt__type_support.cpp.o[0m
[12.222s] [ 27%] [32mBuilding CXX object CMakeFiles/policy_translation__rosidl_typesupport_cpp.dir/rosidl_typesupport_cpp/policy_translation/srv/tune_network__type_support.cpp.o[0m
[12.225s] [ 29%] [32mBuilding CXX object CMakeFiles/policy_translation__rosidl_typesupport_cpp.dir/rosidl_typesupport_cpp/policy_translation/msg/dummy__type_support.cpp.o[0m
[12.342s] [35m[1mScanning dependencies of target policy_translation__rosidl_typesupport_introspection_cpp[0m
[12.395s] [ 31%] [32mBuilding CXX object CMakeFiles/policy_translation__rosidl_typesupport_introspection_cpp.dir/rosidl_typesupport_introspection_cpp/policy_translation/srv/tune_network__type_support.cpp.o[0m
[12.419s] [ 34%] [32mBuilding CXX object CMakeFiles/policy_translation__rosidl_typesupport_introspection_cpp.dir/rosidl_typesupport_introspection_cpp/policy_translation/srv/network_pt__type_support.cpp.o[0m
[12.656s] [ 36%] [32mBuilding CXX object CMakeFiles/policy_translation__rosidl_typesupport_introspection_cpp.dir/rosidl_typesupport_introspection_cpp/policy_translation/msg/dummy__type_support.cpp.o[0m
[12.668s] [35m[1mScanning dependencies of target policy_translation__rosidl_typesupport_fastrtps_cpp[0m
[12.669s] [35m[1mScanning dependencies of target policy_translation__rosidl_typesupport_c[0m
[12.679s] [ 38%] [32m[1mLinking CXX shared library libpolicy_translation__rosidl_typesupport_cpp.so[0m
[12.727s] [ 40%] [32mBuilding CXX object CMakeFiles/policy_translation__rosidl_typesupport_c.dir/rosidl_typesupport_c/policy_translation/srv/tune_network__type_support.cpp.o[0m
[12.729s] [ 42%] [32mBuilding CXX object CMakeFiles/policy_translation__rosidl_typesupport_c.dir/rosidl_typesupport_c/policy_translation/srv/network_pt__type_support.cpp.o[0m
[12.756s] [ 44%] [32mBuilding CXX object CMakeFiles/policy_translation__rosidl_typesupport_fastrtps_cpp.dir/rosidl_typesupport_fastrtps_cpp/policy_translation/srv/dds_fastrtps/network_pt__type_support.cpp.o[0m
[12.856s] [ 46%] [32mBuilding CXX object CMakeFiles/policy_translation__rosidl_typesupport_fastrtps_cpp.dir/rosidl_typesupport_fastrtps_cpp/policy_translation/srv/dds_fastrtps/tune_network__type_support.cpp.o[0m
[12.859s] [ 48%] [32mBuilding CXX object CMakeFiles/policy_translation__rosidl_typesupport_c.dir/rosidl_typesupport_c/policy_translation/msg/dummy__type_support.cpp.o[0m
[12.880s] [ 51%] [32mBuilding CXX object CMakeFiles/policy_translation__rosidl_typesupport_fastrtps_cpp.dir/rosidl_typesupport_fastrtps_cpp/policy_translation/msg/dds_fastrtps/dummy__type_support.cpp.o[0m
[12.889s] [ 51%] Built target policy_translation__rosidl_typesupport_cpp
[12.963s] [ 53%] [32m[1mLinking CXX shared library libpolicy_translation__rosidl_typesupport_c.so[0m
[13.042s] [35m[1mScanning dependencies of target policy_translation__rosidl_typesupport_introspection_c[0m
[13.130s] [ 55%] [32mBuilding C object CMakeFiles/policy_translation__rosidl_typesupport_introspection_c.dir/rosidl_typesupport_introspection_c/policy_translation/srv/tune_network__type_support.c.o[0m
[13.162s] [ 57%] [32mBuilding C object CMakeFiles/policy_translation__rosidl_typesupport_introspection_c.dir/rosidl_typesupport_introspection_c/policy_translation/msg/dummy__type_support.c.o[0m
[13.171s] [ 57%] Built target policy_translation__rosidl_typesupport_c
[13.180s] [ 59%] [32mBuilding C object CMakeFiles/policy_translation__rosidl_typesupport_introspection_c.dir/rosidl_typesupport_introspection_c/policy_translation/srv/network_pt__type_support.c.o[0m
[13.184s] [ 61%] [32m[1mLinking CXX shared library libpolicy_translation__rosidl_typesupport_introspection_cpp.so[0m
[13.291s] [ 63%] [32m[1mLinking C shared library libpolicy_translation__rosidl_typesupport_introspection_c.so[0m
[13.399s] [ 63%] Built target policy_translation__rosidl_typesupport_introspection_cpp
[13.410s] [ 63%] Built target policy_translation__rosidl_typesupport_introspection_c
[13.494s] [ 65%] [32m[1mLinking CXX shared library libpolicy_translation__rosidl_typesupport_fastrtps_cpp.so[0m
[13.625s] [ 65%] Built target policy_translation__rosidl_typesupport_fastrtps_cpp
[13.651s] [ 68%] [34m[1mGenerating C type support for eProsima Fast-RTPS[0m
[14.150s] [35m[1mScanning dependencies of target policy_translation__rosidl_typesupport_fastrtps_c[0m
[14.188s] [ 72%] [32mBuilding CXX object CMakeFiles/policy_translation__rosidl_typesupport_fastrtps_c.dir/rosidl_typesupport_fastrtps_c/policy_translation/srv/tune_network__type_support_c.cpp.o[0m
[14.189s] [ 72%] [32mBuilding CXX object CMakeFiles/policy_translation__rosidl_typesupport_fastrtps_c.dir/rosidl_typesupport_fastrtps_c/policy_translation/msg/dummy__type_support_c.cpp.o[0m
[14.194s] [ 74%] [32mBuilding CXX object CMakeFiles/policy_translation__rosidl_typesupport_fastrtps_c.dir/rosidl_typesupport_fastrtps_c/policy_translation/srv/network_pt__type_support_c.cpp.o[0m
[14.552s] [ 76%] [32m[1mLinking CXX shared library libpolicy_translation__rosidl_typesupport_fastrtps_c.so[0m
[14.692s] [ 76%] Built target policy_translation__rosidl_typesupport_fastrtps_c
[14.717s] [35m[1mScanning dependencies of target policy_translation[0m
[14.741s] [ 76%] Built target policy_translation
[14.767s] [35m[1mScanning dependencies of target policy_translation__py[0m
[14.794s] [ 78%] [34m[1mGenerating Python code for ROS interfaces[0m
[15.772s] [ 78%] Built target policy_translation__py
[15.798s] [35m[1mScanning dependencies of target policy_translation__python[0m
[15.845s] [ 85%] [32mBuilding C object CMakeFiles/policy_translation__python.dir/rosidl_generator_py/policy_translation/msg/_dummy_s.c.o[0m
[15.845s] [ 85%] [32mBuilding C object CMakeFiles/policy_translation__python.dir/rosidl_generator_py/policy_translation/srv/_network_pt_s.c.o[0m
[15.846s] [ 85%] [32mBuilding C object CMakeFiles/policy_translation__python.dir/rosidl_generator_py/policy_translation/srv/_tune_network_s.c.o[0m
[15.986s] [ 87%] [32m[1mLinking C shared library rosidl_generator_py/policy_translation/libpolicy_translation__python.so[0m
[16.071s] [ 87%] Built target policy_translation__python
[16.097s] [35m[1mScanning dependencies of target policy_translation__rosidl_typesupport_c__pyext[0m
[16.105s] [35m[1mScanning dependencies of target policy_translation__rosidl_typesupport_introspection_c__pyext[0m
[16.105s] [35m[1mScanning dependencies of target policy_translation__rosidl_typesupport_fastrtps_c__pyext[0m
[16.141s] [ 89%] [32mBuilding C object CMakeFiles/policy_translation__rosidl_typesupport_c__pyext.dir/rosidl_generator_py/policy_translation/_policy_translation_s.ep.rosidl_typesupport_c.c.o[0m
[16.147s] [ 91%] [32mBuilding C object CMakeFiles/policy_translation__rosidl_typesupport_introspection_c__pyext.dir/rosidl_generator_py/policy_translation/_policy_translation_s.ep.rosidl_typesupport_introspection_c.c.o[0m
[16.148s] [ 93%] [32mBuilding C object CMakeFiles/policy_translation__rosidl_typesupport_fastrtps_c__pyext.dir/rosidl_generator_py/policy_translation/_policy_translation_s.ep.rosidl_typesupport_fastrtps_c.c.o[0m
[16.256s] [ 95%] [32m[1mLinking C shared library rosidl_generator_py/policy_translation/policy_translation_s__rosidl_typesupport_introspection_c.cpython-36m-x86_64-linux-gnu.so[0m
[16.261s] [ 97%] [32m[1mLinking CXX shared library rosidl_generator_py/policy_translation/policy_translation_s__rosidl_typesupport_fastrtps_c.cpython-36m-x86_64-linux-gnu.so[0m
[16.265s] [100%] [32m[1mLinking C shared library rosidl_generator_py/policy_translation/policy_translation_s__rosidl_typesupport_c.cpython-36m-x86_64-linux-gnu.so[0m
[16.371s] [100%] Built target policy_translation__rosidl_typesupport_c__pyext
[16.378s] [100%] Built target policy_translation__rosidl_typesupport_introspection_c__pyext
[16.407s] [100%] Built target policy_translation__rosidl_typesupport_fastrtps_c__pyext
[16.430s] Invoked command in '/home/irg/irg/SemanticPolicies/ros2/build/policy_translation' returned '0': CMAKE_PREFIX_PATH=${CMAKE_PREFIX_PATH}:/home/irg/ros2_eloquent/install/ros2bag:/home/irg/ros2_eloquent/install/tracetools_launch:/home/irg/ros2_eloquent/install/topic_monitor:/home/irg/ros2_eloquent/install/examples_tf2_py:/home/irg/ros2_eloquent/install/sros2:/home/irg/ros2_eloquent/install/rqt_topic:/home/irg/ros2_eloquent/install/rqt_reconfigure:/home/irg/ros2_eloquent/install/rqt_action:/home/irg/ros2_eloquent/install/rqt_console:/home/irg/ros2_eloquent/install/rqt:/home/irg/ros2_eloquent/install/rqt_graph:/home/irg/ros2_eloquent/install/rqt_gui_py:/home/irg/ros2_eloquent/install/rqt_gui:/home/irg/ros2_eloquent/install/ros2trace:/home/irg/ros2_eloquent/install/ros2topic:/home/irg/ros2_eloquent/install/ros2test:/home/irg/ros2_eloquent/install/ros2srv:/home/irg/ros2_eloquent/install/ros2component:/home/irg/ros2_eloquent/install/ros2param:/home/irg/ros2_eloquent/install/ros2lifecycle:/home/irg/ros2_eloquent/install/ros2service:/home/irg/ros2_eloquent/install/ros2run:/home/irg/ros2_eloquent/install/ros2launch:/home/irg/ros2_eloquent/install/ros2pkg:/home/irg/ros2_eloquent/install/ros2node:/home/irg/ros2_eloquent/install/ros2multicast:/home/irg/ros2_eloquent/install/ros2msg:/home/irg/ros2_eloquent/install/ros2interface:/home/irg/ros2_eloquent/install/ros2doctor:/home/irg/ros2_eloquent/install/ros2action:/home/irg/ros2_eloquent/install/ros2cli:/home/irg/ros2_eloquent/install/quality_of_service_demo_py:/home/irg/ros2_eloquent/install/launch_testing_ros:/home/irg/ros2_eloquent/install/launch_ros:/home/irg/ros2_eloquent/install/examples_rclpy_minimal_subscriber:/home/irg/ros2_eloquent/install/examples_rclpy_minimal_service:/home/irg/ros2_eloquent/install/examples_rclpy_minimal_publisher:/home/irg/ros2_eloquent/install/examples_rclpy_minimal_client:/home/irg/ros2_eloquent/install/examples_rclpy_minimal_action_server:/home/irg/ros2_eloquent/install/examples_rclpy_minimal_action_client:/home/irg/ros2_eloquent/install/examples_rclpy_executors:/home/irg/ros2_eloquent/install/demo_nodes_py:/home/irg/ros2_eloquent/install/action_tutorials_py:/home/irg/ros2_eloquent/install/ament_uncrustify:/home/irg/ros2_eloquent/install/tracetools_trace:/home/irg/ros2_eloquent/install/tracetools_read:/home/irg/ros2_eloquent/install/test_launch_ros:/home/irg/ros2_eloquent/install/rosidl_runtime_py:/home/irg/ros2_eloquent/install/launch_yaml:/home/irg/ros2_eloquent/install/launch_xml:/home/irg/ros2_eloquent/install/launch_testing:/home/irg/ros2_eloquent/install/launch:/home/irg/ros2_eloquent/install/osrf_pycommon:/home/irg/ros2_eloquent/install/domain_coordinator:/home/irg/ros2_eloquent/install/ament_xmllint:/home/irg/ros2_eloquent/install/ament_pyflakes:/home/irg/ros2_eloquent/install/ament_pep8:/home/irg/ros2_eloquent/install/ament_pep257:/home/irg/ros2_eloquent/install/ament_pclint:/home/irg/ros2_eloquent/install/ament_package:/home/irg/ros2_eloquent/install/ament_mypy:/home/irg/ros2_eloquent/install/ament_lint_cmake:/home/irg/ros2_eloquent/install/ament_flake8:/home/irg/ros2_eloquent/install/ament_copyright:/home/irg/ros2_eloquent/install/ament_lint:/home/irg/ros2_eloquent/install/ament_index_python:/home/irg/ros2_eloquent/install/ament_cpplint:/home/irg/ros2_eloquent/install/ament_cppcheck:/home/irg/ros2_eloquent/install/ament_clang_tidy:/home/irg/ros2_eloquent/install/ament_clang_format:/opt/ros/eloquent CONDA_PROMPT_MODIFIER=(lang_pol) /usr/bin/cmake --build /home/irg/irg/SemanticPolicies/ros2/build/policy_translation -- -j8 -l8
[16.844s] Invoking command in '/home/irg/irg/SemanticPolicies/ros2/build/policy_translation': CMAKE_PREFIX_PATH=${CMAKE_PREFIX_PATH}:/home/irg/ros2_eloquent/install/ros2bag:/home/irg/ros2_eloquent/install/tracetools_launch:/home/irg/ros2_eloquent/install/topic_monitor:/home/irg/ros2_eloquent/install/examples_tf2_py:/home/irg/ros2_eloquent/install/sros2:/home/irg/ros2_eloquent/install/rqt_topic:/home/irg/ros2_eloquent/install/rqt_reconfigure:/home/irg/ros2_eloquent/install/rqt_action:/home/irg/ros2_eloquent/install/rqt_console:/home/irg/ros2_eloquent/install/rqt:/home/irg/ros2_eloquent/install/rqt_graph:/home/irg/ros2_eloquent/install/rqt_gui_py:/home/irg/ros2_eloquent/install/rqt_gui:/home/irg/ros2_eloquent/install/ros2trace:/home/irg/ros2_eloquent/install/ros2topic:/home/irg/ros2_eloquent/install/ros2test:/home/irg/ros2_eloquent/install/ros2srv:/home/irg/ros2_eloquent/install/ros2component:/home/irg/ros2_eloquent/install/ros2param:/home/irg/ros2_eloquent/install/ros2lifecycle:/home/irg/ros2_eloquent/install/ros2service:/home/irg/ros2_eloquent/install/ros2run:/home/irg/ros2_eloquent/install/ros2launch:/home/irg/ros2_eloquent/install/ros2pkg:/home/irg/ros2_eloquent/install/ros2node:/home/irg/ros2_eloquent/install/ros2multicast:/home/irg/ros2_eloquent/install/ros2msg:/home/irg/ros2_eloquent/install/ros2interface:/home/irg/ros2_eloquent/install/ros2doctor:/home/irg/ros2_eloquent/install/ros2action:/home/irg/ros2_eloquent/install/ros2cli:/home/irg/ros2_eloquent/install/quality_of_service_demo_py:/home/irg/ros2_eloquent/install/launch_testing_ros:/home/irg/ros2_eloquent/install/launch_ros:/home/irg/ros2_eloquent/install/examples_rclpy_minimal_subscriber:/home/irg/ros2_eloquent/install/examples_rclpy_minimal_service:/home/irg/ros2_eloquent/install/examples_rclpy_minimal_publisher:/home/irg/ros2_eloquent/install/examples_rclpy_minimal_client:/home/irg/ros2_eloquent/install/examples_rclpy_minimal_action_server:/home/irg/ros2_eloquent/install/examples_rclpy_minimal_action_client:/home/irg/ros2_eloquent/install/examples_rclpy_executors:/home/irg/ros2_eloquent/install/demo_nodes_py:/home/irg/ros2_eloquent/install/action_tutorials_py:/home/irg/ros2_eloquent/install/ament_uncrustify:/home/irg/ros2_eloquent/install/tracetools_trace:/home/irg/ros2_eloquent/install/tracetools_read:/home/irg/ros2_eloquent/install/test_launch_ros:/home/irg/ros2_eloquent/install/rosidl_runtime_py:/home/irg/ros2_eloquent/install/launch_yaml:/home/irg/ros2_eloquent/install/launch_xml:/home/irg/ros2_eloquent/install/launch_testing:/home/irg/ros2_eloquent/install/launch:/home/irg/ros2_eloquent/install/osrf_pycommon:/home/irg/ros2_eloquent/install/domain_coordinator:/home/irg/ros2_eloquent/install/ament_xmllint:/home/irg/ros2_eloquent/install/ament_pyflakes:/home/irg/ros2_eloquent/install/ament_pep8:/home/irg/ros2_eloquent/install/ament_pep257:/home/irg/ros2_eloquent/install/ament_pclint:/home/irg/ros2_eloquent/install/ament_package:/home/irg/ros2_eloquent/install/ament_mypy:/home/irg/ros2_eloquent/install/ament_lint_cmake:/home/irg/ros2_eloquent/install/ament_flake8:/home/irg/ros2_eloquent/install/ament_copyright:/home/irg/ros2_eloquent/install/ament_lint:/home/irg/ros2_eloquent/install/ament_index_python:/home/irg/ros2_eloquent/install/ament_cpplint:/home/irg/ros2_eloquent/install/ament_cppcheck:/home/irg/ros2_eloquent/install/ament_clang_tidy:/home/irg/ros2_eloquent/install/ament_clang_format:/opt/ros/eloquent CONDA_PROMPT_MODIFIER=(lang_pol) /usr/bin/cmake --build /home/irg/irg/SemanticPolicies/ros2/build/policy_translation --target install -- -j8 -l8
[16.959s] [  4%] Built target policy_translation__cpp
[16.959s] [ 12%] Built target policy_translation__rosidl_generator_c
[17.023s] [ 23%] Built target policy_translation__rosidl_typesupport_introspection_cpp
[17.027s] [ 34%] Built target policy_translation__rosidl_typesupport_fastrtps_cpp
[17.033s] [ 55%] Built target policy_translation__rosidl_typesupport_cpp
[17.034s] [ 55%] Built target policy_translation__rosidl_typesupport_introspection_c
[17.077s] [ 65%] Built target policy_translation__rosidl_typesupport_c
[17.089s] [ 76%] Built target policy_translation__rosidl_typesupport_fastrtps_c
[17.137s] [ 76%] Built target policy_translation
[17.190s] [ 78%] Built target policy_translation__py
[17.250s] [ 87%] Built target policy_translation__python
[17.304s] [ 91%] Built target policy_translation__rosidl_typesupport_introspection_c__pyext
[17.304s] [ 95%] Built target policy_translation__rosidl_typesupport_c__pyext
[17.306s] [100%] Built target policy_translation__rosidl_typesupport_fastrtps_c__pyext
[17.354s] [36mInstall the project...[0m
[17.375s] -- Install configuration: ""
[17.375s] -- Installing: /home/irg/irg/SemanticPolicies/ros2/install/policy_translation/share/ament_index/resource_index/rosidl_interfaces/policy_translation
[17.375s] -- Installing: /home/irg/irg/SemanticPolicies/ros2/install/policy_translation/lib/libpolicy_translation__rosidl_typesupport_c.so
[17.376s] -- Set runtime path of "/home/irg/irg/SemanticPolicies/ros2/install/policy_translation/lib/libpolicy_translation__rosidl_typesupport_c.so" to ""
[17.376s] -- Installing: /home/irg/irg/SemanticPolicies/ros2/install/policy_translation/share/policy_translation/environment/library_path.sh
[17.376s] -- Installing: /home/irg/irg/SemanticPolicies/ros2/install/policy_translation/share/policy_translation/environment/library_path.dsv
[17.376s] -- Installing: /home/irg/irg/SemanticPolicies/ros2/install/policy_translation/lib/libpolicy_translation__rosidl_typesupport_cpp.so
[17.377s] -- Set runtime path of "/home/irg/irg/SemanticPolicies/ros2/install/policy_translation/lib/libpolicy_translation__rosidl_typesupport_cpp.so" to ""
[17.377s] -- Installing: /home/irg/irg/SemanticPolicies/ros2/install/policy_translation/include/policy_translation
[17.377s] -- Installing: /home/irg/irg/SemanticPolicies/ros2/install/policy_translation/include/policy_translation/msg
[17.377s] -- Installing: /home/irg/irg/SemanticPolicies/ros2/install/policy_translation/include/policy_translation/msg/rosidl_typesupport_introspection_c__visibility_control.h
[17.377s] -- Installing: /home/irg/irg/SemanticPolicies/ros2/install/policy_translation/include/policy_translation/msg/dummy__type_support.c
[17.377s] -- Installing: /home/irg/irg/SemanticPolicies/ros2/install/policy_translation/include/policy_translation/msg/dummy__rosidl_typesupport_introspection_c.h
[17.377s] -- Installing: /home/irg/irg/SemanticPolicies/ros2/install/policy_translation/include/policy_translation/srv
[17.377s] -- Installing: /home/irg/irg/SemanticPolicies/ros2/install/policy_translation/include/policy_translation/srv/tune_network__type_support.c
[17.378s] -- Installing: /home/irg/irg/SemanticPolicies/ros2/install/policy_translation/include/policy_translation/srv/tune_network__rosidl_typesupport_introspection_c.h
[17.378s] -- Installing: /home/irg/irg/SemanticPolicies/ros2/install/policy_translation/include/policy_translation/srv/network_pt__type_support.c
[17.378s] -- Installing: /home/irg/irg/SemanticPolicies/ros2/install/policy_translation/include/policy_translation/srv/network_pt__rosidl_typesupport_introspection_c.h
[17.378s] -- Installing: /home/irg/irg/SemanticPolicies/ros2/install/policy_translation/lib/libpolicy_translation__rosidl_typesupport_introspection_c.so
[17.378s] -- Set runtime path of "/home/irg/irg/SemanticPolicies/ros2/install/policy_translation/lib/libpolicy_translation__rosidl_typesupport_introspection_c.so" to ""
[17.378s] -- Up-to-date: /home/irg/irg/SemanticPolicies/ros2/install/policy_translation/include/policy_translation
[17.379s] -- Up-to-date: /home/irg/irg/SemanticPolicies/ros2/install/policy_translation/include/policy_translation/msg
[17.379s] -- Installing: /home/irg/irg/SemanticPolicies/ros2/install/policy_translation/include/policy_translation/msg/dummy__functions.h
[17.379s] -- Installing: /home/irg/irg/SemanticPolicies/ros2/install/policy_translation/include/policy_translation/msg/rosidl_generator_c__visibility_control.h
[17.379s] -- Installing: /home/irg/irg/SemanticPolicies/ros2/install/policy_translation/include/policy_translation/msg/dummy.h
[17.379s] -- Installing: /home/irg/irg/SemanticPolicies/ros2/install/policy_translation/include/policy_translation/msg/dummy__type_support.h
[17.379s] -- Installing: /home/irg/irg/SemanticPolicies/ros2/install/policy_translation/include/policy_translation/msg/dummy__struct.h
[17.379s] -- Installing: /home/irg/irg/SemanticPolicies/ros2/install/policy_translation/include/policy_translation/msg/dummy__functions.c
[17.379s] -- Up-to-date: /home/irg/irg/SemanticPolicies/ros2/install/policy_translation/include/policy_translation/srv
[17.380s] -- Installing: /home/irg/irg/SemanticPolicies/ros2/install/policy_translation/include/policy_translation/srv/tune_network.h
[17.380s] -- Installing: /home/irg/irg/SemanticPolicies/ros2/install/policy_translation/include/policy_translation/srv/tune_network__struct.h
[17.380s] -- Installing: /home/irg/irg/SemanticPolicies/ros2/install/policy_translation/include/policy_translation/srv/network_pt__functions.h
[17.380s] -- Installing: /home/irg/irg/SemanticPolicies/ros2/install/policy_translation/include/policy_translation/srv/network_pt.h
[17.380s] -- Installing: /home/irg/irg/SemanticPolicies/ros2/install/policy_translation/include/policy_translation/srv/tune_network__functions.c
[17.380s] -- Installing: /home/irg/irg/SemanticPolicies/ros2/install/policy_translation/include/policy_translation/srv/tune_network__type_support.h
[17.380s] -- Installing: /home/irg/irg/SemanticPolicies/ros2/install/policy_translation/include/policy_translation/srv/network_pt__type_support.h
[17.380s] -- Installing: /home/irg/irg/SemanticPolicies/ros2/install/policy_translation/include/policy_translation/srv/network_pt__struct.h
[17.380s] -- Installing: /home/irg/irg/SemanticPolicies/ros2/install/policy_translation/include/policy_translation/srv/network_pt__functions.c
[17.380s] -- Installing: /home/irg/irg/SemanticPolicies/ros2/install/policy_translation/include/policy_translation/srv/tune_network__functions.h
[17.380s] -- Installing: /home/irg/irg/SemanticPolicies/ros2/install/policy_translation/lib/libpolicy_translation__rosidl_generator_c.so
[17.381s] -- Set runtime path of "/home/irg/irg/SemanticPolicies/ros2/install/policy_translation/lib/libpolicy_translation__rosidl_generator_c.so" to ""
[17.381s] -- Up-to-date: /home/irg/irg/SemanticPolicies/ros2/install/policy_translation/include/policy_translation
[17.381s] -- Up-to-date: /home/irg/irg/SemanticPolicies/ros2/install/policy_translation/include/policy_translation/msg
[17.381s] -- Installing: /home/irg/irg/SemanticPolicies/ros2/install/policy_translation/include/policy_translation/msg/rosidl_typesupport_fastrtps_c__visibility_control.h
[17.381s] -- Installing: /home/irg/irg/SemanticPolicies/ros2/install/policy_translation/include/policy_translation/msg/dummy__rosidl_typesupport_fastrtps_c.h
[17.381s] -- Up-to-date: /home/irg/irg/SemanticPolicies/ros2/install/policy_translation/include/policy_translation/srv
[17.381s] -- Installing: /home/irg/irg/SemanticPolicies/ros2/install/policy_translation/include/policy_translation/srv/network_pt__rosidl_typesupport_fastrtps_c.h
[17.381s] -- Installing: /home/irg/irg/SemanticPolicies/ros2/install/policy_translation/include/policy_translation/srv/tune_network__rosidl_typesupport_fastrtps_c.h
[17.381s] -- Installing: /home/irg/irg/SemanticPolicies/ros2/install/policy_translation/lib/libpolicy_translation__rosidl_typesupport_fastrtps_c.so
[17.382s] -- Set runtime path of "/home/irg/irg/SemanticPolicies/ros2/install/policy_translation/lib/libpolicy_translation__rosidl_typesupport_fastrtps_c.so" to ""
[17.382s] -- Up-to-date: /home/irg/irg/SemanticPolicies/ros2/install/policy_translation/include/policy_translation
[17.382s] -- Up-to-date: /home/irg/irg/SemanticPolicies/ros2/install/policy_translation/include/policy_translation/msg
[17.382s] -- Installing: /home/irg/irg/SemanticPolicies/ros2/install/policy_translation/include/policy_translation/msg/dummy__rosidl_typesupport_fastrtps_cpp.hpp
[17.382s] -- Installing: /home/irg/irg/SemanticPolicies/ros2/install/policy_translation/include/policy_translation/msg/dds_fastrtps
[17.382s] -- Installing: /home/irg/irg/SemanticPolicies/ros2/install/policy_translation/include/policy_translation/msg/rosidl_typesupport_fastrtps_cpp__visibility_control.h
[17.382s] -- Up-to-date: /home/irg/irg/SemanticPolicies/ros2/install/policy_translation/include/policy_translation/srv
[17.382s] -- Installing: /home/irg/irg/SemanticPolicies/ros2/install/policy_translation/include/policy_translation/srv/network_pt__rosidl_typesupport_fastrtps_cpp.hpp
[17.383s] -- Installing: /home/irg/irg/SemanticPolicies/ros2/install/policy_translation/include/policy_translation/srv/tune_network__rosidl_typesupport_fastrtps_cpp.hpp
[17.383s] -- Installing: /home/irg/irg/SemanticPolicies/ros2/install/policy_translation/include/policy_translation/srv/dds_fastrtps
[17.383s] -- Installing: /home/irg/irg/SemanticPolicies/ros2/install/policy_translation/lib/libpolicy_translation__rosidl_typesupport_fastrtps_cpp.so
[17.383s] -- Set runtime path of "/home/irg/irg/SemanticPolicies/ros2/install/policy_translation/lib/libpolicy_translation__rosidl_typesupport_fastrtps_cpp.so" to ""
[17.383s] -- Up-to-date: /home/irg/irg/SemanticPolicies/ros2/install/policy_translation/include/policy_translation
[17.383s] -- Up-to-date: /home/irg/irg/SemanticPolicies/ros2/install/policy_translation/include/policy_translation/msg
[17.383s] -- Installing: /home/irg/irg/SemanticPolicies/ros2/install/policy_translation/include/policy_translation/msg/dummy__struct.hpp
[17.384s] -- Installing: /home/irg/irg/SemanticPolicies/ros2/install/policy_translation/include/policy_translation/msg/dummy__traits.hpp
[17.384s] -- Installing: /home/irg/irg/SemanticPolicies/ros2/install/policy_translation/include/policy_translation/msg/dummy.hpp
[17.384s] -- Up-to-date: /home/irg/irg/SemanticPolicies/ros2/install/policy_translation/include/policy_translation/srv
[17.384s] -- Installing: /home/irg/irg/SemanticPolicies/ros2/install/policy_translation/include/policy_translation/srv/tune_network.hpp
[17.384s] -- Installing: /home/irg/irg/SemanticPolicies/ros2/install/policy_translation/include/policy_translation/srv/network_pt.hpp
[17.384s] -- Installing: /home/irg/irg/SemanticPolicies/ros2/install/policy_translation/include/policy_translation/srv/network_pt__traits.hpp
[17.384s] -- Installing: /home/irg/irg/SemanticPolicies/ros2/install/policy_translation/include/policy_translation/srv/network_pt__struct.hpp
[17.384s] -- Installing: /home/irg/irg/SemanticPolicies/ros2/install/policy_translation/include/policy_translation/srv/tune_network__traits.hpp
[17.385s] -- Installing: /home/irg/irg/SemanticPolicies/ros2/install/policy_translation/include/policy_translation/srv/tune_network__struct.hpp
[17.385s] -- Up-to-date: /home/irg/irg/SemanticPolicies/ros2/install/policy_translation/include/policy_translation
[17.385s] -- Up-to-date: /home/irg/irg/SemanticPolicies/ros2/install/policy_translation/include/policy_translation/msg
[17.385s] -- Installing: /home/irg/irg/SemanticPolicies/ros2/install/policy_translation/include/policy_translation/msg/dummy__type_support.cpp
[17.385s] -- Installing: /home/irg/irg/SemanticPolicies/ros2/install/policy_translation/include/policy_translation/msg/dummy__rosidl_typesupport_introspection_cpp.hpp
[17.385s] -- Up-to-date: /home/irg/irg/SemanticPolicies/ros2/install/policy_translation/include/policy_translation/srv
[17.385s] -- Installing: /home/irg/irg/SemanticPolicies/ros2/install/policy_translation/include/policy_translation/srv/tune_network__type_support.cpp
[17.385s] -- Installing: /home/irg/irg/SemanticPolicies/ros2/install/policy_translation/include/policy_translation/srv/network_pt__rosidl_typesupport_introspection_cpp.hpp
[17.385s] -- Installing: /home/irg/irg/SemanticPolicies/ros2/install/policy_translation/include/policy_translation/srv/tune_network__rosidl_typesupport_introspection_cpp.hpp
[17.385s] -- Installing: /home/irg/irg/SemanticPolicies/ros2/install/policy_translation/include/policy_translation/srv/network_pt__type_support.cpp
[17.385s] -- Installing: /home/irg/irg/SemanticPolicies/ros2/install/policy_translation/lib/libpolicy_translation__rosidl_typesupport_introspection_cpp.so
[17.385s] -- Set runtime path of "/home/irg/irg/SemanticPolicies/ros2/install/policy_translation/lib/libpolicy_translation__rosidl_typesupport_introspection_cpp.so" to ""
[17.386s] -- Installing: /home/irg/irg/SemanticPolicies/ros2/install/policy_translation/share/policy_translation/environment/pythonpath.sh
[17.386s] -- Installing: /home/irg/irg/SemanticPolicies/ros2/install/policy_translation/share/policy_translation/environment/pythonpath.dsv
[17.386s] -- Installing: /home/irg/irg/SemanticPolicies/ros2/install/policy_translation/lib/python3.6/site-packages/policy_translation/__init__.py
[17.480s] Compiling '/home/irg/irg/SemanticPolicies/ros2/install/policy_translation/lib/python3.6/site-packages/policy_translation/__init__.py'...
[17.485s] -- Installing: /home/irg/irg/SemanticPolicies/ros2/install/policy_translation/lib/python3.6/site-packages/policy_translation/srv
[17.485s] -- Installing: /home/irg/irg/SemanticPolicies/ros2/install/policy_translation/lib/python3.6/site-packages/policy_translation/srv/_network_pt.py
[17.485s] -- Installing: /home/irg/irg/SemanticPolicies/ros2/install/policy_translation/lib/python3.6/site-packages/policy_translation/srv/_network_pt_s.c
[17.486s] -- Installing: /home/irg/irg/SemanticPolicies/ros2/install/policy_translation/lib/python3.6/site-packages/policy_translation/srv/_tune_network.py
[17.486s] -- Installing: /home/irg/irg/SemanticPolicies/ros2/install/policy_translation/lib/python3.6/site-packages/policy_translation/srv/__init__.py
[17.486s] -- Installing: /home/irg/irg/SemanticPolicies/ros2/install/policy_translation/lib/python3.6/site-packages/policy_translation/srv/_tune_network_s.c
[17.486s] -- Installing: /home/irg/irg/SemanticPolicies/ros2/install/policy_translation/lib/python3.6/site-packages/policy_translation/msg
[17.486s] -- Installing: /home/irg/irg/SemanticPolicies/ros2/install/policy_translation/lib/python3.6/site-packages/policy_translation/msg/_dummy_s.c
[17.486s] -- Installing: /home/irg/irg/SemanticPolicies/ros2/install/policy_translation/lib/python3.6/site-packages/policy_translation/msg/__init__.py
[17.486s] -- Installing: /home/irg/irg/SemanticPolicies/ros2/install/policy_translation/lib/python3.6/site-packages/policy_translation/msg/_dummy.py
[17.487s] -- Installing: /home/irg/irg/SemanticPolicies/ros2/install/policy_translation/lib/python3.6/site-packages/policy_translation/policy_translation_s__rosidl_typesupport_c.cpython-36m-x86_64-linux-gnu.so
[17.487s] -- Set runtime path of "/home/irg/irg/SemanticPolicies/ros2/install/policy_translation/lib/python3.6/site-packages/policy_translation/policy_translation_s__rosidl_typesupport_c.cpython-36m-x86_64-linux-gnu.so" to ""
[17.487s] -- Installing: /home/irg/irg/SemanticPolicies/ros2/install/policy_translation/lib/python3.6/site-packages/policy_translation/policy_translation_s__rosidl_typesupport_introspection_c.cpython-36m-x86_64-linux-gnu.so
[17.488s] -- Set runtime path of "/home/irg/irg/SemanticPolicies/ros2/install/policy_translation/lib/python3.6/site-packages/policy_translation/policy_translation_s__rosidl_typesupport_introspection_c.cpython-36m-x86_64-linux-gnu.so" to ""
[17.488s] -- Installing: /home/irg/irg/SemanticPolicies/ros2/install/policy_translation/lib/python3.6/site-packages/policy_translation/policy_translation_s__rosidl_typesupport_fastrtps_c.cpython-36m-x86_64-linux-gnu.so
[17.489s] -- Set runtime path of "/home/irg/irg/SemanticPolicies/ros2/install/policy_translation/lib/python3.6/site-packages/policy_translation/policy_translation_s__rosidl_typesupport_fastrtps_c.cpython-36m-x86_64-linux-gnu.so" to ""
[17.489s] -- Installing: /home/irg/irg/SemanticPolicies/ros2/install/policy_translation/lib/libpolicy_translation__python.so
[17.489s] -- Set runtime path of "/home/irg/irg/SemanticPolicies/ros2/install/policy_translation/lib/libpolicy_translation__python.so" to ""
[17.489s] -- Installing: /home/irg/irg/SemanticPolicies/ros2/install/policy_translation/share/policy_translation/srv/NetworkPT.idl
[17.490s] -- Installing: /home/irg/irg/SemanticPolicies/ros2/install/policy_translation/share/policy_translation/srv/TuneNetwork.idl
[17.490s] -- Installing: /home/irg/irg/SemanticPolicies/ros2/install/policy_translation/share/policy_translation/msg/Dummy.idl
[17.490s] -- Installing: /home/irg/irg/SemanticPolicies/ros2/install/policy_translation/share/policy_translation/srv/NetworkPT.srv
[17.490s] -- Installing: /home/irg/irg/SemanticPolicies/ros2/install/policy_translation/share/policy_translation/srv/NetworkPT_Request.msg
[17.491s] -- Installing: /home/irg/irg/SemanticPolicies/ros2/install/policy_translation/share/policy_translation/srv/NetworkPT_Response.msg
[17.491s] -- Installing: /home/irg/irg/SemanticPolicies/ros2/install/policy_translation/share/policy_translation/srv/TuneNetwork.srv
[17.491s] -- Installing: /home/irg/irg/SemanticPolicies/ros2/install/policy_translation/share/policy_translation/srv/TuneNetwork_Request.msg
[17.491s] -- Installing: /home/irg/irg/SemanticPolicies/ros2/install/policy_translation/share/policy_translation/srv/TuneNetwork_Response.msg
[17.491s] -- Installing: /home/irg/irg/SemanticPolicies/ros2/install/policy_translation/share/policy_translation/msg/Dummy.msg
[17.492s] -- Installing: /home/irg/irg/SemanticPolicies/ros2/install/policy_translation/share/ament_index/resource_index/package_run_dependencies/policy_translation
[17.492s] -- Installing: /home/irg/irg/SemanticPolicies/ros2/install/policy_translation/share/ament_index/resource_index/parent_prefix_path/policy_translation
[17.492s] -- Installing: /home/irg/irg/SemanticPolicies/ros2/install/policy_translation/share/policy_translation/environment/ament_prefix_path.sh
[17.492s] -- Installing: /home/irg/irg/SemanticPolicies/ros2/install/policy_translation/share/policy_translation/environment/ament_prefix_path.dsv
[17.492s] -- Installing: /home/irg/irg/SemanticPolicies/ros2/install/policy_translation/share/policy_translation/environment/path.sh
[17.493s] -- Installing: /home/irg/irg/SemanticPolicies/ros2/install/policy_translation/share/policy_translation/environment/path.dsv
[17.493s] -- Installing: /home/irg/irg/SemanticPolicies/ros2/install/policy_translation/share/policy_translation/local_setup.bash
[17.493s] -- Installing: /home/irg/irg/SemanticPolicies/ros2/install/policy_translation/share/policy_translation/local_setup.sh
[17.493s] -- Installing: /home/irg/irg/SemanticPolicies/ros2/install/policy_translation/share/policy_translation/local_setup.zsh
[17.493s] -- Installing: /home/irg/irg/SemanticPolicies/ros2/install/policy_translation/share/policy_translation/local_setup.dsv
[17.493s] -- Installing: /home/irg/irg/SemanticPolicies/ros2/install/policy_translation/share/policy_translation/package.dsv
[17.494s] -- Installing: /home/irg/irg/SemanticPolicies/ros2/install/policy_translation/share/ament_index/resource_index/packages/policy_translation
[17.494s] -- Installing: /home/irg/irg/SemanticPolicies/ros2/install/policy_translation/share/policy_translation/cmake/rosidl_cmake-extras.cmake
[17.494s] -- Installing: /home/irg/irg/SemanticPolicies/ros2/install/policy_translation/share/policy_translation/cmake/ament_cmake_export_dependencies-extras.cmake
[17.494s] -- Installing: /home/irg/irg/SemanticPolicies/ros2/install/policy_translation/share/policy_translation/cmake/ament_cmake_export_libraries-extras.cmake
[17.494s] -- Installing: /home/irg/irg/SemanticPolicies/ros2/install/policy_translation/share/policy_translation/cmake/ament_cmake_export_include_directories-extras.cmake
[17.494s] -- Installing: /home/irg/irg/SemanticPolicies/ros2/install/policy_translation/share/policy_translation/cmake/policy_translationConfig.cmake
[17.495s] -- Installing: /home/irg/irg/SemanticPolicies/ros2/install/policy_translation/share/policy_translation/cmake/policy_translationConfig-version.cmake
[17.495s] -- Installing: /home/irg/irg/SemanticPolicies/ros2/install/policy_translation/share/policy_translation/package.xml
[17.499s] Invoked command in '/home/irg/irg/SemanticPolicies/ros2/build/policy_translation' returned '0': CMAKE_PREFIX_PATH=${CMAKE_PREFIX_PATH}:/home/irg/ros2_eloquent/install/ros2bag:/home/irg/ros2_eloquent/install/tracetools_launch:/home/irg/ros2_eloquent/install/topic_monitor:/home/irg/ros2_eloquent/install/examples_tf2_py:/home/irg/ros2_eloquent/install/sros2:/home/irg/ros2_eloquent/install/rqt_topic:/home/irg/ros2_eloquent/install/rqt_reconfigure:/home/irg/ros2_eloquent/install/rqt_action:/home/irg/ros2_eloquent/install/rqt_console:/home/irg/ros2_eloquent/install/rqt:/home/irg/ros2_eloquent/install/rqt_graph:/home/irg/ros2_eloquent/install/rqt_gui_py:/home/irg/ros2_eloquent/install/rqt_gui:/home/irg/ros2_eloquent/install/ros2trace:/home/irg/ros2_eloquent/install/ros2topic:/home/irg/ros2_eloquent/install/ros2test:/home/irg/ros2_eloquent/install/ros2srv:/home/irg/ros2_eloquent/install/ros2component:/home/irg/ros2_eloquent/install/ros2param:/home/irg/ros2_eloquent/install/ros2lifecycle:/home/irg/ros2_eloquent/install/ros2service:/home/irg/ros2_eloquent/install/ros2run:/home/irg/ros2_eloquent/install/ros2launch:/home/irg/ros2_eloquent/install/ros2pkg:/home/irg/ros2_eloquent/install/ros2node:/home/irg/ros2_eloquent/install/ros2multicast:/home/irg/ros2_eloquent/install/ros2msg:/home/irg/ros2_eloquent/install/ros2interface:/home/irg/ros2_eloquent/install/ros2doctor:/home/irg/ros2_eloquent/install/ros2action:/home/irg/ros2_eloquent/install/ros2cli:/home/irg/ros2_eloquent/install/quality_of_service_demo_py:/home/irg/ros2_eloquent/install/launch_testing_ros:/home/irg/ros2_eloquent/install/launch_ros:/home/irg/ros2_eloquent/install/examples_rclpy_minimal_subscriber:/home/irg/ros2_eloquent/install/examples_rclpy_minimal_service:/home/irg/ros2_eloquent/install/examples_rclpy_minimal_publisher:/home/irg/ros2_eloquent/install/examples_rclpy_minimal_client:/home/irg/ros2_eloquent/install/examples_rclpy_minimal_action_server:/home/irg/ros2_eloquent/install/examples_rclpy_minimal_action_client:/home/irg/ros2_eloquent/install/examples_rclpy_executors:/home/irg/ros2_eloquent/install/demo_nodes_py:/home/irg/ros2_eloquent/install/action_tutorials_py:/home/irg/ros2_eloquent/install/ament_uncrustify:/home/irg/ros2_eloquent/install/tracetools_trace:/home/irg/ros2_eloquent/install/tracetools_read:/home/irg/ros2_eloquent/install/test_launch_ros:/home/irg/ros2_eloquent/install/rosidl_runtime_py:/home/irg/ros2_eloquent/install/launch_yaml:/home/irg/ros2_eloquent/install/launch_xml:/home/irg/ros2_eloquent/install/launch_testing:/home/irg/ros2_eloquent/install/launch:/home/irg/ros2_eloquent/install/osrf_pycommon:/home/irg/ros2_eloquent/install/domain_coordinator:/home/irg/ros2_eloquent/install/ament_xmllint:/home/irg/ros2_eloquent/install/ament_pyflakes:/home/irg/ros2_eloquent/install/ament_pep8:/home/irg/ros2_eloquent/install/ament_pep257:/home/irg/ros2_eloquent/install/ament_pclint:/home/irg/ros2_eloquent/install/ament_package:/home/irg/ros2_eloquent/install/ament_mypy:/home/irg/ros2_eloquent/install/ament_lint_cmake:/home/irg/ros2_eloquent/install/ament_flake8:/home/irg/ros2_eloquent/install/ament_copyright:/home/irg/ros2_eloquent/install/ament_lint:/home/irg/ros2_eloquent/install/ament_index_python:/home/irg/ros2_eloquent/install/ament_cpplint:/home/irg/ros2_eloquent/install/ament_cppcheck:/home/irg/ros2_eloquent/install/ament_clang_tidy:/home/irg/ros2_eloquent/install/ament_clang_format:/opt/ros/eloquent CONDA_PROMPT_MODIFIER=(lang_pol) /usr/bin/cmake --build /home/irg/irg/SemanticPolicies/ros2/build/policy_translation --target install -- -j8 -l8
