[0.041s] Invoking command in '/home/irg/irg/LanguagePolicies/ros2/build/policy_translation': CMAKE_PREFIX_PATH=${CMAKE_PREFIX_PATH}:/opt/ros/eloquent:/home/irg/ros2_eloquent/install/ros2bag:/home/irg/ros2_eloquent/install/tracetools_launch:/home/irg/ros2_eloquent/install/topic_monitor:/home/irg/ros2_eloquent/install/examples_tf2_py:/home/irg/ros2_eloquent/install/sros2:/home/irg/ros2_eloquent/install/rqt_topic:/home/irg/ros2_eloquent/install/rqt_reconfigure:/home/irg/ros2_eloquent/install/rqt_action:/home/irg/ros2_eloquent/install/rqt_console:/home/irg/ros2_eloquent/install/rqt:/home/irg/ros2_eloquent/install/rqt_graph:/home/irg/ros2_eloquent/install/rqt_gui_py:/home/irg/ros2_eloquent/install/rqt_gui:/home/irg/ros2_eloquent/install/ros2trace:/home/irg/ros2_eloquent/install/ros2topic:/home/irg/ros2_eloquent/install/ros2test:/home/irg/ros2_eloquent/install/ros2srv:/home/irg/ros2_eloquent/install/ros2component:/home/irg/ros2_eloquent/install/ros2param:/home/irg/ros2_eloquent/install/ros2lifecycle:/home/irg/ros2_eloquent/install/ros2service:/home/irg/ros2_eloquent/install/ros2run:/home/irg/ros2_eloquent/install/ros2launch:/home/irg/ros2_eloquent/install/ros2pkg:/home/irg/ros2_eloquent/install/ros2node:/home/irg/ros2_eloquent/install/ros2multicast:/home/irg/ros2_eloquent/install/ros2msg:/home/irg/ros2_eloquent/install/ros2interface:/home/irg/ros2_eloquent/install/ros2doctor:/home/irg/ros2_eloquent/install/ros2action:/home/irg/ros2_eloquent/install/ros2cli:/home/irg/ros2_eloquent/install/quality_of_service_demo_py:/home/irg/ros2_eloquent/install/launch_testing_ros:/home/irg/ros2_eloquent/install/launch_ros:/home/irg/ros2_eloquent/install/examples_rclpy_minimal_subscriber:/home/irg/ros2_eloquent/install/examples_rclpy_minimal_service:/home/irg/ros2_eloquent/install/examples_rclpy_minimal_publisher:/home/irg/ros2_eloquent/install/examples_rclpy_minimal_client:/home/irg/ros2_eloquent/install/examples_rclpy_minimal_action_server:/home/irg/ros2_eloquent/install/examples_rclpy_minimal_action_client:/home/irg/ros2_eloquent/install/examples_rclpy_executors:/home/irg/ros2_eloquent/install/demo_nodes_py:/home/irg/ros2_eloquent/install/action_tutorials_py:/home/irg/ros2_eloquent/install/ament_uncrustify:/home/irg/ros2_eloquent/install/tracetools_trace:/home/irg/ros2_eloquent/install/tracetools_read:/home/irg/ros2_eloquent/install/test_launch_ros:/home/irg/ros2_eloquent/install/rosidl_runtime_py:/home/irg/ros2_eloquent/install/launch_yaml:/home/irg/ros2_eloquent/install/launch_xml:/home/irg/ros2_eloquent/install/launch_testing:/home/irg/ros2_eloquent/install/launch:/home/irg/ros2_eloquent/install/osrf_pycommon:/home/irg/ros2_eloquent/install/domain_coordinator:/home/irg/ros2_eloquent/install/ament_xmllint:/home/irg/ros2_eloquent/install/ament_pyflakes:/home/irg/ros2_eloquent/install/ament_pep8:/home/irg/ros2_eloquent/install/ament_pep257:/home/irg/ros2_eloquent/install/ament_pclint:/home/irg/ros2_eloquent/install/ament_package:/home/irg/ros2_eloquent/install/ament_mypy:/home/irg/ros2_eloquent/install/ament_lint_cmake:/home/irg/ros2_eloquent/install/ament_flake8:/home/irg/ros2_eloquent/install/ament_copyright:/home/irg/ros2_eloquent/install/ament_lint:/home/irg/ros2_eloquent/install/ament_index_python:/home/irg/ros2_eloquent/install/ament_cpplint:/home/irg/ros2_eloquent/install/ament_cppcheck:/home/irg/ros2_eloquent/install/ament_clang_tidy:/home/irg/ros2_eloquent/install/ament_clang_format PS1=\[\e]0;\u@\h: \w\a\]${debian_chroot:+($debian_chroot)}\[\033[01;32m\]\u@\h\[\033[00m\]:\[\033[01;34m\]\w\[\033[00m\]\$ /usr/bin/cmake /home/irg/irg/LanguagePolicies/ros2/src/policy_translation -DCMAKE_INSTALL_PREFIX=/home/irg/irg/LanguagePolicies/ros2/install/policy_translation
[0.140s] -- The C compiler identification is GNU 7.5.0
[0.220s] -- The CXX compiler identification is GNU 7.5.0
[0.230s] -- Check for working C compiler: /usr/bin/cc
[0.350s] -- Check for working C compiler: /usr/bin/cc -- works
[0.351s] -- Detecting C compiler ABI info
[0.473s] -- Detecting C compiler ABI info - done
[0.477s] -- Detecting C compile features
[0.835s] -- Detecting C compile features - done
[0.837s] -- Check for working CXX compiler: /usr/bin/c++
[0.966s] -- Check for working CXX compiler: /usr/bin/c++ -- works
[0.967s] -- Detecting CXX compiler ABI info
[1.095s] -- Detecting CXX compiler ABI info - done
[1.099s] -- Detecting CXX compile features
[1.632s] -- Detecting CXX compile features - done
[1.648s] -- Found ament_cmake: 0.8.3 (/home/irg/ros2_eloquent/install/ament_cmake/share/ament_cmake/cmake)
[1.761s] -- Found PythonInterp: /usr/bin/python3 (found suitable version "3.6.9", minimum required is "3") 
[1.761s] -- Using PYTHON_EXECUTABLE: /usr/bin/python3
[2.347s] -- Found rosidl_default_generators: 0.8.0 (/home/irg/ros2_eloquent/install/rosidl_default_generators/share/rosidl_default_generators/cmake)
[2.707s] -- Found OpenSSL: /usr/lib/x86_64-linux-gnu/libcrypto.so (found version "1.1.1") 
[2.763s] -- Found FastRTPS: /home/irg/ros2_eloquent/install/fastrtps/include  
[2.824s] -- Found rosidl_adapter: 0.8.3 (/home/irg/ros2_eloquent/install/rosidl_adapter/share/rosidl_adapter/cmake)
[2.996s] -- Found sensor_msgs: 0.8.1 (/home/irg/ros2_eloquent/install/sensor_msgs/share/sensor_msgs/cmake)
[3.161s] -- Found PythonInterp: /usr/bin/python3 (found version "3.6.9") 
[3.677s] -- Using all available rosidl_typesupport_c: rosidl_typesupport_fastrtps_c;rosidl_typesupport_introspection_c
[4.280s] -- Using all available rosidl_typesupport_cpp: rosidl_typesupport_fastrtps_cpp;rosidl_typesupport_introspection_cpp
[7.994s] -- Found rmw_implementation_cmake: 0.8.1 (/home/irg/ros2_eloquent/install/rmw_implementation_cmake/share/rmw_implementation_cmake/cmake)
[8.076s] -- Found PythonInterp: /usr/bin/python3 (found suitable version "3.6.9", minimum required is "3.5") 
[8.091s] -- Found python_cmake_module: 0.8.0 (/home/irg/ros2_eloquent/install/python_cmake_module/share/python_cmake_module/cmake)
[8.196s] -- Found PythonLibs: /usr/lib/x86_64-linux-gnu/libpython3.6m.so (found suitable version "3.6.9", minimum required is "3.5") 
[8.196s] -- Using PYTHON_EXECUTABLE: /usr/bin/python3
[8.196s] -- Using PYTHON_INCLUDE_DIRS: /usr/include/python3.6m
[8.196s] -- Using PYTHON_LIBRARIES: /usr/lib/x86_64-linux-gnu/libpython3.6m.so
[8.277s] -- Found PythonExtra: .so  
[10.493s] -- Found ament_lint_auto: 0.8.2 (/home/irg/ros2_eloquent/install/ament_lint_auto/share/ament_lint_auto/cmake)
[10.619s] -- Added test 'lint_cmake' to check CMake code style
[10.623s] -- Added test 'xmllint' to check XML markup files
[10.632s] -- Configuring done
[10.848s] -- Generating done
[10.851s] -- Build files have been written to: /home/irg/irg/LanguagePolicies/ros2/build/policy_translation
[10.859s] Invoked command in '/home/irg/irg/LanguagePolicies/ros2/build/policy_translation' returned '0': CMAKE_PREFIX_PATH=${CMAKE_PREFIX_PATH}:/opt/ros/eloquent:/home/irg/ros2_eloquent/install/ros2bag:/home/irg/ros2_eloquent/install/tracetools_launch:/home/irg/ros2_eloquent/install/topic_monitor:/home/irg/ros2_eloquent/install/examples_tf2_py:/home/irg/ros2_eloquent/install/sros2:/home/irg/ros2_eloquent/install/rqt_topic:/home/irg/ros2_eloquent/install/rqt_reconfigure:/home/irg/ros2_eloquent/install/rqt_action:/home/irg/ros2_eloquent/install/rqt_console:/home/irg/ros2_eloquent/install/rqt:/home/irg/ros2_eloquent/install/rqt_graph:/home/irg/ros2_eloquent/install/rqt_gui_py:/home/irg/ros2_eloquent/install/rqt_gui:/home/irg/ros2_eloquent/install/ros2trace:/home/irg/ros2_eloquent/install/ros2topic:/home/irg/ros2_eloquent/install/ros2test:/home/irg/ros2_eloquent/install/ros2srv:/home/irg/ros2_eloquent/install/ros2component:/home/irg/ros2_eloquent/install/ros2param:/home/irg/ros2_eloquent/install/ros2lifecycle:/home/irg/ros2_eloquent/install/ros2service:/home/irg/ros2_eloquent/install/ros2run:/home/irg/ros2_eloquent/install/ros2launch:/home/irg/ros2_eloquent/install/ros2pkg:/home/irg/ros2_eloquent/install/ros2node:/home/irg/ros2_eloquent/install/ros2multicast:/home/irg/ros2_eloquent/install/ros2msg:/home/irg/ros2_eloquent/install/ros2interface:/home/irg/ros2_eloquent/install/ros2doctor:/home/irg/ros2_eloquent/install/ros2action:/home/irg/ros2_eloquent/install/ros2cli:/home/irg/ros2_eloquent/install/quality_of_service_demo_py:/home/irg/ros2_eloquent/install/launch_testing_ros:/home/irg/ros2_eloquent/install/launch_ros:/home/irg/ros2_eloquent/install/examples_rclpy_minimal_subscriber:/home/irg/ros2_eloquent/install/examples_rclpy_minimal_service:/home/irg/ros2_eloquent/install/examples_rclpy_minimal_publisher:/home/irg/ros2_eloquent/install/examples_rclpy_minimal_client:/home/irg/ros2_eloquent/install/examples_rclpy_minimal_action_server:/home/irg/ros2_eloquent/install/examples_rclpy_minimal_action_client:/home/irg/ros2_eloquent/install/examples_rclpy_executors:/home/irg/ros2_eloquent/install/demo_nodes_py:/home/irg/ros2_eloquent/install/action_tutorials_py:/home/irg/ros2_eloquent/install/ament_uncrustify:/home/irg/ros2_eloquent/install/tracetools_trace:/home/irg/ros2_eloquent/install/tracetools_read:/home/irg/ros2_eloquent/install/test_launch_ros:/home/irg/ros2_eloquent/install/rosidl_runtime_py:/home/irg/ros2_eloquent/install/launch_yaml:/home/irg/ros2_eloquent/install/launch_xml:/home/irg/ros2_eloquent/install/launch_testing:/home/irg/ros2_eloquent/install/launch:/home/irg/ros2_eloquent/install/osrf_pycommon:/home/irg/ros2_eloquent/install/domain_coordinator:/home/irg/ros2_eloquent/install/ament_xmllint:/home/irg/ros2_eloquent/install/ament_pyflakes:/home/irg/ros2_eloquent/install/ament_pep8:/home/irg/ros2_eloquent/install/ament_pep257:/home/irg/ros2_eloquent/install/ament_pclint:/home/irg/ros2_eloquent/install/ament_package:/home/irg/ros2_eloquent/install/ament_mypy:/home/irg/ros2_eloquent/install/ament_lint_cmake:/home/irg/ros2_eloquent/install/ament_flake8:/home/irg/ros2_eloquent/install/ament_copyright:/home/irg/ros2_eloquent/install/ament_lint:/home/irg/ros2_eloquent/install/ament_index_python:/home/irg/ros2_eloquent/install/ament_cpplint:/home/irg/ros2_eloquent/install/ament_cppcheck:/home/irg/ros2_eloquent/install/ament_clang_tidy:/home/irg/ros2_eloquent/install/ament_clang_format PS1=\[\e]0;\u@\h: \w\a\]${debian_chroot:+($debian_chroot)}\[\033[01;32m\]\u@\h\[\033[00m\]:\[\033[01;34m\]\w\[\033[00m\]\$ /usr/bin/cmake /home/irg/irg/LanguagePolicies/ros2/src/policy_translation -DCMAKE_INSTALL_PREFIX=/home/irg/irg/LanguagePolicies/ros2/install/policy_translation
[10.862s] Invoking command in '/home/irg/irg/LanguagePolicies/ros2/build/policy_translation': CMAKE_PREFIX_PATH=${CMAKE_PREFIX_PATH}:/opt/ros/eloquent:/home/irg/ros2_eloquent/install/ros2bag:/home/irg/ros2_eloquent/install/tracetools_launch:/home/irg/ros2_eloquent/install/topic_monitor:/home/irg/ros2_eloquent/install/examples_tf2_py:/home/irg/ros2_eloquent/install/sros2:/home/irg/ros2_eloquent/install/rqt_topic:/home/irg/ros2_eloquent/install/rqt_reconfigure:/home/irg/ros2_eloquent/install/rqt_action:/home/irg/ros2_eloquent/install/rqt_console:/home/irg/ros2_eloquent/install/rqt:/home/irg/ros2_eloquent/install/rqt_graph:/home/irg/ros2_eloquent/install/rqt_gui_py:/home/irg/ros2_eloquent/install/rqt_gui:/home/irg/ros2_eloquent/install/ros2trace:/home/irg/ros2_eloquent/install/ros2topic:/home/irg/ros2_eloquent/install/ros2test:/home/irg/ros2_eloquent/install/ros2srv:/home/irg/ros2_eloquent/install/ros2component:/home/irg/ros2_eloquent/install/ros2param:/home/irg/ros2_eloquent/install/ros2lifecycle:/home/irg/ros2_eloquent/install/ros2service:/home/irg/ros2_eloquent/install/ros2run:/home/irg/ros2_eloquent/install/ros2launch:/home/irg/ros2_eloquent/install/ros2pkg:/home/irg/ros2_eloquent/install/ros2node:/home/irg/ros2_eloquent/install/ros2multicast:/home/irg/ros2_eloquent/install/ros2msg:/home/irg/ros2_eloquent/install/ros2interface:/home/irg/ros2_eloquent/install/ros2doctor:/home/irg/ros2_eloquent/install/ros2action:/home/irg/ros2_eloquent/install/ros2cli:/home/irg/ros2_eloquent/install/quality_of_service_demo_py:/home/irg/ros2_eloquent/install/launch_testing_ros:/home/irg/ros2_eloquent/install/launch_ros:/home/irg/ros2_eloquent/install/examples_rclpy_minimal_subscriber:/home/irg/ros2_eloquent/install/examples_rclpy_minimal_service:/home/irg/ros2_eloquent/install/examples_rclpy_minimal_publisher:/home/irg/ros2_eloquent/install/examples_rclpy_minimal_client:/home/irg/ros2_eloquent/install/examples_rclpy_minimal_action_server:/home/irg/ros2_eloquent/install/examples_rclpy_minimal_action_client:/home/irg/ros2_eloquent/install/examples_rclpy_executors:/home/irg/ros2_eloquent/install/demo_nodes_py:/home/irg/ros2_eloquent/install/action_tutorials_py:/home/irg/ros2_eloquent/install/ament_uncrustify:/home/irg/ros2_eloquent/install/tracetools_trace:/home/irg/ros2_eloquent/install/tracetools_read:/home/irg/ros2_eloquent/install/test_launch_ros:/home/irg/ros2_eloquent/install/rosidl_runtime_py:/home/irg/ros2_eloquent/install/launch_yaml:/home/irg/ros2_eloquent/install/launch_xml:/home/irg/ros2_eloquent/install/launch_testing:/home/irg/ros2_eloquent/install/launch:/home/irg/ros2_eloquent/install/osrf_pycommon:/home/irg/ros2_eloquent/install/domain_coordinator:/home/irg/ros2_eloquent/install/ament_xmllint:/home/irg/ros2_eloquent/install/ament_pyflakes:/home/irg/ros2_eloquent/install/ament_pep8:/home/irg/ros2_eloquent/install/ament_pep257:/home/irg/ros2_eloquent/install/ament_pclint:/home/irg/ros2_eloquent/install/ament_package:/home/irg/ros2_eloquent/install/ament_mypy:/home/irg/ros2_eloquent/install/ament_lint_cmake:/home/irg/ros2_eloquent/install/ament_flake8:/home/irg/ros2_eloquent/install/ament_copyright:/home/irg/ros2_eloquent/install/ament_lint:/home/irg/ros2_eloquent/install/ament_index_python:/home/irg/ros2_eloquent/install/ament_cpplint:/home/irg/ros2_eloquent/install/ament_cppcheck:/home/irg/ros2_eloquent/install/ament_clang_tidy:/home/irg/ros2_eloquent/install/ament_clang_format PS1=\[\e]0;\u@\h: \w\a\]${debian_chroot:+($debian_chroot)}\[\033[01;32m\]\u@\h\[\033[00m\]:\[\033[01;34m\]\w\[\033[00m\]\$ /usr/bin/cmake --build /home/irg/irg/LanguagePolicies/ros2/build/policy_translation -- -j8 -l8
[10.952s] [35m[1mScanning dependencies of target policy_translation__cpp[0m
[10.953s] [  2%] [34m[1mGenerating C code for ROS interfaces[0m
[10.977s] [  4%] [34m[1mGenerating C++ code for ROS interfaces[0m
[11.554s] [  4%] Built target policy_translation__cpp
[11.585s] [  8%] [34m[1mGenerating C++ type support for eProsima Fast-RTPS[0m
[11.585s] [  8%] [34m[1mGenerating C++ type support dispatch for ROS interfaces[0m
[11.593s] [ 10%] [34m[1mGenerating C++ introspection for ROS interfaces[0m
[11.599s] [35m[1mScanning dependencies of target policy_translation__rosidl_generator_c[0m
[11.643s] [ 17%] [32mBuilding C object CMakeFiles/policy_translation__rosidl_generator_c.dir/rosidl_generator_c/policy_translation/srv/tune_network__functions.c.o[0m
[11.643s] [ 17%] [32mBuilding C object CMakeFiles/policy_translation__rosidl_generator_c.dir/rosidl_generator_c/policy_translation/msg/dummy__functions.c.o[0m
[11.643s] [ 17%] [32mBuilding C object CMakeFiles/policy_translation__rosidl_generator_c.dir/rosidl_generator_c/policy_translation/srv/network_pt__functions.c.o[0m
[11.734s] [ 19%] [32m[1mLinking C shared library libpolicy_translation__rosidl_generator_c.so[0m
[11.845s] [ 19%] Built target policy_translation__rosidl_generator_c
[11.871s] [ 21%] [34m[1mGenerating C introspection for ROS interfaces[0m
[11.883s] [ 23%] [34m[1mGenerating C type support dispatch for ROS interfaces[0m
[12.146s] [35m[1mScanning dependencies of target policy_translation__rosidl_typesupport_cpp[0m
[12.194s] [ 25%] [32mBuilding CXX object CMakeFiles/policy_translation__rosidl_typesupport_cpp.dir/rosidl_typesupport_cpp/policy_translation/srv/tune_network__type_support.cpp.o[0m
[12.196s] [ 27%] [32mBuilding CXX object CMakeFiles/policy_translation__rosidl_typesupport_cpp.dir/rosidl_typesupport_cpp/policy_translation/srv/network_pt__type_support.cpp.o[0m
[12.206s] [ 29%] [32mBuilding CXX object CMakeFiles/policy_translation__rosidl_typesupport_cpp.dir/rosidl_typesupport_cpp/policy_translation/msg/dummy__type_support.cpp.o[0m
[12.227s] [35m[1mScanning dependencies of target policy_translation__rosidl_typesupport_introspection_cpp[0m
[12.270s] [ 31%] [32mBuilding CXX object CMakeFiles/policy_translation__rosidl_typesupport_introspection_cpp.dir/rosidl_typesupport_introspection_cpp/policy_translation/srv/network_pt__type_support.cpp.o[0m
[12.277s] [ 34%] [32mBuilding CXX object CMakeFiles/policy_translation__rosidl_typesupport_introspection_cpp.dir/rosidl_typesupport_introspection_cpp/policy_translation/srv/tune_network__type_support.cpp.o[0m
[12.643s] [ 36%] [32mBuilding CXX object CMakeFiles/policy_translation__rosidl_typesupport_introspection_cpp.dir/rosidl_typesupport_introspection_cpp/policy_translation/msg/dummy__type_support.cpp.o[0m
[12.665s] [ 38%] [32m[1mLinking CXX shared library libpolicy_translation__rosidl_typesupport_cpp.so[0m
[12.666s] [35m[1mScanning dependencies of target policy_translation__rosidl_typesupport_fastrtps_cpp[0m
[12.735s] [ 40%] [32mBuilding CXX object CMakeFiles/policy_translation__rosidl_typesupport_fastrtps_cpp.dir/rosidl_typesupport_fastrtps_cpp/policy_translation/srv/dds_fastrtps/network_pt__type_support.cpp.o[0m
[12.738s] [ 44%] [32mBuilding CXX object CMakeFiles/policy_translation__rosidl_typesupport_fastrtps_cpp.dir/rosidl_typesupport_fastrtps_cpp/policy_translation/msg/dds_fastrtps/dummy__type_support.cpp.o[0m
[12.739s] [ 44%] [32mBuilding CXX object CMakeFiles/policy_translation__rosidl_typesupport_fastrtps_cpp.dir/rosidl_typesupport_fastrtps_cpp/policy_translation/srv/dds_fastrtps/tune_network__type_support.cpp.o[0m
[12.795s] [ 44%] Built target policy_translation__rosidl_typesupport_cpp
[12.877s] [35m[1mScanning dependencies of target policy_translation__rosidl_typesupport_c[0m
[12.878s] [35m[1mScanning dependencies of target policy_translation__rosidl_typesupport_introspection_c[0m
[12.926s] [ 48%] [32mBuilding CXX object CMakeFiles/policy_translation__rosidl_typesupport_c.dir/rosidl_typesupport_c/policy_translation/srv/network_pt__type_support.cpp.o[0m
[12.927s] [ 51%] [32mBuilding CXX object CMakeFiles/policy_translation__rosidl_typesupport_c.dir/rosidl_typesupport_c/policy_translation/msg/dummy__type_support.cpp.o[0m
[12.927s] [ 48%] [32mBuilding CXX object CMakeFiles/policy_translation__rosidl_typesupport_c.dir/rosidl_typesupport_c/policy_translation/srv/tune_network__type_support.cpp.o[0m
[12.933s] [ 53%] [32mBuilding C object CMakeFiles/policy_translation__rosidl_typesupport_introspection_c.dir/rosidl_typesupport_introspection_c/policy_translation/srv/network_pt__type_support.c.o[0m
[13.011s] [ 55%] [32mBuilding C object CMakeFiles/policy_translation__rosidl_typesupport_introspection_c.dir/rosidl_typesupport_introspection_c/policy_translation/srv/tune_network__type_support.c.o[0m
[13.011s] [ 57%] [32m[1mLinking CXX shared library libpolicy_translation__rosidl_typesupport_c.so[0m
[13.012s] [ 59%] [32mBuilding C object CMakeFiles/policy_translation__rosidl_typesupport_introspection_c.dir/rosidl_typesupport_introspection_c/policy_translation/msg/dummy__type_support.c.o[0m
[13.087s] [ 61%] [32m[1mLinking CXX shared library libpolicy_translation__rosidl_typesupport_introspection_cpp.so[0m
[13.099s] [ 63%] [32m[1mLinking C shared library libpolicy_translation__rosidl_typesupport_introspection_c.so[0m
[13.144s] [ 63%] Built target policy_translation__rosidl_typesupport_c
[13.206s] [ 63%] Built target policy_translation__rosidl_typesupport_introspection_c
[13.274s] [ 63%] Built target policy_translation__rosidl_typesupport_introspection_cpp
[13.314s] [ 65%] [32m[1mLinking CXX shared library libpolicy_translation__rosidl_typesupport_fastrtps_cpp.so[0m
[13.448s] [ 65%] Built target policy_translation__rosidl_typesupport_fastrtps_cpp
[13.476s] [ 68%] [34m[1mGenerating C type support for eProsima Fast-RTPS[0m
[14.016s] [35m[1mScanning dependencies of target policy_translation__rosidl_typesupport_fastrtps_c[0m
[14.055s] [ 74%] [32mBuilding CXX object CMakeFiles/policy_translation__rosidl_typesupport_fastrtps_c.dir/rosidl_typesupport_fastrtps_c/policy_translation/srv/tune_network__type_support_c.cpp.o[0m
[14.055s] [ 74%] [32mBuilding CXX object CMakeFiles/policy_translation__rosidl_typesupport_fastrtps_c.dir/rosidl_typesupport_fastrtps_c/policy_translation/srv/network_pt__type_support_c.cpp.o[0m
[14.055s] [ 74%] [32mBuilding CXX object CMakeFiles/policy_translation__rosidl_typesupport_fastrtps_c.dir/rosidl_typesupport_fastrtps_c/policy_translation/msg/dummy__type_support_c.cpp.o[0m
[14.378s] [ 76%] [32m[1mLinking CXX shared library libpolicy_translation__rosidl_typesupport_fastrtps_c.so[0m
[14.514s] [ 76%] Built target policy_translation__rosidl_typesupport_fastrtps_c
[14.539s] [35m[1mScanning dependencies of target policy_translation[0m
[14.565s] [ 76%] Built target policy_translation
[14.590s] [35m[1mScanning dependencies of target policy_translation__py[0m
[14.617s] [ 78%] [34m[1mGenerating Python code for ROS interfaces[0m
[15.698s] [ 78%] Built target policy_translation__py
[15.722s] [35m[1mScanning dependencies of target policy_translation__python[0m
[15.774s] [ 80%] [32mBuilding C object CMakeFiles/policy_translation__python.dir/rosidl_generator_py/policy_translation/msg/_dummy_s.c.o[0m
[15.782s] [ 85%] [32mBuilding C object CMakeFiles/policy_translation__python.dir/rosidl_generator_py/policy_translation/srv/_network_pt_s.c.o[0m
[15.782s] [ 85%] [32mBuilding C object CMakeFiles/policy_translation__python.dir/rosidl_generator_py/policy_translation/srv/_tune_network_s.c.o[0m
[15.916s] [ 87%] [32m[1mLinking C shared library rosidl_generator_py/policy_translation/libpolicy_translation__python.so[0m
[16.001s] [ 87%] Built target policy_translation__python
[16.026s] [35m[1mScanning dependencies of target policy_translation__rosidl_typesupport_c__pyext[0m
[16.026s] [35m[1mScanning dependencies of target policy_translation__rosidl_typesupport_introspection_c__pyext[0m
[16.026s] [35m[1mScanning dependencies of target policy_translation__rosidl_typesupport_fastrtps_c__pyext[0m
[16.059s] [ 89%] [32mBuilding C object CMakeFiles/policy_translation__rosidl_typesupport_c__pyext.dir/rosidl_generator_py/policy_translation/_policy_translation_s.ep.rosidl_typesupport_c.c.o[0m
[16.061s] [ 91%] [32mBuilding C object CMakeFiles/policy_translation__rosidl_typesupport_introspection_c__pyext.dir/rosidl_generator_py/policy_translation/_policy_translation_s.ep.rosidl_typesupport_introspection_c.c.o[0m
[16.062s] [ 93%] [32mBuilding C object CMakeFiles/policy_translation__rosidl_typesupport_fastrtps_c__pyext.dir/rosidl_generator_py/policy_translation/_policy_translation_s.ep.rosidl_typesupport_fastrtps_c.c.o[0m
[16.162s] [ 95%] [32m[1mLinking C shared library rosidl_generator_py/policy_translation/policy_translation_s__rosidl_typesupport_c.cpython-36m-x86_64-linux-gnu.so[0m
[16.166s] [ 97%] [32m[1mLinking C shared library rosidl_generator_py/policy_translation/policy_translation_s__rosidl_typesupport_introspection_c.cpython-36m-x86_64-linux-gnu.so[0m
[16.167s] [100%] [32m[1mLinking CXX shared library rosidl_generator_py/policy_translation/policy_translation_s__rosidl_typesupport_fastrtps_c.cpython-36m-x86_64-linux-gnu.so[0m
[16.279s] [100%] Built target policy_translation__rosidl_typesupport_c__pyext
[16.279s] [100%] Built target policy_translation__rosidl_typesupport_introspection_c__pyext
[16.298s] [100%] Built target policy_translation__rosidl_typesupport_fastrtps_c__pyext
[16.318s] Invoked command in '/home/irg/irg/LanguagePolicies/ros2/build/policy_translation' returned '0': CMAKE_PREFIX_PATH=${CMAKE_PREFIX_PATH}:/opt/ros/eloquent:/home/irg/ros2_eloquent/install/ros2bag:/home/irg/ros2_eloquent/install/tracetools_launch:/home/irg/ros2_eloquent/install/topic_monitor:/home/irg/ros2_eloquent/install/examples_tf2_py:/home/irg/ros2_eloquent/install/sros2:/home/irg/ros2_eloquent/install/rqt_topic:/home/irg/ros2_eloquent/install/rqt_reconfigure:/home/irg/ros2_eloquent/install/rqt_action:/home/irg/ros2_eloquent/install/rqt_console:/home/irg/ros2_eloquent/install/rqt:/home/irg/ros2_eloquent/install/rqt_graph:/home/irg/ros2_eloquent/install/rqt_gui_py:/home/irg/ros2_eloquent/install/rqt_gui:/home/irg/ros2_eloquent/install/ros2trace:/home/irg/ros2_eloquent/install/ros2topic:/home/irg/ros2_eloquent/install/ros2test:/home/irg/ros2_eloquent/install/ros2srv:/home/irg/ros2_eloquent/install/ros2component:/home/irg/ros2_eloquent/install/ros2param:/home/irg/ros2_eloquent/install/ros2lifecycle:/home/irg/ros2_eloquent/install/ros2service:/home/irg/ros2_eloquent/install/ros2run:/home/irg/ros2_eloquent/install/ros2launch:/home/irg/ros2_eloquent/install/ros2pkg:/home/irg/ros2_eloquent/install/ros2node:/home/irg/ros2_eloquent/install/ros2multicast:/home/irg/ros2_eloquent/install/ros2msg:/home/irg/ros2_eloquent/install/ros2interface:/home/irg/ros2_eloquent/install/ros2doctor:/home/irg/ros2_eloquent/install/ros2action:/home/irg/ros2_eloquent/install/ros2cli:/home/irg/ros2_eloquent/install/quality_of_service_demo_py:/home/irg/ros2_eloquent/install/launch_testing_ros:/home/irg/ros2_eloquent/install/launch_ros:/home/irg/ros2_eloquent/install/examples_rclpy_minimal_subscriber:/home/irg/ros2_eloquent/install/examples_rclpy_minimal_service:/home/irg/ros2_eloquent/install/examples_rclpy_minimal_publisher:/home/irg/ros2_eloquent/install/examples_rclpy_minimal_client:/home/irg/ros2_eloquent/install/examples_rclpy_minimal_action_server:/home/irg/ros2_eloquent/install/examples_rclpy_minimal_action_client:/home/irg/ros2_eloquent/install/examples_rclpy_executors:/home/irg/ros2_eloquent/install/demo_nodes_py:/home/irg/ros2_eloquent/install/action_tutorials_py:/home/irg/ros2_eloquent/install/ament_uncrustify:/home/irg/ros2_eloquent/install/tracetools_trace:/home/irg/ros2_eloquent/install/tracetools_read:/home/irg/ros2_eloquent/install/test_launch_ros:/home/irg/ros2_eloquent/install/rosidl_runtime_py:/home/irg/ros2_eloquent/install/launch_yaml:/home/irg/ros2_eloquent/install/launch_xml:/home/irg/ros2_eloquent/install/launch_testing:/home/irg/ros2_eloquent/install/launch:/home/irg/ros2_eloquent/install/osrf_pycommon:/home/irg/ros2_eloquent/install/domain_coordinator:/home/irg/ros2_eloquent/install/ament_xmllint:/home/irg/ros2_eloquent/install/ament_pyflakes:/home/irg/ros2_eloquent/install/ament_pep8:/home/irg/ros2_eloquent/install/ament_pep257:/home/irg/ros2_eloquent/install/ament_pclint:/home/irg/ros2_eloquent/install/ament_package:/home/irg/ros2_eloquent/install/ament_mypy:/home/irg/ros2_eloquent/install/ament_lint_cmake:/home/irg/ros2_eloquent/install/ament_flake8:/home/irg/ros2_eloquent/install/ament_copyright:/home/irg/ros2_eloquent/install/ament_lint:/home/irg/ros2_eloquent/install/ament_index_python:/home/irg/ros2_eloquent/install/ament_cpplint:/home/irg/ros2_eloquent/install/ament_cppcheck:/home/irg/ros2_eloquent/install/ament_clang_tidy:/home/irg/ros2_eloquent/install/ament_clang_format PS1=\[\e]0;\u@\h: \w\a\]${debian_chroot:+($debian_chroot)}\[\033[01;32m\]\u@\h\[\033[00m\]:\[\033[01;34m\]\w\[\033[00m\]\$ /usr/bin/cmake --build /home/irg/irg/LanguagePolicies/ros2/build/policy_translation -- -j8 -l8
[16.689s] Invoking command in '/home/irg/irg/LanguagePolicies/ros2/build/policy_translation': CMAKE_PREFIX_PATH=${CMAKE_PREFIX_PATH}:/opt/ros/eloquent:/home/irg/ros2_eloquent/install/ros2bag:/home/irg/ros2_eloquent/install/tracetools_launch:/home/irg/ros2_eloquent/install/topic_monitor:/home/irg/ros2_eloquent/install/examples_tf2_py:/home/irg/ros2_eloquent/install/sros2:/home/irg/ros2_eloquent/install/rqt_topic:/home/irg/ros2_eloquent/install/rqt_reconfigure:/home/irg/ros2_eloquent/install/rqt_action:/home/irg/ros2_eloquent/install/rqt_console:/home/irg/ros2_eloquent/install/rqt:/home/irg/ros2_eloquent/install/rqt_graph:/home/irg/ros2_eloquent/install/rqt_gui_py:/home/irg/ros2_eloquent/install/rqt_gui:/home/irg/ros2_eloquent/install/ros2trace:/home/irg/ros2_eloquent/install/ros2topic:/home/irg/ros2_eloquent/install/ros2test:/home/irg/ros2_eloquent/install/ros2srv:/home/irg/ros2_eloquent/install/ros2component:/home/irg/ros2_eloquent/install/ros2param:/home/irg/ros2_eloquent/install/ros2lifecycle:/home/irg/ros2_eloquent/install/ros2service:/home/irg/ros2_eloquent/install/ros2run:/home/irg/ros2_eloquent/install/ros2launch:/home/irg/ros2_eloquent/install/ros2pkg:/home/irg/ros2_eloquent/install/ros2node:/home/irg/ros2_eloquent/install/ros2multicast:/home/irg/ros2_eloquent/install/ros2msg:/home/irg/ros2_eloquent/install/ros2interface:/home/irg/ros2_eloquent/install/ros2doctor:/home/irg/ros2_eloquent/install/ros2action:/home/irg/ros2_eloquent/install/ros2cli:/home/irg/ros2_eloquent/install/quality_of_service_demo_py:/home/irg/ros2_eloquent/install/launch_testing_ros:/home/irg/ros2_eloquent/install/launch_ros:/home/irg/ros2_eloquent/install/examples_rclpy_minimal_subscriber:/home/irg/ros2_eloquent/install/examples_rclpy_minimal_service:/home/irg/ros2_eloquent/install/examples_rclpy_minimal_publisher:/home/irg/ros2_eloquent/install/examples_rclpy_minimal_client:/home/irg/ros2_eloquent/install/examples_rclpy_minimal_action_server:/home/irg/ros2_eloquent/install/examples_rclpy_minimal_action_client:/home/irg/ros2_eloquent/install/examples_rclpy_executors:/home/irg/ros2_eloquent/install/demo_nodes_py:/home/irg/ros2_eloquent/install/action_tutorials_py:/home/irg/ros2_eloquent/install/ament_uncrustify:/home/irg/ros2_eloquent/install/tracetools_trace:/home/irg/ros2_eloquent/install/tracetools_read:/home/irg/ros2_eloquent/install/test_launch_ros:/home/irg/ros2_eloquent/install/rosidl_runtime_py:/home/irg/ros2_eloquent/install/launch_yaml:/home/irg/ros2_eloquent/install/launch_xml:/home/irg/ros2_eloquent/install/launch_testing:/home/irg/ros2_eloquent/install/launch:/home/irg/ros2_eloquent/install/osrf_pycommon:/home/irg/ros2_eloquent/install/domain_coordinator:/home/irg/ros2_eloquent/install/ament_xmllint:/home/irg/ros2_eloquent/install/ament_pyflakes:/home/irg/ros2_eloquent/install/ament_pep8:/home/irg/ros2_eloquent/install/ament_pep257:/home/irg/ros2_eloquent/install/ament_pclint:/home/irg/ros2_eloquent/install/ament_package:/home/irg/ros2_eloquent/install/ament_mypy:/home/irg/ros2_eloquent/install/ament_lint_cmake:/home/irg/ros2_eloquent/install/ament_flake8:/home/irg/ros2_eloquent/install/ament_copyright:/home/irg/ros2_eloquent/install/ament_lint:/home/irg/ros2_eloquent/install/ament_index_python:/home/irg/ros2_eloquent/install/ament_cpplint:/home/irg/ros2_eloquent/install/ament_cppcheck:/home/irg/ros2_eloquent/install/ament_clang_tidy:/home/irg/ros2_eloquent/install/ament_clang_format PS1=\[\e]0;\u@\h: \w\a\]${debian_chroot:+($debian_chroot)}\[\033[01;32m\]\u@\h\[\033[00m\]:\[\033[01;34m\]\w\[\033[00m\]\$ /usr/bin/cmake --build /home/irg/irg/LanguagePolicies/ros2/build/policy_translation --target install -- -j8 -l8
[16.802s] [  2%] Built target policy_translation__cpp
[16.804s] [ 12%] Built target policy_translation__rosidl_generator_c
[16.855s] [ 23%] Built target policy_translation__rosidl_typesupport_introspection_cpp
[16.861s] [ 34%] Built target policy_translation__rosidl_typesupport_cpp
[16.866s] [ 44%] Built target policy_translation__rosidl_typesupport_fastrtps_cpp
[16.870s] [ 55%] Built target policy_translation__rosidl_typesupport_introspection_c
[16.871s] [ 65%] Built target policy_translation__rosidl_typesupport_c
[16.926s] [ 76%] Built target policy_translation__rosidl_typesupport_fastrtps_c
[16.977s] [ 76%] Built target policy_translation
[17.027s] [ 78%] Built target policy_translation__py
[17.087s] [ 87%] Built target policy_translation__python
[17.141s] [ 91%] Built target policy_translation__rosidl_typesupport_c__pyext
[17.151s] [100%] Built target policy_translation__rosidl_typesupport_introspection_c__pyext
[17.151s] [100%] Built target policy_translation__rosidl_typesupport_fastrtps_c__pyext
[17.193s] [36mInstall the project...[0m
[17.212s] -- Install configuration: ""
[17.212s] -- Installing: /home/irg/irg/LanguagePolicies/ros2/install/policy_translation/share/ament_index/resource_index/rosidl_interfaces/policy_translation
[17.212s] -- Installing: /home/irg/irg/LanguagePolicies/ros2/install/policy_translation/lib/libpolicy_translation__rosidl_typesupport_c.so
[17.213s] -- Set runtime path of "/home/irg/irg/LanguagePolicies/ros2/install/policy_translation/lib/libpolicy_translation__rosidl_typesupport_c.so" to ""
[17.213s] -- Installing: /home/irg/irg/LanguagePolicies/ros2/install/policy_translation/share/policy_translation/environment/library_path.sh
[17.213s] -- Installing: /home/irg/irg/LanguagePolicies/ros2/install/policy_translation/share/policy_translation/environment/library_path.dsv
[17.213s] -- Installing: /home/irg/irg/LanguagePolicies/ros2/install/policy_translation/lib/libpolicy_translation__rosidl_typesupport_cpp.so
[17.213s] -- Set runtime path of "/home/irg/irg/LanguagePolicies/ros2/install/policy_translation/lib/libpolicy_translation__rosidl_typesupport_cpp.so" to ""
[17.213s] -- Installing: /home/irg/irg/LanguagePolicies/ros2/install/policy_translation/include/policy_translation
[17.214s] -- Installing: /home/irg/irg/LanguagePolicies/ros2/install/policy_translation/include/policy_translation/msg
[17.214s] -- Installing: /home/irg/irg/LanguagePolicies/ros2/install/policy_translation/include/policy_translation/msg/rosidl_typesupport_fastrtps_c__visibility_control.h
[17.215s] -- Installing: /home/irg/irg/LanguagePolicies/ros2/install/policy_translation/include/policy_translation/msg/dummy__rosidl_typesupport_fastrtps_c.h
[17.215s] -- Installing: /home/irg/irg/LanguagePolicies/ros2/install/policy_translation/include/policy_translation/srv
[17.215s] -- Installing: /home/irg/irg/LanguagePolicies/ros2/install/policy_translation/include/policy_translation/srv/network_pt__rosidl_typesupport_fastrtps_c.h
[17.215s] -- Installing: /home/irg/irg/LanguagePolicies/ros2/install/policy_translation/include/policy_translation/srv/tune_network__rosidl_typesupport_fastrtps_c.h
[17.215s] -- Installing: /home/irg/irg/LanguagePolicies/ros2/install/policy_translation/lib/libpolicy_translation__rosidl_typesupport_fastrtps_c.so
[17.215s] -- Set runtime path of "/home/irg/irg/LanguagePolicies/ros2/install/policy_translation/lib/libpolicy_translation__rosidl_typesupport_fastrtps_c.so" to ""
[17.215s] -- Up-to-date: /home/irg/irg/LanguagePolicies/ros2/install/policy_translation/include/policy_translation
[17.215s] -- Up-to-date: /home/irg/irg/LanguagePolicies/ros2/install/policy_translation/include/policy_translation/msg
[17.215s] -- Installing: /home/irg/irg/LanguagePolicies/ros2/install/policy_translation/include/policy_translation/msg/dummy__functions.h
[17.215s] -- Installing: /home/irg/irg/LanguagePolicies/ros2/install/policy_translation/include/policy_translation/msg/rosidl_generator_c__visibility_control.h
[17.215s] -- Installing: /home/irg/irg/LanguagePolicies/ros2/install/policy_translation/include/policy_translation/msg/dummy.h
[17.216s] -- Installing: /home/irg/irg/LanguagePolicies/ros2/install/policy_translation/include/policy_translation/msg/dummy__type_support.h
[17.216s] -- Installing: /home/irg/irg/LanguagePolicies/ros2/install/policy_translation/include/policy_translation/msg/dummy__struct.h
[17.216s] -- Installing: /home/irg/irg/LanguagePolicies/ros2/install/policy_translation/include/policy_translation/msg/dummy__functions.c
[17.216s] -- Up-to-date: /home/irg/irg/LanguagePolicies/ros2/install/policy_translation/include/policy_translation/srv
[17.216s] -- Installing: /home/irg/irg/LanguagePolicies/ros2/install/policy_translation/include/policy_translation/srv/tune_network.h
[17.216s] -- Installing: /home/irg/irg/LanguagePolicies/ros2/install/policy_translation/include/policy_translation/srv/tune_network__struct.h
[17.216s] -- Installing: /home/irg/irg/LanguagePolicies/ros2/install/policy_translation/include/policy_translation/srv/network_pt__functions.h
[17.216s] -- Installing: /home/irg/irg/LanguagePolicies/ros2/install/policy_translation/include/policy_translation/srv/network_pt.h
[17.216s] -- Installing: /home/irg/irg/LanguagePolicies/ros2/install/policy_translation/include/policy_translation/srv/tune_network__functions.c
[17.216s] -- Installing: /home/irg/irg/LanguagePolicies/ros2/install/policy_translation/include/policy_translation/srv/tune_network__type_support.h
[17.216s] -- Installing: /home/irg/irg/LanguagePolicies/ros2/install/policy_translation/include/policy_translation/srv/network_pt__type_support.h
[17.216s] -- Installing: /home/irg/irg/LanguagePolicies/ros2/install/policy_translation/include/policy_translation/srv/network_pt__struct.h
[17.216s] -- Installing: /home/irg/irg/LanguagePolicies/ros2/install/policy_translation/include/policy_translation/srv/network_pt__functions.c
[17.217s] -- Installing: /home/irg/irg/LanguagePolicies/ros2/install/policy_translation/include/policy_translation/srv/tune_network__functions.h
[17.217s] -- Installing: /home/irg/irg/LanguagePolicies/ros2/install/policy_translation/lib/libpolicy_translation__rosidl_generator_c.so
[17.217s] -- Set runtime path of "/home/irg/irg/LanguagePolicies/ros2/install/policy_translation/lib/libpolicy_translation__rosidl_generator_c.so" to ""
[17.217s] -- Up-to-date: /home/irg/irg/LanguagePolicies/ros2/install/policy_translation/include/policy_translation
[17.217s] -- Up-to-date: /home/irg/irg/LanguagePolicies/ros2/install/policy_translation/include/policy_translation/msg
[17.217s] -- Installing: /home/irg/irg/LanguagePolicies/ros2/install/policy_translation/include/policy_translation/msg/dummy__rosidl_typesupport_fastrtps_cpp.hpp
[17.217s] -- Installing: /home/irg/irg/LanguagePolicies/ros2/install/policy_translation/include/policy_translation/msg/dds_fastrtps
[17.217s] -- Installing: /home/irg/irg/LanguagePolicies/ros2/install/policy_translation/include/policy_translation/msg/rosidl_typesupport_fastrtps_cpp__visibility_control.h
[17.217s] -- Up-to-date: /home/irg/irg/LanguagePolicies/ros2/install/policy_translation/include/policy_translation/srv
[17.217s] -- Installing: /home/irg/irg/LanguagePolicies/ros2/install/policy_translation/include/policy_translation/srv/network_pt__rosidl_typesupport_fastrtps_cpp.hpp
[17.217s] -- Installing: /home/irg/irg/LanguagePolicies/ros2/install/policy_translation/include/policy_translation/srv/tune_network__rosidl_typesupport_fastrtps_cpp.hpp
[17.218s] -- Installing: /home/irg/irg/LanguagePolicies/ros2/install/policy_translation/include/policy_translation/srv/dds_fastrtps
[17.218s] -- Installing: /home/irg/irg/LanguagePolicies/ros2/install/policy_translation/lib/libpolicy_translation__rosidl_typesupport_fastrtps_cpp.so
[17.218s] -- Set runtime path of "/home/irg/irg/LanguagePolicies/ros2/install/policy_translation/lib/libpolicy_translation__rosidl_typesupport_fastrtps_cpp.so" to ""
[17.218s] -- Up-to-date: /home/irg/irg/LanguagePolicies/ros2/install/policy_translation/include/policy_translation
[17.218s] -- Up-to-date: /home/irg/irg/LanguagePolicies/ros2/install/policy_translation/include/policy_translation/msg
[17.218s] -- Installing: /home/irg/irg/LanguagePolicies/ros2/install/policy_translation/include/policy_translation/msg/dummy__struct.hpp
[17.218s] -- Installing: /home/irg/irg/LanguagePolicies/ros2/install/policy_translation/include/policy_translation/msg/dummy__traits.hpp
[17.218s] -- Installing: /home/irg/irg/LanguagePolicies/ros2/install/policy_translation/include/policy_translation/msg/dummy.hpp
[17.218s] -- Up-to-date: /home/irg/irg/LanguagePolicies/ros2/install/policy_translation/include/policy_translation/srv
[17.218s] -- Installing: /home/irg/irg/LanguagePolicies/ros2/install/policy_translation/include/policy_translation/srv/tune_network.hpp
[17.218s] -- Installing: /home/irg/irg/LanguagePolicies/ros2/install/policy_translation/include/policy_translation/srv/network_pt.hpp
[17.218s] -- Installing: /home/irg/irg/LanguagePolicies/ros2/install/policy_translation/include/policy_translation/srv/network_pt__traits.hpp
[17.218s] -- Installing: /home/irg/irg/LanguagePolicies/ros2/install/policy_translation/include/policy_translation/srv/network_pt__struct.hpp
[17.219s] -- Installing: /home/irg/irg/LanguagePolicies/ros2/install/policy_translation/include/policy_translation/srv/tune_network__traits.hpp
[17.219s] -- Installing: /home/irg/irg/LanguagePolicies/ros2/install/policy_translation/include/policy_translation/srv/tune_network__struct.hpp
[17.219s] -- Up-to-date: /home/irg/irg/LanguagePolicies/ros2/install/policy_translation/include/policy_translation
[17.219s] -- Up-to-date: /home/irg/irg/LanguagePolicies/ros2/install/policy_translation/include/policy_translation/msg
[17.219s] -- Installing: /home/irg/irg/LanguagePolicies/ros2/install/policy_translation/include/policy_translation/msg/rosidl_typesupport_introspection_c__visibility_control.h
[17.219s] -- Installing: /home/irg/irg/LanguagePolicies/ros2/install/policy_translation/include/policy_translation/msg/dummy__type_support.c
[17.219s] -- Installing: /home/irg/irg/LanguagePolicies/ros2/install/policy_translation/include/policy_translation/msg/dummy__rosidl_typesupport_introspection_c.h
[17.219s] -- Up-to-date: /home/irg/irg/LanguagePolicies/ros2/install/policy_translation/include/policy_translation/srv
[17.219s] -- Installing: /home/irg/irg/LanguagePolicies/ros2/install/policy_translation/include/policy_translation/srv/tune_network__type_support.c
[17.219s] -- Installing: /home/irg/irg/LanguagePolicies/ros2/install/policy_translation/include/policy_translation/srv/tune_network__rosidl_typesupport_introspection_c.h
[17.219s] -- Installing: /home/irg/irg/LanguagePolicies/ros2/install/policy_translation/include/policy_translation/srv/network_pt__type_support.c
[17.219s] -- Installing: /home/irg/irg/LanguagePolicies/ros2/install/policy_translation/include/policy_translation/srv/network_pt__rosidl_typesupport_introspection_c.h
[17.220s] -- Installing: /home/irg/irg/LanguagePolicies/ros2/install/policy_translation/lib/libpolicy_translation__rosidl_typesupport_introspection_c.so
[17.220s] -- Set runtime path of "/home/irg/irg/LanguagePolicies/ros2/install/policy_translation/lib/libpolicy_translation__rosidl_typesupport_introspection_c.so" to ""
[17.220s] -- Up-to-date: /home/irg/irg/LanguagePolicies/ros2/install/policy_translation/include/policy_translation
[17.220s] -- Up-to-date: /home/irg/irg/LanguagePolicies/ros2/install/policy_translation/include/policy_translation/msg
[17.220s] -- Installing: /home/irg/irg/LanguagePolicies/ros2/install/policy_translation/include/policy_translation/msg/dummy__type_support.cpp
[17.220s] -- Installing: /home/irg/irg/LanguagePolicies/ros2/install/policy_translation/include/policy_translation/msg/dummy__rosidl_typesupport_introspection_cpp.hpp
[17.220s] -- Up-to-date: /home/irg/irg/LanguagePolicies/ros2/install/policy_translation/include/policy_translation/srv
[17.220s] -- Installing: /home/irg/irg/LanguagePolicies/ros2/install/policy_translation/include/policy_translation/srv/tune_network__type_support.cpp
[17.220s] -- Installing: /home/irg/irg/LanguagePolicies/ros2/install/policy_translation/include/policy_translation/srv/network_pt__rosidl_typesupport_introspection_cpp.hpp
[17.220s] -- Installing: /home/irg/irg/LanguagePolicies/ros2/install/policy_translation/include/policy_translation/srv/tune_network__rosidl_typesupport_introspection_cpp.hpp
[17.220s] -- Installing: /home/irg/irg/LanguagePolicies/ros2/install/policy_translation/include/policy_translation/srv/network_pt__type_support.cpp
[17.220s] -- Installing: /home/irg/irg/LanguagePolicies/ros2/install/policy_translation/lib/libpolicy_translation__rosidl_typesupport_introspection_cpp.so
[17.220s] -- Set runtime path of "/home/irg/irg/LanguagePolicies/ros2/install/policy_translation/lib/libpolicy_translation__rosidl_typesupport_introspection_cpp.so" to ""
[17.221s] -- Installing: /home/irg/irg/LanguagePolicies/ros2/install/policy_translation/share/policy_translation/environment/pythonpath.sh
[17.221s] -- Installing: /home/irg/irg/LanguagePolicies/ros2/install/policy_translation/share/policy_translation/environment/pythonpath.dsv
[17.221s] -- Installing: /home/irg/irg/LanguagePolicies/ros2/install/policy_translation/lib/python3.6/site-packages/policy_translation/__init__.py
[17.346s] Compiling '/home/irg/irg/LanguagePolicies/ros2/install/policy_translation/lib/python3.6/site-packages/policy_translation/__init__.py'...
[17.350s] -- Installing: /home/irg/irg/LanguagePolicies/ros2/install/policy_translation/lib/python3.6/site-packages/policy_translation/srv
[17.350s] -- Installing: /home/irg/irg/LanguagePolicies/ros2/install/policy_translation/lib/python3.6/site-packages/policy_translation/srv/_network_pt.py
[17.350s] -- Installing: /home/irg/irg/LanguagePolicies/ros2/install/policy_translation/lib/python3.6/site-packages/policy_translation/srv/_network_pt_s.c
[17.350s] -- Installing: /home/irg/irg/LanguagePolicies/ros2/install/policy_translation/lib/python3.6/site-packages/policy_translation/srv/_tune_network.py
[17.350s] -- Installing: /home/irg/irg/LanguagePolicies/ros2/install/policy_translation/lib/python3.6/site-packages/policy_translation/srv/__init__.py
[17.350s] -- Installing: /home/irg/irg/LanguagePolicies/ros2/install/policy_translation/lib/python3.6/site-packages/policy_translation/srv/_tune_network_s.c
[17.350s] -- Installing: /home/irg/irg/LanguagePolicies/ros2/install/policy_translation/lib/python3.6/site-packages/policy_translation/msg
[17.350s] -- Installing: /home/irg/irg/LanguagePolicies/ros2/install/policy_translation/lib/python3.6/site-packages/policy_translation/msg/_dummy_s.c
[17.351s] -- Installing: /home/irg/irg/LanguagePolicies/ros2/install/policy_translation/lib/python3.6/site-packages/policy_translation/msg/__init__.py
[17.351s] -- Installing: /home/irg/irg/LanguagePolicies/ros2/install/policy_translation/lib/python3.6/site-packages/policy_translation/msg/_dummy.py
[17.351s] -- Installing: /home/irg/irg/LanguagePolicies/ros2/install/policy_translation/lib/python3.6/site-packages/policy_translation/policy_translation_s__rosidl_typesupport_c.cpython-36m-x86_64-linux-gnu.so
[17.351s] -- Set runtime path of "/home/irg/irg/LanguagePolicies/ros2/install/policy_translation/lib/python3.6/site-packages/policy_translation/policy_translation_s__rosidl_typesupport_c.cpython-36m-x86_64-linux-gnu.so" to ""
[17.351s] -- Installing: /home/irg/irg/LanguagePolicies/ros2/install/policy_translation/lib/python3.6/site-packages/policy_translation/policy_translation_s__rosidl_typesupport_introspection_c.cpython-36m-x86_64-linux-gnu.so
[17.352s] -- Set runtime path of "/home/irg/irg/LanguagePolicies/ros2/install/policy_translation/lib/python3.6/site-packages/policy_translation/policy_translation_s__rosidl_typesupport_introspection_c.cpython-36m-x86_64-linux-gnu.so" to ""
[17.352s] -- Installing: /home/irg/irg/LanguagePolicies/ros2/install/policy_translation/lib/python3.6/site-packages/policy_translation/policy_translation_s__rosidl_typesupport_fastrtps_c.cpython-36m-x86_64-linux-gnu.so
[17.353s] -- Set runtime path of "/home/irg/irg/LanguagePolicies/ros2/install/policy_translation/lib/python3.6/site-packages/policy_translation/policy_translation_s__rosidl_typesupport_fastrtps_c.cpython-36m-x86_64-linux-gnu.so" to ""
[17.353s] -- Installing: /home/irg/irg/LanguagePolicies/ros2/install/policy_translation/lib/libpolicy_translation__python.so
[17.353s] -- Set runtime path of "/home/irg/irg/LanguagePolicies/ros2/install/policy_translation/lib/libpolicy_translation__python.so" to ""
[17.353s] -- Installing: /home/irg/irg/LanguagePolicies/ros2/install/policy_translation/share/policy_translation/srv/NetworkPT.idl
[17.353s] -- Installing: /home/irg/irg/LanguagePolicies/ros2/install/policy_translation/share/policy_translation/srv/TuneNetwork.idl
[17.354s] -- Installing: /home/irg/irg/LanguagePolicies/ros2/install/policy_translation/share/policy_translation/msg/Dummy.idl
[17.354s] -- Installing: /home/irg/irg/LanguagePolicies/ros2/install/policy_translation/share/policy_translation/srv/NetworkPT.srv
[17.354s] -- Installing: /home/irg/irg/LanguagePolicies/ros2/install/policy_translation/share/policy_translation/srv/NetworkPT_Request.msg
[17.354s] -- Installing: /home/irg/irg/LanguagePolicies/ros2/install/policy_translation/share/policy_translation/srv/NetworkPT_Response.msg
[17.354s] -- Installing: /home/irg/irg/LanguagePolicies/ros2/install/policy_translation/share/policy_translation/srv/TuneNetwork.srv
[17.354s] -- Installing: /home/irg/irg/LanguagePolicies/ros2/install/policy_translation/share/policy_translation/srv/TuneNetwork_Request.msg
[17.354s] -- Installing: /home/irg/irg/LanguagePolicies/ros2/install/policy_translation/share/policy_translation/srv/TuneNetwork_Response.msg
[17.354s] -- Installing: /home/irg/irg/LanguagePolicies/ros2/install/policy_translation/share/policy_translation/msg/Dummy.msg
[17.354s] -- Installing: /home/irg/irg/LanguagePolicies/ros2/install/policy_translation/share/ament_index/resource_index/package_run_dependencies/policy_translation
[17.355s] -- Installing: /home/irg/irg/LanguagePolicies/ros2/install/policy_translation/share/ament_index/resource_index/parent_prefix_path/policy_translation
[17.355s] -- Installing: /home/irg/irg/LanguagePolicies/ros2/install/policy_translation/share/policy_translation/environment/ament_prefix_path.sh
[17.355s] -- Installing: /home/irg/irg/LanguagePolicies/ros2/install/policy_translation/share/policy_translation/environment/ament_prefix_path.dsv
[17.355s] -- Installing: /home/irg/irg/LanguagePolicies/ros2/install/policy_translation/share/policy_translation/environment/path.sh
[17.355s] -- Installing: /home/irg/irg/LanguagePolicies/ros2/install/policy_translation/share/policy_translation/environment/path.dsv
[17.355s] -- Installing: /home/irg/irg/LanguagePolicies/ros2/install/policy_translation/share/policy_translation/local_setup.bash
[17.355s] -- Installing: /home/irg/irg/LanguagePolicies/ros2/install/policy_translation/share/policy_translation/local_setup.sh
[17.355s] -- Installing: /home/irg/irg/LanguagePolicies/ros2/install/policy_translation/share/policy_translation/local_setup.zsh
[17.355s] -- Installing: /home/irg/irg/LanguagePolicies/ros2/install/policy_translation/share/policy_translation/local_setup.dsv
[17.355s] -- Installing: /home/irg/irg/LanguagePolicies/ros2/install/policy_translation/share/policy_translation/package.dsv
[17.356s] -- Installing: /home/irg/irg/LanguagePolicies/ros2/install/policy_translation/share/ament_index/resource_index/packages/policy_translation
[17.356s] -- Installing: /home/irg/irg/LanguagePolicies/ros2/install/policy_translation/share/policy_translation/cmake/rosidl_cmake-extras.cmake
[17.356s] -- Installing: /home/irg/irg/LanguagePolicies/ros2/install/policy_translation/share/policy_translation/cmake/ament_cmake_export_dependencies-extras.cmake
[17.356s] -- Installing: /home/irg/irg/LanguagePolicies/ros2/install/policy_translation/share/policy_translation/cmake/ament_cmake_export_libraries-extras.cmake
[17.356s] -- Installing: /home/irg/irg/LanguagePolicies/ros2/install/policy_translation/share/policy_translation/cmake/ament_cmake_export_include_directories-extras.cmake
[17.356s] -- Installing: /home/irg/irg/LanguagePolicies/ros2/install/policy_translation/share/policy_translation/cmake/policy_translationConfig.cmake
[17.356s] -- Installing: /home/irg/irg/LanguagePolicies/ros2/install/policy_translation/share/policy_translation/cmake/policy_translationConfig-version.cmake
[17.356s] -- Installing: /home/irg/irg/LanguagePolicies/ros2/install/policy_translation/share/policy_translation/package.xml
[17.361s] Invoked command in '/home/irg/irg/LanguagePolicies/ros2/build/policy_translation' returned '0': CMAKE_PREFIX_PATH=${CMAKE_PREFIX_PATH}:/opt/ros/eloquent:/home/irg/ros2_eloquent/install/ros2bag:/home/irg/ros2_eloquent/install/tracetools_launch:/home/irg/ros2_eloquent/install/topic_monitor:/home/irg/ros2_eloquent/install/examples_tf2_py:/home/irg/ros2_eloquent/install/sros2:/home/irg/ros2_eloquent/install/rqt_topic:/home/irg/ros2_eloquent/install/rqt_reconfigure:/home/irg/ros2_eloquent/install/rqt_action:/home/irg/ros2_eloquent/install/rqt_console:/home/irg/ros2_eloquent/install/rqt:/home/irg/ros2_eloquent/install/rqt_graph:/home/irg/ros2_eloquent/install/rqt_gui_py:/home/irg/ros2_eloquent/install/rqt_gui:/home/irg/ros2_eloquent/install/ros2trace:/home/irg/ros2_eloquent/install/ros2topic:/home/irg/ros2_eloquent/install/ros2test:/home/irg/ros2_eloquent/install/ros2srv:/home/irg/ros2_eloquent/install/ros2component:/home/irg/ros2_eloquent/install/ros2param:/home/irg/ros2_eloquent/install/ros2lifecycle:/home/irg/ros2_eloquent/install/ros2service:/home/irg/ros2_eloquent/install/ros2run:/home/irg/ros2_eloquent/install/ros2launch:/home/irg/ros2_eloquent/install/ros2pkg:/home/irg/ros2_eloquent/install/ros2node:/home/irg/ros2_eloquent/install/ros2multicast:/home/irg/ros2_eloquent/install/ros2msg:/home/irg/ros2_eloquent/install/ros2interface:/home/irg/ros2_eloquent/install/ros2doctor:/home/irg/ros2_eloquent/install/ros2action:/home/irg/ros2_eloquent/install/ros2cli:/home/irg/ros2_eloquent/install/quality_of_service_demo_py:/home/irg/ros2_eloquent/install/launch_testing_ros:/home/irg/ros2_eloquent/install/launch_ros:/home/irg/ros2_eloquent/install/examples_rclpy_minimal_subscriber:/home/irg/ros2_eloquent/install/examples_rclpy_minimal_service:/home/irg/ros2_eloquent/install/examples_rclpy_minimal_publisher:/home/irg/ros2_eloquent/install/examples_rclpy_minimal_client:/home/irg/ros2_eloquent/install/examples_rclpy_minimal_action_server:/home/irg/ros2_eloquent/install/examples_rclpy_minimal_action_client:/home/irg/ros2_eloquent/install/examples_rclpy_executors:/home/irg/ros2_eloquent/install/demo_nodes_py:/home/irg/ros2_eloquent/install/action_tutorials_py:/home/irg/ros2_eloquent/install/ament_uncrustify:/home/irg/ros2_eloquent/install/tracetools_trace:/home/irg/ros2_eloquent/install/tracetools_read:/home/irg/ros2_eloquent/install/test_launch_ros:/home/irg/ros2_eloquent/install/rosidl_runtime_py:/home/irg/ros2_eloquent/install/launch_yaml:/home/irg/ros2_eloquent/install/launch_xml:/home/irg/ros2_eloquent/install/launch_testing:/home/irg/ros2_eloquent/install/launch:/home/irg/ros2_eloquent/install/osrf_pycommon:/home/irg/ros2_eloquent/install/domain_coordinator:/home/irg/ros2_eloquent/install/ament_xmllint:/home/irg/ros2_eloquent/install/ament_pyflakes:/home/irg/ros2_eloquent/install/ament_pep8:/home/irg/ros2_eloquent/install/ament_pep257:/home/irg/ros2_eloquent/install/ament_pclint:/home/irg/ros2_eloquent/install/ament_package:/home/irg/ros2_eloquent/install/ament_mypy:/home/irg/ros2_eloquent/install/ament_lint_cmake:/home/irg/ros2_eloquent/install/ament_flake8:/home/irg/ros2_eloquent/install/ament_copyright:/home/irg/ros2_eloquent/install/ament_lint:/home/irg/ros2_eloquent/install/ament_index_python:/home/irg/ros2_eloquent/install/ament_cpplint:/home/irg/ros2_eloquent/install/ament_cppcheck:/home/irg/ros2_eloquent/install/ament_clang_tidy:/home/irg/ros2_eloquent/install/ament_clang_format PS1=\[\e]0;\u@\h: \w\a\]${debian_chroot:+($debian_chroot)}\[\033[01;32m\]\u@\h\[\033[00m\]:\[\033[01;34m\]\w\[\033[00m\]\$ /usr/bin/cmake --build /home/irg/irg/LanguagePolicies/ros2/build/policy_translation --target install -- -j8 -l8
