[0.053s] Invoking command in '/home/irg/irg/SemanticPolicies/ros2/build/policy_translation': CMAKE_PREFIX_PATH=${CMAKE_PREFIX_PATH}:/home/irg/ros2_eloquent/install/ros2bag:/home/irg/ros2_eloquent/install/tracetools_launch:/home/irg/ros2_eloquent/install/topic_monitor:/home/irg/ros2_eloquent/install/examples_tf2_py:/home/irg/ros2_eloquent/install/sros2:/home/irg/ros2_eloquent/install/rqt_topic:/home/irg/ros2_eloquent/install/rqt_reconfigure:/home/irg/ros2_eloquent/install/rqt_action:/home/irg/ros2_eloquent/install/rqt_console:/home/irg/ros2_eloquent/install/rqt:/home/irg/ros2_eloquent/install/rqt_graph:/home/irg/ros2_eloquent/install/rqt_gui_py:/home/irg/ros2_eloquent/install/rqt_gui:/home/irg/ros2_eloquent/install/ros2trace:/home/irg/ros2_eloquent/install/ros2topic:/home/irg/ros2_eloquent/install/ros2test:/home/irg/ros2_eloquent/install/ros2srv:/home/irg/ros2_eloquent/install/ros2component:/home/irg/ros2_eloquent/install/ros2param:/home/irg/ros2_eloquent/install/ros2lifecycle:/home/irg/ros2_eloquent/install/ros2service:/home/irg/ros2_eloquent/install/ros2run:/home/irg/ros2_eloquent/install/ros2launch:/home/irg/ros2_eloquent/install/ros2pkg:/home/irg/ros2_eloquent/install/ros2node:/home/irg/ros2_eloquent/install/ros2multicast:/home/irg/ros2_eloquent/install/ros2msg:/home/irg/ros2_eloquent/install/ros2interface:/home/irg/ros2_eloquent/install/ros2doctor:/home/irg/ros2_eloquent/install/ros2action:/home/irg/ros2_eloquent/install/ros2cli:/home/irg/ros2_eloquent/install/quality_of_service_demo_py:/home/irg/ros2_eloquent/install/launch_testing_ros:/home/irg/ros2_eloquent/install/launch_ros:/home/irg/ros2_eloquent/install/examples_rclpy_minimal_subscriber:/home/irg/ros2_eloquent/install/examples_rclpy_minimal_service:/home/irg/ros2_eloquent/install/examples_rclpy_minimal_publisher:/home/irg/ros2_eloquent/install/examples_rclpy_minimal_client:/home/irg/ros2_eloquent/install/examples_rclpy_minimal_action_server:/home/irg/ros2_eloquent/install/examples_rclpy_minimal_action_client:/home/irg/ros2_eloquent/install/examples_rclpy_executors:/home/irg/ros2_eloquent/install/demo_nodes_py:/home/irg/ros2_eloquent/install/action_tutorials_py:/home/irg/ros2_eloquent/install/ament_uncrustify:/home/irg/ros2_eloquent/install/tracetools_trace:/home/irg/ros2_eloquent/install/tracetools_read:/home/irg/ros2_eloquent/install/test_launch_ros:/home/irg/ros2_eloquent/install/rosidl_runtime_py:/home/irg/ros2_eloquent/install/launch_yaml:/home/irg/ros2_eloquent/install/launch_xml:/home/irg/ros2_eloquent/install/launch_testing:/home/irg/ros2_eloquent/install/launch:/home/irg/ros2_eloquent/install/osrf_pycommon:/home/irg/ros2_eloquent/install/domain_coordinator:/home/irg/ros2_eloquent/install/ament_xmllint:/home/irg/ros2_eloquent/install/ament_pyflakes:/home/irg/ros2_eloquent/install/ament_pep8:/home/irg/ros2_eloquent/install/ament_pep257:/home/irg/ros2_eloquent/install/ament_pclint:/home/irg/ros2_eloquent/install/ament_package:/home/irg/ros2_eloquent/install/ament_mypy:/home/irg/ros2_eloquent/install/ament_lint_cmake:/home/irg/ros2_eloquent/install/ament_flake8:/home/irg/ros2_eloquent/install/ament_copyright:/home/irg/ros2_eloquent/install/ament_lint:/home/irg/ros2_eloquent/install/ament_index_python:/home/irg/ros2_eloquent/install/ament_cpplint:/home/irg/ros2_eloquent/install/ament_cppcheck:/home/irg/ros2_eloquent/install/ament_clang_tidy:/home/irg/ros2_eloquent/install/ament_clang_format:/opt/ros/eloquent CONDA_PROMPT_MODIFIER=(lang_pol) /usr/bin/cmake /home/irg/irg/SemanticPolicies/ros2/src/policy_translation -DCMAKE_INSTALL_PREFIX=/home/irg/irg/SemanticPolicies/ros2/install/policy_translation
[0.155s] -- The C compiler identification is GNU 7.5.0
[0.240s] -- The CXX compiler identification is GNU 7.5.0
[0.252s] -- Check for working C compiler: /usr/bin/cc
[0.368s] -- Check for working C compiler: /usr/bin/cc -- works
[0.369s] -- Detecting C compiler ABI info
[0.487s] -- Detecting C compiler ABI info - done
[0.493s] -- Detecting C compile features
[0.853s] -- Detecting C compile features - done
[0.855s] -- Check for working CXX compiler: /usr/bin/c++
[0.979s] -- Check for working CXX compiler: /usr/bin/c++ -- works
[0.980s] -- Detecting CXX compiler ABI info
[1.105s] -- Detecting CXX compiler ABI info - done
[1.110s] -- Detecting CXX compile features
[1.644s] -- Detecting CXX compile features - done
[1.662s] -- Found ament_cmake: 0.8.3 (/home/irg/ros2_eloquent/install/ament_cmake/share/ament_cmake/cmake)
[1.761s] -- Found PythonInterp: /usr/bin/python3 (found suitable version "3.6.9", minimum required is "3") 
[1.761s] -- Using PYTHON_EXECUTABLE: /usr/bin/python3
[2.307s] -- Found rosidl_default_generators: 0.8.0 (/home/irg/ros2_eloquent/install/rosidl_default_generators/share/rosidl_default_generators/cmake)
[2.458s] -- Found rosidl_adapter: 0.8.3 (/home/irg/ros2_eloquent/install/rosidl_adapter/share/rosidl_adapter/cmake)
[2.721s] -- Found OpenSSL: /usr/lib/x86_64-linux-gnu/libcrypto.so (found version "1.1.1") 
[2.776s] -- Found FastRTPS: /home/irg/ros2_eloquent/install/fastrtps/include  
[2.953s] -- Found sensor_msgs: 0.8.1 (/home/irg/ros2_eloquent/install/sensor_msgs/share/sensor_msgs/cmake)
[3.102s] -- Found PythonInterp: /usr/bin/python3 (found version "3.6.9") 
[3.519s] -- Using all available rosidl_typesupport_c: rosidl_typesupport_introspection_c;rosidl_typesupport_fastrtps_c
[4.160s] -- Using all available rosidl_typesupport_cpp: rosidl_typesupport_introspection_cpp;rosidl_typesupport_fastrtps_cpp
[8.037s] -- Found rmw_implementation_cmake: 0.8.1 (/home/irg/ros2_eloquent/install/rmw_implementation_cmake/share/rmw_implementation_cmake/cmake)
[8.102s] -- Found PythonInterp: /usr/bin/python3 (found suitable version "3.6.9", minimum required is "3.5") 
[8.115s] -- Found python_cmake_module: 0.8.0 (/home/irg/ros2_eloquent/install/python_cmake_module/share/python_cmake_module/cmake)
[8.199s] -- Found PythonLibs: /usr/lib/x86_64-linux-gnu/libpython3.6m.so (found suitable version "3.6.9", minimum required is "3.5") 
[8.199s] -- Using PYTHON_EXECUTABLE: /usr/bin/python3
[8.199s] -- Using PYTHON_INCLUDE_DIRS: /usr/include/python3.6m
[8.199s] -- Using PYTHON_LIBRARIES: /usr/lib/x86_64-linux-gnu/libpython3.6m.so
[8.264s] -- Found PythonExtra: .so  
[10.502s] -- Found ament_lint_auto: 0.8.2 (/home/irg/ros2_eloquent/install/ament_lint_auto/share/ament_lint_auto/cmake)
[10.618s] -- Added test 'lint_cmake' to check CMake code style
[10.622s] -- Added test 'xmllint' to check XML markup files
[10.632s] -- Configuring done
[10.865s] -- Generating done
[10.869s] -- Build files have been written to: /home/irg/irg/SemanticPolicies/ros2/build/policy_translation
[10.876s] Invoked command in '/home/irg/irg/SemanticPolicies/ros2/build/policy_translation' returned '0': CMAKE_PREFIX_PATH=${CMAKE_PREFIX_PATH}:/home/irg/ros2_eloquent/install/ros2bag:/home/irg/ros2_eloquent/install/tracetools_launch:/home/irg/ros2_eloquent/install/topic_monitor:/home/irg/ros2_eloquent/install/examples_tf2_py:/home/irg/ros2_eloquent/install/sros2:/home/irg/ros2_eloquent/install/rqt_topic:/home/irg/ros2_eloquent/install/rqt_reconfigure:/home/irg/ros2_eloquent/install/rqt_action:/home/irg/ros2_eloquent/install/rqt_console:/home/irg/ros2_eloquent/install/rqt:/home/irg/ros2_eloquent/install/rqt_graph:/home/irg/ros2_eloquent/install/rqt_gui_py:/home/irg/ros2_eloquent/install/rqt_gui:/home/irg/ros2_eloquent/install/ros2trace:/home/irg/ros2_eloquent/install/ros2topic:/home/irg/ros2_eloquent/install/ros2test:/home/irg/ros2_eloquent/install/ros2srv:/home/irg/ros2_eloquent/install/ros2component:/home/irg/ros2_eloquent/install/ros2param:/home/irg/ros2_eloquent/install/ros2lifecycle:/home/irg/ros2_eloquent/install/ros2service:/home/irg/ros2_eloquent/install/ros2run:/home/irg/ros2_eloquent/install/ros2launch:/home/irg/ros2_eloquent/install/ros2pkg:/home/irg/ros2_eloquent/install/ros2node:/home/irg/ros2_eloquent/install/ros2multicast:/home/irg/ros2_eloquent/install/ros2msg:/home/irg/ros2_eloquent/install/ros2interface:/home/irg/ros2_eloquent/install/ros2doctor:/home/irg/ros2_eloquent/install/ros2action:/home/irg/ros2_eloquent/install/ros2cli:/home/irg/ros2_eloquent/install/quality_of_service_demo_py:/home/irg/ros2_eloquent/install/launch_testing_ros:/home/irg/ros2_eloquent/install/launch_ros:/home/irg/ros2_eloquent/install/examples_rclpy_minimal_subscriber:/home/irg/ros2_eloquent/install/examples_rclpy_minimal_service:/home/irg/ros2_eloquent/install/examples_rclpy_minimal_publisher:/home/irg/ros2_eloquent/install/examples_rclpy_minimal_client:/home/irg/ros2_eloquent/install/examples_rclpy_minimal_action_server:/home/irg/ros2_eloquent/install/examples_rclpy_minimal_action_client:/home/irg/ros2_eloquent/install/examples_rclpy_executors:/home/irg/ros2_eloquent/install/demo_nodes_py:/home/irg/ros2_eloquent/install/action_tutorials_py:/home/irg/ros2_eloquent/install/ament_uncrustify:/home/irg/ros2_eloquent/install/tracetools_trace:/home/irg/ros2_eloquent/install/tracetools_read:/home/irg/ros2_eloquent/install/test_launch_ros:/home/irg/ros2_eloquent/install/rosidl_runtime_py:/home/irg/ros2_eloquent/install/launch_yaml:/home/irg/ros2_eloquent/install/launch_xml:/home/irg/ros2_eloquent/install/launch_testing:/home/irg/ros2_eloquent/install/launch:/home/irg/ros2_eloquent/install/osrf_pycommon:/home/irg/ros2_eloquent/install/domain_coordinator:/home/irg/ros2_eloquent/install/ament_xmllint:/home/irg/ros2_eloquent/install/ament_pyflakes:/home/irg/ros2_eloquent/install/ament_pep8:/home/irg/ros2_eloquent/install/ament_pep257:/home/irg/ros2_eloquent/install/ament_pclint:/home/irg/ros2_eloquent/install/ament_package:/home/irg/ros2_eloquent/install/ament_mypy:/home/irg/ros2_eloquent/install/ament_lint_cmake:/home/irg/ros2_eloquent/install/ament_flake8:/home/irg/ros2_eloquent/install/ament_copyright:/home/irg/ros2_eloquent/install/ament_lint:/home/irg/ros2_eloquent/install/ament_index_python:/home/irg/ros2_eloquent/install/ament_cpplint:/home/irg/ros2_eloquent/install/ament_cppcheck:/home/irg/ros2_eloquent/install/ament_clang_tidy:/home/irg/ros2_eloquent/install/ament_clang_format:/opt/ros/eloquent CONDA_PROMPT_MODIFIER=(lang_pol) /usr/bin/cmake /home/irg/irg/SemanticPolicies/ros2/src/policy_translation -DCMAKE_INSTALL_PREFIX=/home/irg/irg/SemanticPolicies/ros2/install/policy_translation
[10.880s] Invoking command in '/home/irg/irg/SemanticPolicies/ros2/build/policy_translation': CMAKE_PREFIX_PATH=${CMAKE_PREFIX_PATH}:/home/irg/ros2_eloquent/install/ros2bag:/home/irg/ros2_eloquent/install/tracetools_launch:/home/irg/ros2_eloquent/install/topic_monitor:/home/irg/ros2_eloquent/install/examples_tf2_py:/home/irg/ros2_eloquent/install/sros2:/home/irg/ros2_eloquent/install/rqt_topic:/home/irg/ros2_eloquent/install/rqt_reconfigure:/home/irg/ros2_eloquent/install/rqt_action:/home/irg/ros2_eloquent/install/rqt_console:/home/irg/ros2_eloquent/install/rqt:/home/irg/ros2_eloquent/install/rqt_graph:/home/irg/ros2_eloquent/install/rqt_gui_py:/home/irg/ros2_eloquent/install/rqt_gui:/home/irg/ros2_eloquent/install/ros2trace:/home/irg/ros2_eloquent/install/ros2topic:/home/irg/ros2_eloquent/install/ros2test:/home/irg/ros2_eloquent/install/ros2srv:/home/irg/ros2_eloquent/install/ros2component:/home/irg/ros2_eloquent/install/ros2param:/home/irg/ros2_eloquent/install/ros2lifecycle:/home/irg/ros2_eloquent/install/ros2service:/home/irg/ros2_eloquent/install/ros2run:/home/irg/ros2_eloquent/install/ros2launch:/home/irg/ros2_eloquent/install/ros2pkg:/home/irg/ros2_eloquent/install/ros2node:/home/irg/ros2_eloquent/install/ros2multicast:/home/irg/ros2_eloquent/install/ros2msg:/home/irg/ros2_eloquent/install/ros2interface:/home/irg/ros2_eloquent/install/ros2doctor:/home/irg/ros2_eloquent/install/ros2action:/home/irg/ros2_eloquent/install/ros2cli:/home/irg/ros2_eloquent/install/quality_of_service_demo_py:/home/irg/ros2_eloquent/install/launch_testing_ros:/home/irg/ros2_eloquent/install/launch_ros:/home/irg/ros2_eloquent/install/examples_rclpy_minimal_subscriber:/home/irg/ros2_eloquent/install/examples_rclpy_minimal_service:/home/irg/ros2_eloquent/install/examples_rclpy_minimal_publisher:/home/irg/ros2_eloquent/install/examples_rclpy_minimal_client:/home/irg/ros2_eloquent/install/examples_rclpy_minimal_action_server:/home/irg/ros2_eloquent/install/examples_rclpy_minimal_action_client:/home/irg/ros2_eloquent/install/examples_rclpy_executors:/home/irg/ros2_eloquent/install/demo_nodes_py:/home/irg/ros2_eloquent/install/action_tutorials_py:/home/irg/ros2_eloquent/install/ament_uncrustify:/home/irg/ros2_eloquent/install/tracetools_trace:/home/irg/ros2_eloquent/install/tracetools_read:/home/irg/ros2_eloquent/install/test_launch_ros:/home/irg/ros2_eloquent/install/rosidl_runtime_py:/home/irg/ros2_eloquent/install/launch_yaml:/home/irg/ros2_eloquent/install/launch_xml:/home/irg/ros2_eloquent/install/launch_testing:/home/irg/ros2_eloquent/install/launch:/home/irg/ros2_eloquent/install/osrf_pycommon:/home/irg/ros2_eloquent/install/domain_coordinator:/home/irg/ros2_eloquent/install/ament_xmllint:/home/irg/ros2_eloquent/install/ament_pyflakes:/home/irg/ros2_eloquent/install/ament_pep8:/home/irg/ros2_eloquent/install/ament_pep257:/home/irg/ros2_eloquent/install/ament_pclint:/home/irg/ros2_eloquent/install/ament_package:/home/irg/ros2_eloquent/install/ament_mypy:/home/irg/ros2_eloquent/install/ament_lint_cmake:/home/irg/ros2_eloquent/install/ament_flake8:/home/irg/ros2_eloquent/install/ament_copyright:/home/irg/ros2_eloquent/install/ament_lint:/home/irg/ros2_eloquent/install/ament_index_python:/home/irg/ros2_eloquent/install/ament_cpplint:/home/irg/ros2_eloquent/install/ament_cppcheck:/home/irg/ros2_eloquent/install/ament_clang_tidy:/home/irg/ros2_eloquent/install/ament_clang_format:/opt/ros/eloquent CONDA_PROMPT_MODIFIER=(lang_pol) /usr/bin/cmake --build /home/irg/irg/SemanticPolicies/ros2/build/policy_translation -- -j8 -l8
[10.972s] [35m[1mScanning dependencies of target policy_translation__cpp[0m
[10.972s] [  2%] [34m[1mGenerating C code for ROS interfaces[0m
[10.999s] [  4%] [34m[1mGenerating C++ code for ROS interfaces[0m
[11.537s] [  4%] Built target policy_translation__cpp
[11.579s] [  6%] [34m[1mGenerating C++ type support for eProsima Fast-RTPS[0m
[11.584s] [  8%] [34m[1mGenerating C++ introspection for ROS interfaces[0m
[11.586s] [ 10%] [34m[1mGenerating C++ type support dispatch for ROS interfaces[0m
[11.587s] [35m[1mScanning dependencies of target policy_translation__rosidl_generator_c[0m
[11.618s] [ 12%] [32mBuilding C object CMakeFiles/policy_translation__rosidl_generator_c.dir/rosidl_generator_c/policy_translation/srv/tune_network__functions.c.o[0m
[11.623s] [ 14%] [32mBuilding C object CMakeFiles/policy_translation__rosidl_generator_c.dir/rosidl_generator_c/policy_translation/srv/network_pt__functions.c.o[0m
[11.627s] [ 17%] [32mBuilding C object CMakeFiles/policy_translation__rosidl_generator_c.dir/rosidl_generator_c/policy_translation/msg/dummy__functions.c.o[0m
[11.703s] [ 19%] [32m[1mLinking C shared library libpolicy_translation__rosidl_generator_c.so[0m
[11.790s] [ 19%] Built target policy_translation__rosidl_generator_c
[11.827s] [ 21%] [34m[1mGenerating C introspection for ROS interfaces[0m
[11.830s] [ 23%] [34m[1mGenerating C type support dispatch for ROS interfaces[0m
[12.211s] [35m[1mScanning dependencies of target policy_translation__rosidl_typesupport_introspection_cpp[0m
[12.250s] [ 25%] [32mBuilding CXX object CMakeFiles/policy_translation__rosidl_typesupport_introspection_cpp.dir/rosidl_typesupport_introspection_cpp/policy_translation/srv/network_pt__type_support.cpp.o[0m
[12.264s] [ 29%] [32mBuilding CXX object CMakeFiles/policy_translation__rosidl_typesupport_introspection_cpp.dir/rosidl_typesupport_introspection_cpp/policy_translation/srv/tune_network__type_support.cpp.o[0m
[12.264s] [ 29%] [32mBuilding CXX object CMakeFiles/policy_translation__rosidl_typesupport_introspection_cpp.dir/rosidl_typesupport_introspection_cpp/policy_translation/msg/dummy__type_support.cpp.o[0m
[12.408s] [35m[1mScanning dependencies of target policy_translation__rosidl_typesupport_fastrtps_cpp[0m
[12.436s] [35m[1mScanning dependencies of target policy_translation__rosidl_typesupport_cpp[0m
[12.471s] [ 31%] [32mBuilding CXX object CMakeFiles/policy_translation__rosidl_typesupport_fastrtps_cpp.dir/rosidl_typesupport_fastrtps_cpp/policy_translation/srv/dds_fastrtps/tune_network__type_support.cpp.o[0m
[12.477s] [ 34%] [32mBuilding CXX object CMakeFiles/policy_translation__rosidl_typesupport_fastrtps_cpp.dir/rosidl_typesupport_fastrtps_cpp/policy_translation/srv/dds_fastrtps/network_pt__type_support.cpp.o[0m
[12.499s] [ 36%] [32mBuilding CXX object CMakeFiles/policy_translation__rosidl_typesupport_cpp.dir/rosidl_typesupport_cpp/policy_translation/srv/network_pt__type_support.cpp.o[0m
[12.580s] [35m[1mScanning dependencies of target policy_translation__rosidl_typesupport_c[0m
[12.678s] [ 38%] [32mBuilding CXX object CMakeFiles/policy_translation__rosidl_typesupport_c.dir/rosidl_typesupport_c/policy_translation/srv/network_pt__type_support.cpp.o[0m
[12.721s] [ 40%] [32mBuilding CXX object CMakeFiles/policy_translation__rosidl_typesupport_cpp.dir/rosidl_typesupport_cpp/policy_translation/srv/tune_network__type_support.cpp.o[0m
[12.726s] [ 42%] [32mBuilding CXX object CMakeFiles/policy_translation__rosidl_typesupport_c.dir/rosidl_typesupport_c/policy_translation/srv/tune_network__type_support.cpp.o[0m
[12.777s] [ 46%] [32m[1mLinking CXX shared library libpolicy_translation__rosidl_typesupport_introspection_cpp.so[0m
[12.779s] [ 46%] [32mBuilding CXX object CMakeFiles/policy_translation__rosidl_typesupport_cpp.dir/rosidl_typesupport_cpp/policy_translation/msg/dummy__type_support.cpp.o[0m
[12.815s] [ 48%] [32mBuilding CXX object CMakeFiles/policy_translation__rosidl_typesupport_c.dir/rosidl_typesupport_c/policy_translation/msg/dummy__type_support.cpp.o[0m
[12.919s] [ 51%] [32m[1mLinking CXX shared library libpolicy_translation__rosidl_typesupport_c.so[0m
[12.929s] [ 53%] [32mBuilding CXX object CMakeFiles/policy_translation__rosidl_typesupport_fastrtps_cpp.dir/rosidl_typesupport_fastrtps_cpp/policy_translation/msg/dds_fastrtps/dummy__type_support.cpp.o[0m
[12.944s] [35m[1mScanning dependencies of target policy_translation__rosidl_typesupport_introspection_c[0m
[13.011s] [ 55%] [32mBuilding C object CMakeFiles/policy_translation__rosidl_typesupport_introspection_c.dir/rosidl_typesupport_introspection_c/policy_translation/srv/network_pt__type_support.c.o[0m
[13.052s] [ 55%] Built target policy_translation__rosidl_typesupport_introspection_cpp
[13.091s] [ 57%] [32mBuilding C object CMakeFiles/policy_translation__rosidl_typesupport_introspection_c.dir/rosidl_typesupport_introspection_c/policy_translation/srv/tune_network__type_support.c.o[0m
[13.095s] [ 57%] Built target policy_translation__rosidl_typesupport_c
[13.125s] [ 59%] [32mBuilding C object CMakeFiles/policy_translation__rosidl_typesupport_introspection_c.dir/rosidl_typesupport_introspection_c/policy_translation/msg/dummy__type_support.c.o[0m
[13.182s] [ 61%] [32m[1mLinking C shared library libpolicy_translation__rosidl_typesupport_introspection_c.so[0m
[13.195s] [ 63%] [32m[1mLinking CXX shared library libpolicy_translation__rosidl_typesupport_cpp.so[0m
[13.270s] [ 63%] Built target policy_translation__rosidl_typesupport_introspection_c
[13.291s] [ 63%] Built target policy_translation__rosidl_typesupport_cpp
[13.411s] [ 65%] [32m[1mLinking CXX shared library libpolicy_translation__rosidl_typesupport_fastrtps_cpp.so[0m
[13.541s] [ 65%] Built target policy_translation__rosidl_typesupport_fastrtps_cpp
[13.568s] [ 68%] [34m[1mGenerating C type support for eProsima Fast-RTPS[0m
[14.062s] [35m[1mScanning dependencies of target policy_translation__rosidl_typesupport_fastrtps_c[0m
[14.101s] [ 74%] [32mBuilding CXX object CMakeFiles/policy_translation__rosidl_typesupport_fastrtps_c.dir/rosidl_typesupport_fastrtps_c/policy_translation/srv/tune_network__type_support_c.cpp.o[0m
[14.101s] [ 74%] [32mBuilding CXX object CMakeFiles/policy_translation__rosidl_typesupport_fastrtps_c.dir/rosidl_typesupport_fastrtps_c/policy_translation/srv/network_pt__type_support_c.cpp.o[0m
[14.101s] [ 74%] [32mBuilding CXX object CMakeFiles/policy_translation__rosidl_typesupport_fastrtps_c.dir/rosidl_typesupport_fastrtps_c/policy_translation/msg/dummy__type_support_c.cpp.o[0m
[14.429s] [ 76%] [32m[1mLinking CXX shared library libpolicy_translation__rosidl_typesupport_fastrtps_c.so[0m
[14.570s] [ 76%] Built target policy_translation__rosidl_typesupport_fastrtps_c
[14.596s] [35m[1mScanning dependencies of target policy_translation[0m
[14.621s] [ 76%] Built target policy_translation
[14.647s] [35m[1mScanning dependencies of target policy_translation__py[0m
[14.675s] [ 78%] [34m[1mGenerating Python code for ROS interfaces[0m
[15.646s] [ 78%] Built target policy_translation__py
[15.672s] [35m[1mScanning dependencies of target policy_translation__python[0m
[15.721s] [ 85%] [32mBuilding C object CMakeFiles/policy_translation__python.dir/rosidl_generator_py/policy_translation/srv/_tune_network_s.c.o[0m
[15.721s] [ 85%] [32mBuilding C object CMakeFiles/policy_translation__python.dir/rosidl_generator_py/policy_translation/srv/_network_pt_s.c.o[0m
[15.721s] [ 85%] [32mBuilding C object CMakeFiles/policy_translation__python.dir/rosidl_generator_py/policy_translation/msg/_dummy_s.c.o[0m
[15.858s] [ 87%] [32m[1mLinking C shared library rosidl_generator_py/policy_translation/libpolicy_translation__python.so[0m
[15.944s] [ 87%] Built target policy_translation__python
[15.968s] [35m[1mScanning dependencies of target policy_translation__rosidl_typesupport_c__pyext[0m
[15.968s] [35m[1mScanning dependencies of target policy_translation__rosidl_typesupport_introspection_c__pyext[0m
[15.968s] [35m[1mScanning dependencies of target policy_translation__rosidl_typesupport_fastrtps_c__pyext[0m
[16.008s] [ 89%] [32mBuilding C object CMakeFiles/policy_translation__rosidl_typesupport_c__pyext.dir/rosidl_generator_py/policy_translation/_policy_translation_s.ep.rosidl_typesupport_c.c.o[0m
[16.009s] [ 91%] [32mBuilding C object CMakeFiles/policy_translation__rosidl_typesupport_introspection_c__pyext.dir/rosidl_generator_py/policy_translation/_policy_translation_s.ep.rosidl_typesupport_introspection_c.c.o[0m
[16.024s] [ 93%] [32mBuilding C object CMakeFiles/policy_translation__rosidl_typesupport_fastrtps_c__pyext.dir/rosidl_generator_py/policy_translation/_policy_translation_s.ep.rosidl_typesupport_fastrtps_c.c.o[0m
[16.129s] [ 95%] [32m[1mLinking C shared library rosidl_generator_py/policy_translation/policy_translation_s__rosidl_typesupport_introspection_c.cpython-36m-x86_64-linux-gnu.so[0m
[16.138s] [ 97%] [32m[1mLinking C shared library rosidl_generator_py/policy_translation/policy_translation_s__rosidl_typesupport_c.cpython-36m-x86_64-linux-gnu.so[0m
[16.158s] [100%] [32m[1mLinking CXX shared library rosidl_generator_py/policy_translation/policy_translation_s__rosidl_typesupport_fastrtps_c.cpython-36m-x86_64-linux-gnu.so[0m
[16.247s] [100%] Built target policy_translation__rosidl_typesupport_introspection_c__pyext
[16.259s] [100%] Built target policy_translation__rosidl_typesupport_c__pyext
[16.301s] [100%] Built target policy_translation__rosidl_typesupport_fastrtps_c__pyext
[16.323s] Invoked command in '/home/irg/irg/SemanticPolicies/ros2/build/policy_translation' returned '0': CMAKE_PREFIX_PATH=${CMAKE_PREFIX_PATH}:/home/irg/ros2_eloquent/install/ros2bag:/home/irg/ros2_eloquent/install/tracetools_launch:/home/irg/ros2_eloquent/install/topic_monitor:/home/irg/ros2_eloquent/install/examples_tf2_py:/home/irg/ros2_eloquent/install/sros2:/home/irg/ros2_eloquent/install/rqt_topic:/home/irg/ros2_eloquent/install/rqt_reconfigure:/home/irg/ros2_eloquent/install/rqt_action:/home/irg/ros2_eloquent/install/rqt_console:/home/irg/ros2_eloquent/install/rqt:/home/irg/ros2_eloquent/install/rqt_graph:/home/irg/ros2_eloquent/install/rqt_gui_py:/home/irg/ros2_eloquent/install/rqt_gui:/home/irg/ros2_eloquent/install/ros2trace:/home/irg/ros2_eloquent/install/ros2topic:/home/irg/ros2_eloquent/install/ros2test:/home/irg/ros2_eloquent/install/ros2srv:/home/irg/ros2_eloquent/install/ros2component:/home/irg/ros2_eloquent/install/ros2param:/home/irg/ros2_eloquent/install/ros2lifecycle:/home/irg/ros2_eloquent/install/ros2service:/home/irg/ros2_eloquent/install/ros2run:/home/irg/ros2_eloquent/install/ros2launch:/home/irg/ros2_eloquent/install/ros2pkg:/home/irg/ros2_eloquent/install/ros2node:/home/irg/ros2_eloquent/install/ros2multicast:/home/irg/ros2_eloquent/install/ros2msg:/home/irg/ros2_eloquent/install/ros2interface:/home/irg/ros2_eloquent/install/ros2doctor:/home/irg/ros2_eloquent/install/ros2action:/home/irg/ros2_eloquent/install/ros2cli:/home/irg/ros2_eloquent/install/quality_of_service_demo_py:/home/irg/ros2_eloquent/install/launch_testing_ros:/home/irg/ros2_eloquent/install/launch_ros:/home/irg/ros2_eloquent/install/examples_rclpy_minimal_subscriber:/home/irg/ros2_eloquent/install/examples_rclpy_minimal_service:/home/irg/ros2_eloquent/install/examples_rclpy_minimal_publisher:/home/irg/ros2_eloquent/install/examples_rclpy_minimal_client:/home/irg/ros2_eloquent/install/examples_rclpy_minimal_action_server:/home/irg/ros2_eloquent/install/examples_rclpy_minimal_action_client:/home/irg/ros2_eloquent/install/examples_rclpy_executors:/home/irg/ros2_eloquent/install/demo_nodes_py:/home/irg/ros2_eloquent/install/action_tutorials_py:/home/irg/ros2_eloquent/install/ament_uncrustify:/home/irg/ros2_eloquent/install/tracetools_trace:/home/irg/ros2_eloquent/install/tracetools_read:/home/irg/ros2_eloquent/install/test_launch_ros:/home/irg/ros2_eloquent/install/rosidl_runtime_py:/home/irg/ros2_eloquent/install/launch_yaml:/home/irg/ros2_eloquent/install/launch_xml:/home/irg/ros2_eloquent/install/launch_testing:/home/irg/ros2_eloquent/install/launch:/home/irg/ros2_eloquent/install/osrf_pycommon:/home/irg/ros2_eloquent/install/domain_coordinator:/home/irg/ros2_eloquent/install/ament_xmllint:/home/irg/ros2_eloquent/install/ament_pyflakes:/home/irg/ros2_eloquent/install/ament_pep8:/home/irg/ros2_eloquent/install/ament_pep257:/home/irg/ros2_eloquent/install/ament_pclint:/home/irg/ros2_eloquent/install/ament_package:/home/irg/ros2_eloquent/install/ament_mypy:/home/irg/ros2_eloquent/install/ament_lint_cmake:/home/irg/ros2_eloquent/install/ament_flake8:/home/irg/ros2_eloquent/install/ament_copyright:/home/irg/ros2_eloquent/install/ament_lint:/home/irg/ros2_eloquent/install/ament_index_python:/home/irg/ros2_eloquent/install/ament_cpplint:/home/irg/ros2_eloquent/install/ament_cppcheck:/home/irg/ros2_eloquent/install/ament_clang_tidy:/home/irg/ros2_eloquent/install/ament_clang_format:/opt/ros/eloquent CONDA_PROMPT_MODIFIER=(lang_pol) /usr/bin/cmake --build /home/irg/irg/SemanticPolicies/ros2/build/policy_translation -- -j8 -l8
[16.770s] Invoking command in '/home/irg/irg/SemanticPolicies/ros2/build/policy_translation': CMAKE_PREFIX_PATH=${CMAKE_PREFIX_PATH}:/home/irg/ros2_eloquent/install/ros2bag:/home/irg/ros2_eloquent/install/tracetools_launch:/home/irg/ros2_eloquent/install/topic_monitor:/home/irg/ros2_eloquent/install/examples_tf2_py:/home/irg/ros2_eloquent/install/sros2:/home/irg/ros2_eloquent/install/rqt_topic:/home/irg/ros2_eloquent/install/rqt_reconfigure:/home/irg/ros2_eloquent/install/rqt_action:/home/irg/ros2_eloquent/install/rqt_console:/home/irg/ros2_eloquent/install/rqt:/home/irg/ros2_eloquent/install/rqt_graph:/home/irg/ros2_eloquent/install/rqt_gui_py:/home/irg/ros2_eloquent/install/rqt_gui:/home/irg/ros2_eloquent/install/ros2trace:/home/irg/ros2_eloquent/install/ros2topic:/home/irg/ros2_eloquent/install/ros2test:/home/irg/ros2_eloquent/install/ros2srv:/home/irg/ros2_eloquent/install/ros2component:/home/irg/ros2_eloquent/install/ros2param:/home/irg/ros2_eloquent/install/ros2lifecycle:/home/irg/ros2_eloquent/install/ros2service:/home/irg/ros2_eloquent/install/ros2run:/home/irg/ros2_eloquent/install/ros2launch:/home/irg/ros2_eloquent/install/ros2pkg:/home/irg/ros2_eloquent/install/ros2node:/home/irg/ros2_eloquent/install/ros2multicast:/home/irg/ros2_eloquent/install/ros2msg:/home/irg/ros2_eloquent/install/ros2interface:/home/irg/ros2_eloquent/install/ros2doctor:/home/irg/ros2_eloquent/install/ros2action:/home/irg/ros2_eloquent/install/ros2cli:/home/irg/ros2_eloquent/install/quality_of_service_demo_py:/home/irg/ros2_eloquent/install/launch_testing_ros:/home/irg/ros2_eloquent/install/launch_ros:/home/irg/ros2_eloquent/install/examples_rclpy_minimal_subscriber:/home/irg/ros2_eloquent/install/examples_rclpy_minimal_service:/home/irg/ros2_eloquent/install/examples_rclpy_minimal_publisher:/home/irg/ros2_eloquent/install/examples_rclpy_minimal_client:/home/irg/ros2_eloquent/install/examples_rclpy_minimal_action_server:/home/irg/ros2_eloquent/install/examples_rclpy_minimal_action_client:/home/irg/ros2_eloquent/install/examples_rclpy_executors:/home/irg/ros2_eloquent/install/demo_nodes_py:/home/irg/ros2_eloquent/install/action_tutorials_py:/home/irg/ros2_eloquent/install/ament_uncrustify:/home/irg/ros2_eloquent/install/tracetools_trace:/home/irg/ros2_eloquent/install/tracetools_read:/home/irg/ros2_eloquent/install/test_launch_ros:/home/irg/ros2_eloquent/install/rosidl_runtime_py:/home/irg/ros2_eloquent/install/launch_yaml:/home/irg/ros2_eloquent/install/launch_xml:/home/irg/ros2_eloquent/install/launch_testing:/home/irg/ros2_eloquent/install/launch:/home/irg/ros2_eloquent/install/osrf_pycommon:/home/irg/ros2_eloquent/install/domain_coordinator:/home/irg/ros2_eloquent/install/ament_xmllint:/home/irg/ros2_eloquent/install/ament_pyflakes:/home/irg/ros2_eloquent/install/ament_pep8:/home/irg/ros2_eloquent/install/ament_pep257:/home/irg/ros2_eloquent/install/ament_pclint:/home/irg/ros2_eloquent/install/ament_package:/home/irg/ros2_eloquent/install/ament_mypy:/home/irg/ros2_eloquent/install/ament_lint_cmake:/home/irg/ros2_eloquent/install/ament_flake8:/home/irg/ros2_eloquent/install/ament_copyright:/home/irg/ros2_eloquent/install/ament_lint:/home/irg/ros2_eloquent/install/ament_index_python:/home/irg/ros2_eloquent/install/ament_cpplint:/home/irg/ros2_eloquent/install/ament_cppcheck:/home/irg/ros2_eloquent/install/ament_clang_tidy:/home/irg/ros2_eloquent/install/ament_clang_format:/opt/ros/eloquent CONDA_PROMPT_MODIFIER=(lang_pol) /usr/bin/cmake --build /home/irg/irg/SemanticPolicies/ros2/build/policy_translation --target install -- -j8 -l8
[16.895s] [  2%] Built target policy_translation__cpp
[16.899s] [ 12%] Built target policy_translation__rosidl_generator_c
[16.956s] [ 23%] Built target policy_translation__rosidl_typesupport_fastrtps_cpp
[16.960s] [ 34%] Built target policy_translation__rosidl_typesupport_cpp
[16.968s] [ 53%] Built target policy_translation__rosidl_typesupport_introspection_c
[16.968s] [ 65%] Built target policy_translation__rosidl_typesupport_introspection_cpp
[16.968s] [ 65%] Built target policy_translation__rosidl_typesupport_c
[17.020s] [ 76%] Built target policy_translation__rosidl_typesupport_fastrtps_c
[17.069s] [ 76%] Built target policy_translation
[17.120s] [ 78%] Built target policy_translation__py
[17.181s] [ 87%] Built target policy_translation__python
[17.235s] [100%] Built target policy_translation__rosidl_typesupport_c__pyext
[17.236s] [100%] Built target policy_translation__rosidl_typesupport_introspection_c__pyext
[17.236s] [100%] Built target policy_translation__rosidl_typesupport_fastrtps_c__pyext
[17.281s] [36mInstall the project...[0m
[17.299s] -- Install configuration: ""
[17.300s] -- Installing: /home/irg/irg/SemanticPolicies/ros2/install/policy_translation/share/ament_index/resource_index/rosidl_interfaces/policy_translation
[17.300s] -- Installing: /home/irg/irg/SemanticPolicies/ros2/install/policy_translation/lib/libpolicy_translation__rosidl_typesupport_c.so
[17.300s] -- Set runtime path of "/home/irg/irg/SemanticPolicies/ros2/install/policy_translation/lib/libpolicy_translation__rosidl_typesupport_c.so" to ""
[17.300s] -- Installing: /home/irg/irg/SemanticPolicies/ros2/install/policy_translation/share/policy_translation/environment/library_path.sh
[17.300s] -- Installing: /home/irg/irg/SemanticPolicies/ros2/install/policy_translation/share/policy_translation/environment/library_path.dsv
[17.300s] -- Installing: /home/irg/irg/SemanticPolicies/ros2/install/policy_translation/lib/libpolicy_translation__rosidl_typesupport_cpp.so
[17.301s] -- Set runtime path of "/home/irg/irg/SemanticPolicies/ros2/install/policy_translation/lib/libpolicy_translation__rosidl_typesupport_cpp.so" to ""
[17.301s] -- Installing: /home/irg/irg/SemanticPolicies/ros2/install/policy_translation/include/policy_translation
[17.301s] -- Installing: /home/irg/irg/SemanticPolicies/ros2/install/policy_translation/include/policy_translation/msg
[17.301s] -- Installing: /home/irg/irg/SemanticPolicies/ros2/install/policy_translation/include/policy_translation/msg/rosidl_typesupport_introspection_c__visibility_control.h
[17.301s] -- Installing: /home/irg/irg/SemanticPolicies/ros2/install/policy_translation/include/policy_translation/msg/dummy__type_support.c
[17.301s] -- Installing: /home/irg/irg/SemanticPolicies/ros2/install/policy_translation/include/policy_translation/msg/dummy__rosidl_typesupport_introspection_c.h
[17.302s] -- Installing: /home/irg/irg/SemanticPolicies/ros2/install/policy_translation/include/policy_translation/srv
[17.302s] -- Installing: /home/irg/irg/SemanticPolicies/ros2/install/policy_translation/include/policy_translation/srv/tune_network__type_support.c
[17.302s] -- Installing: /home/irg/irg/SemanticPolicies/ros2/install/policy_translation/include/policy_translation/srv/tune_network__rosidl_typesupport_introspection_c.h
[17.302s] -- Installing: /home/irg/irg/SemanticPolicies/ros2/install/policy_translation/include/policy_translation/srv/network_pt__type_support.c
[17.302s] -- Installing: /home/irg/irg/SemanticPolicies/ros2/install/policy_translation/include/policy_translation/srv/network_pt__rosidl_typesupport_introspection_c.h
[17.303s] -- Installing: /home/irg/irg/SemanticPolicies/ros2/install/policy_translation/lib/libpolicy_translation__rosidl_typesupport_introspection_c.so
[17.303s] -- Set runtime path of "/home/irg/irg/SemanticPolicies/ros2/install/policy_translation/lib/libpolicy_translation__rosidl_typesupport_introspection_c.so" to ""
[17.303s] -- Up-to-date: /home/irg/irg/SemanticPolicies/ros2/install/policy_translation/include/policy_translation
[17.303s] -- Up-to-date: /home/irg/irg/SemanticPolicies/ros2/install/policy_translation/include/policy_translation/msg
[17.303s] -- Installing: /home/irg/irg/SemanticPolicies/ros2/install/policy_translation/include/policy_translation/msg/dummy__functions.h
[17.304s] -- Installing: /home/irg/irg/SemanticPolicies/ros2/install/policy_translation/include/policy_translation/msg/rosidl_generator_c__visibility_control.h
[17.304s] -- Installing: /home/irg/irg/SemanticPolicies/ros2/install/policy_translation/include/policy_translation/msg/dummy.h
[17.304s] -- Installing: /home/irg/irg/SemanticPolicies/ros2/install/policy_translation/include/policy_translation/msg/dummy__type_support.h
[17.304s] -- Installing: /home/irg/irg/SemanticPolicies/ros2/install/policy_translation/include/policy_translation/msg/dummy__struct.h
[17.304s] -- Installing: /home/irg/irg/SemanticPolicies/ros2/install/policy_translation/include/policy_translation/msg/dummy__functions.c
[17.304s] -- Up-to-date: /home/irg/irg/SemanticPolicies/ros2/install/policy_translation/include/policy_translation/srv
[17.304s] -- Installing: /home/irg/irg/SemanticPolicies/ros2/install/policy_translation/include/policy_translation/srv/tune_network.h
[17.305s] -- Installing: /home/irg/irg/SemanticPolicies/ros2/install/policy_translation/include/policy_translation/srv/tune_network__struct.h
[17.305s] -- Installing: /home/irg/irg/SemanticPolicies/ros2/install/policy_translation/include/policy_translation/srv/network_pt__functions.h
[17.305s] -- Installing: /home/irg/irg/SemanticPolicies/ros2/install/policy_translation/include/policy_translation/srv/network_pt.h
[17.305s] -- Installing: /home/irg/irg/SemanticPolicies/ros2/install/policy_translation/include/policy_translation/srv/tune_network__functions.c
[17.305s] -- Installing: /home/irg/irg/SemanticPolicies/ros2/install/policy_translation/include/policy_translation/srv/tune_network__type_support.h
[17.305s] -- Installing: /home/irg/irg/SemanticPolicies/ros2/install/policy_translation/include/policy_translation/srv/network_pt__type_support.h
[17.306s] -- Installing: /home/irg/irg/SemanticPolicies/ros2/install/policy_translation/include/policy_translation/srv/network_pt__struct.h
[17.306s] -- Installing: /home/irg/irg/SemanticPolicies/ros2/install/policy_translation/include/policy_translation/srv/network_pt__functions.c
[17.306s] -- Installing: /home/irg/irg/SemanticPolicies/ros2/install/policy_translation/include/policy_translation/srv/tune_network__functions.h
[17.306s] -- Installing: /home/irg/irg/SemanticPolicies/ros2/install/policy_translation/lib/libpolicy_translation__rosidl_generator_c.so
[17.306s] -- Set runtime path of "/home/irg/irg/SemanticPolicies/ros2/install/policy_translation/lib/libpolicy_translation__rosidl_generator_c.so" to ""
[17.307s] -- Up-to-date: /home/irg/irg/SemanticPolicies/ros2/install/policy_translation/include/policy_translation
[17.307s] -- Up-to-date: /home/irg/irg/SemanticPolicies/ros2/install/policy_translation/include/policy_translation/msg
[17.307s] -- Installing: /home/irg/irg/SemanticPolicies/ros2/install/policy_translation/include/policy_translation/msg/rosidl_typesupport_fastrtps_c__visibility_control.h
[17.307s] -- Installing: /home/irg/irg/SemanticPolicies/ros2/install/policy_translation/include/policy_translation/msg/dummy__rosidl_typesupport_fastrtps_c.h
[17.307s] -- Up-to-date: /home/irg/irg/SemanticPolicies/ros2/install/policy_translation/include/policy_translation/srv
[17.307s] -- Installing: /home/irg/irg/SemanticPolicies/ros2/install/policy_translation/include/policy_translation/srv/network_pt__rosidl_typesupport_fastrtps_c.h
[17.307s] -- Installing: /home/irg/irg/SemanticPolicies/ros2/install/policy_translation/include/policy_translation/srv/tune_network__rosidl_typesupport_fastrtps_c.h
[17.308s] -- Installing: /home/irg/irg/SemanticPolicies/ros2/install/policy_translation/lib/libpolicy_translation__rosidl_typesupport_fastrtps_c.so
[17.308s] -- Set runtime path of "/home/irg/irg/SemanticPolicies/ros2/install/policy_translation/lib/libpolicy_translation__rosidl_typesupport_fastrtps_c.so" to ""
[17.308s] -- Up-to-date: /home/irg/irg/SemanticPolicies/ros2/install/policy_translation/include/policy_translation
[17.308s] -- Up-to-date: /home/irg/irg/SemanticPolicies/ros2/install/policy_translation/include/policy_translation/msg
[17.308s] -- Installing: /home/irg/irg/SemanticPolicies/ros2/install/policy_translation/include/policy_translation/msg/dummy__rosidl_typesupport_fastrtps_cpp.hpp
[17.308s] -- Installing: /home/irg/irg/SemanticPolicies/ros2/install/policy_translation/include/policy_translation/msg/dds_fastrtps
[17.308s] -- Installing: /home/irg/irg/SemanticPolicies/ros2/install/policy_translation/include/policy_translation/msg/rosidl_typesupport_fastrtps_cpp__visibility_control.h
[17.308s] -- Up-to-date: /home/irg/irg/SemanticPolicies/ros2/install/policy_translation/include/policy_translation/srv
[17.309s] -- Installing: /home/irg/irg/SemanticPolicies/ros2/install/policy_translation/include/policy_translation/srv/network_pt__rosidl_typesupport_fastrtps_cpp.hpp
[17.309s] -- Installing: /home/irg/irg/SemanticPolicies/ros2/install/policy_translation/include/policy_translation/srv/tune_network__rosidl_typesupport_fastrtps_cpp.hpp
[17.309s] -- Installing: /home/irg/irg/SemanticPolicies/ros2/install/policy_translation/include/policy_translation/srv/dds_fastrtps
[17.309s] -- Installing: /home/irg/irg/SemanticPolicies/ros2/install/policy_translation/lib/libpolicy_translation__rosidl_typesupport_fastrtps_cpp.so
[17.309s] -- Set runtime path of "/home/irg/irg/SemanticPolicies/ros2/install/policy_translation/lib/libpolicy_translation__rosidl_typesupport_fastrtps_cpp.so" to ""
[17.309s] -- Up-to-date: /home/irg/irg/SemanticPolicies/ros2/install/policy_translation/include/policy_translation
[17.309s] -- Up-to-date: /home/irg/irg/SemanticPolicies/ros2/install/policy_translation/include/policy_translation/msg
[17.310s] -- Installing: /home/irg/irg/SemanticPolicies/ros2/install/policy_translation/include/policy_translation/msg/dummy__struct.hpp
[17.310s] -- Installing: /home/irg/irg/SemanticPolicies/ros2/install/policy_translation/include/policy_translation/msg/dummy__traits.hpp
[17.310s] -- Installing: /home/irg/irg/SemanticPolicies/ros2/install/policy_translation/include/policy_translation/msg/dummy.hpp
[17.310s] -- Up-to-date: /home/irg/irg/SemanticPolicies/ros2/install/policy_translation/include/policy_translation/srv
[17.310s] -- Installing: /home/irg/irg/SemanticPolicies/ros2/install/policy_translation/include/policy_translation/srv/tune_network.hpp
[17.310s] -- Installing: /home/irg/irg/SemanticPolicies/ros2/install/policy_translation/include/policy_translation/srv/network_pt.hpp
[17.310s] -- Installing: /home/irg/irg/SemanticPolicies/ros2/install/policy_translation/include/policy_translation/srv/network_pt__traits.hpp
[17.311s] -- Installing: /home/irg/irg/SemanticPolicies/ros2/install/policy_translation/include/policy_translation/srv/network_pt__struct.hpp
[17.311s] -- Installing: /home/irg/irg/SemanticPolicies/ros2/install/policy_translation/include/policy_translation/srv/tune_network__traits.hpp
[17.311s] -- Installing: /home/irg/irg/SemanticPolicies/ros2/install/policy_translation/include/policy_translation/srv/tune_network__struct.hpp
[17.311s] -- Up-to-date: /home/irg/irg/SemanticPolicies/ros2/install/policy_translation/include/policy_translation
[17.311s] -- Up-to-date: /home/irg/irg/SemanticPolicies/ros2/install/policy_translation/include/policy_translation/msg
[17.311s] -- Installing: /home/irg/irg/SemanticPolicies/ros2/install/policy_translation/include/policy_translation/msg/dummy__type_support.cpp
[17.311s] -- Installing: /home/irg/irg/SemanticPolicies/ros2/install/policy_translation/include/policy_translation/msg/dummy__rosidl_typesupport_introspection_cpp.hpp
[17.312s] -- Up-to-date: /home/irg/irg/SemanticPolicies/ros2/install/policy_translation/include/policy_translation/srv
[17.312s] -- Installing: /home/irg/irg/SemanticPolicies/ros2/install/policy_translation/include/policy_translation/srv/tune_network__type_support.cpp
[17.312s] -- Installing: /home/irg/irg/SemanticPolicies/ros2/install/policy_translation/include/policy_translation/srv/network_pt__rosidl_typesupport_introspection_cpp.hpp
[17.312s] -- Installing: /home/irg/irg/SemanticPolicies/ros2/install/policy_translation/include/policy_translation/srv/tune_network__rosidl_typesupport_introspection_cpp.hpp
[17.312s] -- Installing: /home/irg/irg/SemanticPolicies/ros2/install/policy_translation/include/policy_translation/srv/network_pt__type_support.cpp
[17.312s] -- Installing: /home/irg/irg/SemanticPolicies/ros2/install/policy_translation/lib/libpolicy_translation__rosidl_typesupport_introspection_cpp.so
[17.312s] -- Set runtime path of "/home/irg/irg/SemanticPolicies/ros2/install/policy_translation/lib/libpolicy_translation__rosidl_typesupport_introspection_cpp.so" to ""
[17.313s] -- Installing: /home/irg/irg/SemanticPolicies/ros2/install/policy_translation/share/policy_translation/environment/pythonpath.sh
[17.313s] -- Installing: /home/irg/irg/SemanticPolicies/ros2/install/policy_translation/share/policy_translation/environment/pythonpath.dsv
[17.313s] -- Installing: /home/irg/irg/SemanticPolicies/ros2/install/policy_translation/lib/python3.6/site-packages/policy_translation/__init__.py
[17.410s] Compiling '/home/irg/irg/SemanticPolicies/ros2/install/policy_translation/lib/python3.6/site-packages/policy_translation/__init__.py'...
[17.414s] -- Installing: /home/irg/irg/SemanticPolicies/ros2/install/policy_translation/lib/python3.6/site-packages/policy_translation/srv
[17.414s] -- Installing: /home/irg/irg/SemanticPolicies/ros2/install/policy_translation/lib/python3.6/site-packages/policy_translation/srv/_network_pt.py
[17.415s] -- Installing: /home/irg/irg/SemanticPolicies/ros2/install/policy_translation/lib/python3.6/site-packages/policy_translation/srv/_network_pt_s.c
[17.415s] -- Installing: /home/irg/irg/SemanticPolicies/ros2/install/policy_translation/lib/python3.6/site-packages/policy_translation/srv/_tune_network.py
[17.415s] -- Installing: /home/irg/irg/SemanticPolicies/ros2/install/policy_translation/lib/python3.6/site-packages/policy_translation/srv/__init__.py
[17.415s] -- Installing: /home/irg/irg/SemanticPolicies/ros2/install/policy_translation/lib/python3.6/site-packages/policy_translation/srv/_tune_network_s.c
[17.415s] -- Installing: /home/irg/irg/SemanticPolicies/ros2/install/policy_translation/lib/python3.6/site-packages/policy_translation/msg
[17.415s] -- Installing: /home/irg/irg/SemanticPolicies/ros2/install/policy_translation/lib/python3.6/site-packages/policy_translation/msg/_dummy_s.c
[17.415s] -- Installing: /home/irg/irg/SemanticPolicies/ros2/install/policy_translation/lib/python3.6/site-packages/policy_translation/msg/__init__.py
[17.415s] -- Installing: /home/irg/irg/SemanticPolicies/ros2/install/policy_translation/lib/python3.6/site-packages/policy_translation/msg/_dummy.py
[17.416s] -- Installing: /home/irg/irg/SemanticPolicies/ros2/install/policy_translation/lib/python3.6/site-packages/policy_translation/policy_translation_s__rosidl_typesupport_c.cpython-36m-x86_64-linux-gnu.so
[17.416s] -- Set runtime path of "/home/irg/irg/SemanticPolicies/ros2/install/policy_translation/lib/python3.6/site-packages/policy_translation/policy_translation_s__rosidl_typesupport_c.cpython-36m-x86_64-linux-gnu.so" to ""
[17.417s] -- Installing: /home/irg/irg/SemanticPolicies/ros2/install/policy_translation/lib/python3.6/site-packages/policy_translation/policy_translation_s__rosidl_typesupport_introspection_c.cpython-36m-x86_64-linux-gnu.so
[17.417s] -- Set runtime path of "/home/irg/irg/SemanticPolicies/ros2/install/policy_translation/lib/python3.6/site-packages/policy_translation/policy_translation_s__rosidl_typesupport_introspection_c.cpython-36m-x86_64-linux-gnu.so" to ""
[17.418s] -- Installing: /home/irg/irg/SemanticPolicies/ros2/install/policy_translation/lib/python3.6/site-packages/policy_translation/policy_translation_s__rosidl_typesupport_fastrtps_c.cpython-36m-x86_64-linux-gnu.so
[17.419s] -- Set runtime path of "/home/irg/irg/SemanticPolicies/ros2/install/policy_translation/lib/python3.6/site-packages/policy_translation/policy_translation_s__rosidl_typesupport_fastrtps_c.cpython-36m-x86_64-linux-gnu.so" to ""
[17.419s] -- Installing: /home/irg/irg/SemanticPolicies/ros2/install/policy_translation/lib/libpolicy_translation__python.so
[17.419s] -- Set runtime path of "/home/irg/irg/SemanticPolicies/ros2/install/policy_translation/lib/libpolicy_translation__python.so" to ""
[17.419s] -- Installing: /home/irg/irg/SemanticPolicies/ros2/install/policy_translation/share/policy_translation/srv/NetworkPT.idl
[17.420s] -- Installing: /home/irg/irg/SemanticPolicies/ros2/install/policy_translation/share/policy_translation/srv/TuneNetwork.idl
[17.420s] -- Installing: /home/irg/irg/SemanticPolicies/ros2/install/policy_translation/share/policy_translation/msg/Dummy.idl
[17.420s] -- Installing: /home/irg/irg/SemanticPolicies/ros2/install/policy_translation/share/policy_translation/srv/NetworkPT.srv
[17.420s] -- Installing: /home/irg/irg/SemanticPolicies/ros2/install/policy_translation/share/policy_translation/srv/NetworkPT_Request.msg
[17.420s] -- Installing: /home/irg/irg/SemanticPolicies/ros2/install/policy_translation/share/policy_translation/srv/NetworkPT_Response.msg
[17.421s] -- Installing: /home/irg/irg/SemanticPolicies/ros2/install/policy_translation/share/policy_translation/srv/TuneNetwork.srv
[17.421s] -- Installing: /home/irg/irg/SemanticPolicies/ros2/install/policy_translation/share/policy_translation/srv/TuneNetwork_Request.msg
[17.421s] -- Installing: /home/irg/irg/SemanticPolicies/ros2/install/policy_translation/share/policy_translation/srv/TuneNetwork_Response.msg
[17.421s] -- Installing: /home/irg/irg/SemanticPolicies/ros2/install/policy_translation/share/policy_translation/msg/Dummy.msg
[17.421s] -- Installing: /home/irg/irg/SemanticPolicies/ros2/install/policy_translation/share/ament_index/resource_index/package_run_dependencies/policy_translation
[17.422s] -- Installing: /home/irg/irg/SemanticPolicies/ros2/install/policy_translation/share/ament_index/resource_index/parent_prefix_path/policy_translation
[17.422s] -- Installing: /home/irg/irg/SemanticPolicies/ros2/install/policy_translation/share/policy_translation/environment/ament_prefix_path.sh
[17.422s] -- Installing: /home/irg/irg/SemanticPolicies/ros2/install/policy_translation/share/policy_translation/environment/ament_prefix_path.dsv
[17.422s] -- Installing: /home/irg/irg/SemanticPolicies/ros2/install/policy_translation/share/policy_translation/environment/path.sh
[17.422s] -- Installing: /home/irg/irg/SemanticPolicies/ros2/install/policy_translation/share/policy_translation/environment/path.dsv
[17.422s] -- Installing: /home/irg/irg/SemanticPolicies/ros2/install/policy_translation/share/policy_translation/local_setup.bash
[17.423s] -- Installing: /home/irg/irg/SemanticPolicies/ros2/install/policy_translation/share/policy_translation/local_setup.sh
[17.423s] -- Installing: /home/irg/irg/SemanticPolicies/ros2/install/policy_translation/share/policy_translation/local_setup.zsh
[17.423s] -- Installing: /home/irg/irg/SemanticPolicies/ros2/install/policy_translation/share/policy_translation/local_setup.dsv
[17.423s] -- Installing: /home/irg/irg/SemanticPolicies/ros2/install/policy_translation/share/policy_translation/package.dsv
[17.423s] -- Installing: /home/irg/irg/SemanticPolicies/ros2/install/policy_translation/share/ament_index/resource_index/packages/policy_translation
[17.424s] -- Installing: /home/irg/irg/SemanticPolicies/ros2/install/policy_translation/share/policy_translation/cmake/rosidl_cmake-extras.cmake
[17.424s] -- Installing: /home/irg/irg/SemanticPolicies/ros2/install/policy_translation/share/policy_translation/cmake/ament_cmake_export_dependencies-extras.cmake
[17.424s] -- Installing: /home/irg/irg/SemanticPolicies/ros2/install/policy_translation/share/policy_translation/cmake/ament_cmake_export_libraries-extras.cmake
[17.424s] -- Installing: /home/irg/irg/SemanticPolicies/ros2/install/policy_translation/share/policy_translation/cmake/ament_cmake_export_include_directories-extras.cmake
[17.424s] -- Installing: /home/irg/irg/SemanticPolicies/ros2/install/policy_translation/share/policy_translation/cmake/policy_translationConfig.cmake
[17.424s] -- Installing: /home/irg/irg/SemanticPolicies/ros2/install/policy_translation/share/policy_translation/cmake/policy_translationConfig-version.cmake
[17.425s] -- Installing: /home/irg/irg/SemanticPolicies/ros2/install/policy_translation/share/policy_translation/package.xml
[17.430s] Invoked command in '/home/irg/irg/SemanticPolicies/ros2/build/policy_translation' returned '0': CMAKE_PREFIX_PATH=${CMAKE_PREFIX_PATH}:/home/irg/ros2_eloquent/install/ros2bag:/home/irg/ros2_eloquent/install/tracetools_launch:/home/irg/ros2_eloquent/install/topic_monitor:/home/irg/ros2_eloquent/install/examples_tf2_py:/home/irg/ros2_eloquent/install/sros2:/home/irg/ros2_eloquent/install/rqt_topic:/home/irg/ros2_eloquent/install/rqt_reconfigure:/home/irg/ros2_eloquent/install/rqt_action:/home/irg/ros2_eloquent/install/rqt_console:/home/irg/ros2_eloquent/install/rqt:/home/irg/ros2_eloquent/install/rqt_graph:/home/irg/ros2_eloquent/install/rqt_gui_py:/home/irg/ros2_eloquent/install/rqt_gui:/home/irg/ros2_eloquent/install/ros2trace:/home/irg/ros2_eloquent/install/ros2topic:/home/irg/ros2_eloquent/install/ros2test:/home/irg/ros2_eloquent/install/ros2srv:/home/irg/ros2_eloquent/install/ros2component:/home/irg/ros2_eloquent/install/ros2param:/home/irg/ros2_eloquent/install/ros2lifecycle:/home/irg/ros2_eloquent/install/ros2service:/home/irg/ros2_eloquent/install/ros2run:/home/irg/ros2_eloquent/install/ros2launch:/home/irg/ros2_eloquent/install/ros2pkg:/home/irg/ros2_eloquent/install/ros2node:/home/irg/ros2_eloquent/install/ros2multicast:/home/irg/ros2_eloquent/install/ros2msg:/home/irg/ros2_eloquent/install/ros2interface:/home/irg/ros2_eloquent/install/ros2doctor:/home/irg/ros2_eloquent/install/ros2action:/home/irg/ros2_eloquent/install/ros2cli:/home/irg/ros2_eloquent/install/quality_of_service_demo_py:/home/irg/ros2_eloquent/install/launch_testing_ros:/home/irg/ros2_eloquent/install/launch_ros:/home/irg/ros2_eloquent/install/examples_rclpy_minimal_subscriber:/home/irg/ros2_eloquent/install/examples_rclpy_minimal_service:/home/irg/ros2_eloquent/install/examples_rclpy_minimal_publisher:/home/irg/ros2_eloquent/install/examples_rclpy_minimal_client:/home/irg/ros2_eloquent/install/examples_rclpy_minimal_action_server:/home/irg/ros2_eloquent/install/examples_rclpy_minimal_action_client:/home/irg/ros2_eloquent/install/examples_rclpy_executors:/home/irg/ros2_eloquent/install/demo_nodes_py:/home/irg/ros2_eloquent/install/action_tutorials_py:/home/irg/ros2_eloquent/install/ament_uncrustify:/home/irg/ros2_eloquent/install/tracetools_trace:/home/irg/ros2_eloquent/install/tracetools_read:/home/irg/ros2_eloquent/install/test_launch_ros:/home/irg/ros2_eloquent/install/rosidl_runtime_py:/home/irg/ros2_eloquent/install/launch_yaml:/home/irg/ros2_eloquent/install/launch_xml:/home/irg/ros2_eloquent/install/launch_testing:/home/irg/ros2_eloquent/install/launch:/home/irg/ros2_eloquent/install/osrf_pycommon:/home/irg/ros2_eloquent/install/domain_coordinator:/home/irg/ros2_eloquent/install/ament_xmllint:/home/irg/ros2_eloquent/install/ament_pyflakes:/home/irg/ros2_eloquent/install/ament_pep8:/home/irg/ros2_eloquent/install/ament_pep257:/home/irg/ros2_eloquent/install/ament_pclint:/home/irg/ros2_eloquent/install/ament_package:/home/irg/ros2_eloquent/install/ament_mypy:/home/irg/ros2_eloquent/install/ament_lint_cmake:/home/irg/ros2_eloquent/install/ament_flake8:/home/irg/ros2_eloquent/install/ament_copyright:/home/irg/ros2_eloquent/install/ament_lint:/home/irg/ros2_eloquent/install/ament_index_python:/home/irg/ros2_eloquent/install/ament_cpplint:/home/irg/ros2_eloquent/install/ament_cppcheck:/home/irg/ros2_eloquent/install/ament_clang_tidy:/home/irg/ros2_eloquent/install/ament_clang_format:/opt/ros/eloquent CONDA_PROMPT_MODIFIER=(lang_pol) /usr/bin/cmake --build /home/irg/irg/SemanticPolicies/ros2/build/policy_translation --target install -- -j8 -l8
